29-Jun-2023 11:40:33.468 INFO [main] org.apache.catalina.startup.VersionLoggerListener.log Nombre de la versión del servidor: Apache Tomcat/8.5.88
29-Jun-2023 11:40:33.470 INFO [main] org.apache.catalina.startup.VersionLoggerListener.log Server built:                      Apr 14 2023 20:16:27 UTC
29-Jun-2023 11:40:33.470 INFO [main] org.apache.catalina.startup.VersionLoggerListener.log Número de versión de servidor:     8.5.88.0
29-Jun-2023 11:40:33.472 INFO [main] org.apache.catalina.startup.VersionLoggerListener.log OS Name:                           Windows 11
29-Jun-2023 11:40:33.472 INFO [main] org.apache.catalina.startup.VersionLoggerListener.log Versión de Systema Operativo:      10.0
29-Jun-2023 11:40:33.472 INFO [main] org.apache.catalina.startup.VersionLoggerListener.log Arquitectura:                      amd64
29-Jun-2023 11:40:33.472 INFO [main] org.apache.catalina.startup.VersionLoggerListener.log Java Home:                         C:\Program Files\Java\jdk-18
29-Jun-2023 11:40:33.472 INFO [main] org.apache.catalina.startup.VersionLoggerListener.log JVM Version:                       18+36-2087
29-Jun-2023 11:40:33.472 INFO [main] org.apache.catalina.startup.VersionLoggerListener.log Vededor JVM:                       Oracle Corporation
29-Jun-2023 11:40:33.472 INFO [main] org.apache.catalina.startup.VersionLoggerListener.log CATALINA_BASE:                     D:\Documentos\UCH\IX-CICLO-UCH\TRABAJO GRUPAL\CALIDAD DE SOFTWARE\apache-tomcat-8.5.88
29-Jun-2023 11:40:33.472 INFO [main] org.apache.catalina.startup.VersionLoggerListener.log CATALINA_HOME:                     D:\Documentos\UCH\IX-CICLO-UCH\TRABAJO GRUPAL\CALIDAD DE SOFTWARE\apache-tomcat-8.5.88
29-Jun-2023 11:40:33.472 INFO [main] org.apache.catalina.startup.VersionLoggerListener.log Command line argument:             --add-opens=java.base/java.lang=ALL-UNNAMED
29-Jun-2023 11:40:33.473 INFO [main] org.apache.catalina.startup.VersionLoggerListener.log Command line argument:             --add-opens=java.base/java.io=ALL-UNNAMED
29-Jun-2023 11:40:33.473 INFO [main] org.apache.catalina.startup.VersionLoggerListener.log Command line argument:             --add-opens=java.base/java.util=ALL-UNNAMED
29-Jun-2023 11:40:33.473 INFO [main] org.apache.catalina.startup.VersionLoggerListener.log Command line argument:             --add-opens=java.base/java.util.concurrent=ALL-UNNAMED
29-Jun-2023 11:40:33.473 INFO [main] org.apache.catalina.startup.VersionLoggerListener.log Command line argument:             --add-opens=java.rmi/sun.rmi.transport=ALL-UNNAMED
29-Jun-2023 11:40:33.473 INFO [main] org.apache.catalina.startup.VersionLoggerListener.log Command line argument:             -Djava.util.logging.config.file=D:\Documentos\UCH\IX-CICLO-UCH\TRABAJO GRUPAL\CALIDAD DE SOFTWARE\apache-tomcat-8.5.88\conf\logging.properties
29-Jun-2023 11:40:33.473 INFO [main] org.apache.catalina.startup.VersionLoggerListener.log Command line argument:             -Djava.util.logging.manager=org.apache.juli.ClassLoaderLogManager
29-Jun-2023 11:40:33.473 INFO [main] org.apache.catalina.startup.VersionLoggerListener.log Command line argument:             -Djdk.tls.ephemeralDHKeySize=2048
29-Jun-2023 11:40:33.473 INFO [main] org.apache.catalina.startup.VersionLoggerListener.log Command line argument:             -Djava.protocol.handler.pkgs=org.apache.catalina.webresources
29-Jun-2023 11:40:33.473 INFO [main] org.apache.catalina.startup.VersionLoggerListener.log Command line argument:             -Dignore.endorsed.dirs=
29-Jun-2023 11:40:33.473 INFO [main] org.apache.catalina.startup.VersionLoggerListener.log Command line argument:             -Dcatalina.base=D:\Documentos\UCH\IX-CICLO-UCH\TRABAJO GRUPAL\CALIDAD DE SOFTWARE\apache-tomcat-8.5.88
29-Jun-2023 11:40:33.473 INFO [main] org.apache.catalina.startup.VersionLoggerListener.log Command line argument:             -Dcatalina.home=D:\Documentos\UCH\IX-CICLO-UCH\TRABAJO GRUPAL\CALIDAD DE SOFTWARE\apache-tomcat-8.5.88
29-Jun-2023 11:40:33.473 INFO [main] org.apache.catalina.startup.VersionLoggerListener.log Command line argument:             -Djava.io.tmpdir=D:\Documentos\UCH\IX-CICLO-UCH\TRABAJO GRUPAL\CALIDAD DE SOFTWARE\apache-tomcat-8.5.88\temp
29-Jun-2023 11:40:33.499 INFO [main] org.apache.catalina.core.AprLifecycleListener.lifecycleEvent Cargada la biblioteca nativa APR de Apache Tomcat [1.2.36] con la versión APR [1.7.2].
29-Jun-2023 11:40:33.499 INFO [main] org.apache.catalina.core.AprLifecycleListener.lifecycleEvent Capacidades APR: IPv6 [true], enviar fichero [true], aceptar filtros [false], aleatorio [true], UDS [{4}].
29-Jun-2023 11:40:33.499 INFO [main] org.apache.catalina.core.AprLifecycleListener.lifecycleEvent APR/OpenSSL configuration: useAprConnector [false], useOpenSSL [true]
29-Jun-2023 11:40:33.503 INFO [main] org.apache.catalina.core.AprLifecycleListener.initializeSSL OpenSSL inicializado correctamente [OpenSSL 1.1.1t  7 Feb 2023]
29-Jun-2023 11:40:33.538 INFO [main] org.apache.coyote.AbstractProtocol.init Inicializando el manejador de protocolo ["http-nio-8080"]

29-Jun-2023 11:40:33.559 INFO [main] org.apache.catalina.startup.Catalina.load Initialization processed in 491 ms
29-Jun-2023 11:40:33.598 INFO [main] org.apache.catalina.core.StandardService.startInternal Arrancando servicio [Catalina]
29-Jun-2023 11:40:33.598 INFO [main] org.apache.catalina.core.StandardEngine.startInternal Starting Servlet engine: [Apache Tomcat/8.5.88]
29-Jun-2023 11:40:33.617 INFO [localhost-startStop-1] org.apache.catalina.startup.HostConfig.deployDescriptor Desplieque del descriptor de configuración [D:\Documentos\UCH\IX-CICLO-UCH\TRABAJO GRUPAL\CALIDAD DE SOFTWARE\apache-tomcat-8.5.88\conf\Catalina\localhost\CISE.xml]
29-Jun-2023 11:40:33.638 WARNING [localhost-startStop-1] org.apache.catalina.startup.SetContextPropertiesRule.begin [SetContextPropertiesRule]{Context} Setting property 'antiJARLocking' to 'true' did not find a matching property.
29-Jun-2023 11:40:34.181 INFO [localhost-startStop-1] org.apache.jasper.servlet.TldScanner.scanJars Al menos un JAR, que se ha explorado buscando TLDs, aún no contenía TLDs. Activar historial de depuración para este historiador para una completa lista de los JARs que fueron explorados y de los que nos se halló TLDs. Saltarse JARs no necesarios durante la exploración puede dar lugar a una mejora de tiempo significativa en el arranque y compilación de JSP .
29-Jun-2023 11:40:34.232 INFO [localhost-startStop-1] org.apache.catalina.startup.HostConfig.deployDescriptor Deployment of deployment descriptor [D:\Documentos\UCH\IX-CICLO-UCH\TRABAJO GRUPAL\CALIDAD DE SOFTWARE\apache-tomcat-8.5.88\conf\Catalina\localhost\CISE.xml] has finished in [612] ms
29-Jun-2023 11:40:34.233 INFO [localhost-startStop-1] org.apache.catalina.startup.HostConfig.deployDirectory Desplegando el directorio [D:\Documentos\UCH\IX-CICLO-UCH\TRABAJO GRUPAL\CALIDAD DE SOFTWARE\apache-tomcat-8.5.88\webapps\docs] de la aplicación web
29-Jun-2023 11:40:34.294 INFO [localhost-startStop-1] org.apache.catalina.startup.HostConfig.deployDirectory Deployment of web application directory [D:\Documentos\UCH\IX-CICLO-UCH\TRABAJO GRUPAL\CALIDAD DE SOFTWARE\apache-tomcat-8.5.88\webapps\docs] has finished in [61] ms
29-Jun-2023 11:40:34.295 INFO [localhost-startStop-1] org.apache.catalina.startup.HostConfig.deployDirectory Desplegando el directorio [D:\Documentos\UCH\IX-CICLO-UCH\TRABAJO GRUPAL\CALIDAD DE SOFTWARE\apache-tomcat-8.5.88\webapps\examples] de la aplicación web
29-Jun-2023 11:40:34.736 INFO [localhost-startStop-1] org.apache.catalina.startup.HostConfig.deployDirectory Deployment of web application directory [D:\Documentos\UCH\IX-CICLO-UCH\TRABAJO GRUPAL\CALIDAD DE SOFTWARE\apache-tomcat-8.5.88\webapps\examples] has finished in [441] ms
29-Jun-2023 11:40:34.736 INFO [localhost-startStop-1] org.apache.catalina.startup.HostConfig.deployDirectory Desplegando el directorio [D:\Documentos\UCH\IX-CICLO-UCH\TRABAJO GRUPAL\CALIDAD DE SOFTWARE\apache-tomcat-8.5.88\webapps\host-manager] de la aplicación web
29-Jun-2023 11:40:34.762 INFO [localhost-startStop-1] org.apache.catalina.startup.HostConfig.deployDirectory Deployment of web application directory [D:\Documentos\UCH\IX-CICLO-UCH\TRABAJO GRUPAL\CALIDAD DE SOFTWARE\apache-tomcat-8.5.88\webapps\host-manager] has finished in [26] ms
29-Jun-2023 11:40:34.762 INFO [localhost-startStop-1] org.apache.catalina.startup.HostConfig.deployDirectory Desplegando el directorio [D:\Documentos\UCH\IX-CICLO-UCH\TRABAJO GRUPAL\CALIDAD DE SOFTWARE\apache-tomcat-8.5.88\webapps\manager] de la aplicación web
29-Jun-2023 11:40:34.825 INFO [localhost-startStop-1] org.apache.catalina.startup.HostConfig.deployDirectory Deployment of web application directory [D:\Documentos\UCH\IX-CICLO-UCH\TRABAJO GRUPAL\CALIDAD DE SOFTWARE\apache-tomcat-8.5.88\webapps\manager] has finished in [63] ms
29-Jun-2023 11:40:34.825 INFO [localhost-startStop-1] org.apache.catalina.startup.HostConfig.deployDirectory Desplegando el directorio [D:\Documentos\UCH\IX-CICLO-UCH\TRABAJO GRUPAL\CALIDAD DE SOFTWARE\apache-tomcat-8.5.88\webapps\ROOT] de la aplicación web
29-Jun-2023 11:40:34.839 INFO [localhost-startStop-1] org.apache.catalina.startup.HostConfig.deployDirectory Deployment of web application directory [D:\Documentos\UCH\IX-CICLO-UCH\TRABAJO GRUPAL\CALIDAD DE SOFTWARE\apache-tomcat-8.5.88\webapps\ROOT] has finished in [14] ms
29-Jun-2023 11:40:34.844 INFO [main] org.apache.coyote.AbstractProtocol.start Starting ProtocolHandler ["http-nio-8080"]
29-Jun-2023 11:40:34.872 INFO [main] org.apache.catalina.startup.Catalina.start Server startup in 1310 ms
29-Jun-2023 11:52:50.167 SEVERE [http-nio-8080-exec-10] org.apache.coyote.http11.Http11Processor.service Error procesando requerimiento
	java.lang.IllegalStateException: Cannot delete D:\Documentos\UCH\IX-CICLO-UCH\TRABAJO GRUPAL\CALIDAD DE SOFTWARE\apache-tomcat-8.5.88\work\Catalina\localhost\CISE\upload_e293b1df_3a0a_4482_b0eb_3c1445388787_00000033.tmp
		at org.apache.tomcat.util.http.fileupload.disk.DiskFileItem.delete(DiskFileItem.java:428)
		at org.apache.catalina.core.ApplicationPart.delete(ApplicationPart.java:53)
		at org.apache.catalina.connector.Request.recycle(Request.java:467)
		at org.apache.catalina.connector.CoyoteAdapter.service(CoyoteAdapter.java:421)
		at org.apache.coyote.http11.Http11Processor.service(Http11Processor.java:617)
		at org.apache.coyote.AbstractProcessorLight.process(AbstractProcessorLight.java:63)
		at org.apache.coyote.AbstractProtocol$ConnectionHandler.process(AbstractProtocol.java:932)
		at org.apache.tomcat.util.net.NioEndpoint$SocketProcessor.doRun(NioEndpoint.java:1695)
		at org.apache.tomcat.util.net.SocketProcessorBase.run(SocketProcessorBase.java:52)
		at org.apache.tomcat.util.threads.ThreadPoolExecutor.runWorker(ThreadPoolExecutor.java:1191)
		at org.apache.tomcat.util.threads.ThreadPoolExecutor$Worker.run(ThreadPoolExecutor.java:659)
		at org.apache.tomcat.util.threads.TaskThread$WrappingRunnable.run(TaskThread.java:61)
		at java.base/java.lang.Thread.run(Thread.java:833)
	Caused by: java.io.IOException: Cannot delete D:\Documentos\UCH\IX-CICLO-UCH\TRABAJO GRUPAL\CALIDAD DE SOFTWARE\apache-tomcat-8.5.88\work\Catalina\localhost\CISE\upload_e293b1df_3a0a_4482_b0eb_3c1445388787_00000033.tmp
		... 13 more
29-Jun-2023 11:52:50.168 SEVERE [http-nio-8080-exec-10] org.apache.coyote.AbstractProtocol$ConnectionHandler.process Error leyendo requerimiento, ignorado
	java.lang.IllegalStateException: Cannot delete D:\Documentos\UCH\IX-CICLO-UCH\TRABAJO GRUPAL\CALIDAD DE SOFTWARE\apache-tomcat-8.5.88\work\Catalina\localhost\CISE\upload_e293b1df_3a0a_4482_b0eb_3c1445388787_00000033.tmp
		at org.apache.tomcat.util.http.fileupload.disk.DiskFileItem.delete(DiskFileItem.java:428)
		at org.apache.catalina.core.ApplicationPart.delete(ApplicationPart.java:53)
		at org.apache.catalina.connector.Request.recycle(Request.java:467)
		at org.apache.catalina.connector.CoyoteAdapter.log(CoyoteAdapter.java:494)
		at org.apache.coyote.http11.Http11Processor.service(Http11Processor.java:647)
		at org.apache.coyote.AbstractProcessorLight.process(AbstractProcessorLight.java:63)
		at org.apache.coyote.AbstractProtocol$ConnectionHandler.process(AbstractProtocol.java:932)
		at org.apache.tomcat.util.net.NioEndpoint$SocketProcessor.doRun(NioEndpoint.java:1695)
		at org.apache.tomcat.util.net.SocketProcessorBase.run(SocketProcessorBase.java:52)
		at org.apache.tomcat.util.threads.ThreadPoolExecutor.runWorker(ThreadPoolExecutor.java:1191)
		at org.apache.tomcat.util.threads.ThreadPoolExecutor$Worker.run(ThreadPoolExecutor.java:659)
		at org.apache.tomcat.util.threads.TaskThread$WrappingRunnable.run(TaskThread.java:61)
		at java.base/java.lang.Thread.run(Thread.java:833)
	Caused by: java.io.IOException: Cannot delete D:\Documentos\UCH\IX-CICLO-UCH\TRABAJO GRUPAL\CALIDAD DE SOFTWARE\apache-tomcat-8.5.88\work\Catalina\localhost\CISE\upload_e293b1df_3a0a_4482_b0eb_3c1445388787_00000033.tmp
		... 13 more
29-Jun-2023 11:52:50.168 SEVERE [http-nio-8080-exec-10] org.apache.tomcat.util.net.NioEndpoint$SocketProcessor.doRun Error running socket processor
	java.lang.IllegalStateException: Cannot delete D:\Documentos\UCH\IX-CICLO-UCH\TRABAJO GRUPAL\CALIDAD DE SOFTWARE\apache-tomcat-8.5.88\work\Catalina\localhost\CISE\upload_e293b1df_3a0a_4482_b0eb_3c1445388787_00000033.tmp
		at org.apache.tomcat.util.http.fileupload.disk.DiskFileItem.delete(DiskFileItem.java:428)
		at org.apache.catalina.core.ApplicationPart.delete(ApplicationPart.java:53)
		at org.apache.catalina.connector.Request.recycle(Request.java:467)
		at org.apache.catalina.connector.CoyoteAdapter.log(CoyoteAdapter.java:494)
		at org.apache.catalina.connector.CoyoteAdapter.checkRecycled(CoyoteAdapter.java:517)
		at org.apache.coyote.http11.Http11Processor.recycle(Http11Processor.java:1609)
		at org.apache.coyote.AbstractProtocol$ConnectionHandler.release(AbstractProtocol.java:1123)
		at org.apache.coyote.AbstractProtocol$ConnectionHandler.process(AbstractProtocol.java:1084)
		at org.apache.tomcat.util.net.NioEndpoint$SocketProcessor.doRun(NioEndpoint.java:1695)
		at org.apache.tomcat.util.net.SocketProcessorBase.run(SocketProcessorBase.java:52)
		at org.apache.tomcat.util.threads.ThreadPoolExecutor.runWorker(ThreadPoolExecutor.java:1191)
		at org.apache.tomcat.util.threads.ThreadPoolExecutor$Worker.run(ThreadPoolExecutor.java:659)
		at org.apache.tomcat.util.threads.TaskThread$WrappingRunnable.run(TaskThread.java:61)
		at java.base/java.lang.Thread.run(Thread.java:833)
	Caused by: java.io.IOException: Cannot delete D:\Documentos\UCH\IX-CICLO-UCH\TRABAJO GRUPAL\CALIDAD DE SOFTWARE\apache-tomcat-8.5.88\work\Catalina\localhost\CISE\upload_e293b1df_3a0a_4482_b0eb_3c1445388787_00000033.tmp
		... 14 more
29-Jun-2023 11:58:57.981 SEVERE [http-nio-8080-exec-6] org.apache.coyote.http11.Http11Processor.service Error procesando requerimiento
	java.lang.IllegalStateException: Cannot delete D:\Documentos\UCH\IX-CICLO-UCH\TRABAJO GRUPAL\CALIDAD DE SOFTWARE\apache-tomcat-8.5.88\work\Catalina\localhost\CISE\upload_e293b1df_3a0a_4482_b0eb_3c1445388787_00000069.tmp
		at org.apache.tomcat.util.http.fileupload.disk.DiskFileItem.delete(DiskFileItem.java:428)
		at org.apache.catalina.core.ApplicationPart.delete(ApplicationPart.java:53)
		at org.apache.catalina.connector.Request.recycle(Request.java:467)
		at org.apache.catalina.connector.CoyoteAdapter.service(CoyoteAdapter.java:421)
		at org.apache.coyote.http11.Http11Processor.service(Http11Processor.java:617)
		at org.apache.coyote.AbstractProcessorLight.process(AbstractProcessorLight.java:63)
		at org.apache.coyote.AbstractProtocol$ConnectionHandler.process(AbstractProtocol.java:932)
		at org.apache.tomcat.util.net.NioEndpoint$SocketProcessor.doRun(NioEndpoint.java:1695)
		at org.apache.tomcat.util.net.SocketProcessorBase.run(SocketProcessorBase.java:52)
		at org.apache.tomcat.util.threads.ThreadPoolExecutor.runWorker(ThreadPoolExecutor.java:1191)
		at org.apache.tomcat.util.threads.ThreadPoolExecutor$Worker.run(ThreadPoolExecutor.java:659)
		at org.apache.tomcat.util.threads.TaskThread$WrappingRunnable.run(TaskThread.java:61)
		at java.base/java.lang.Thread.run(Thread.java:833)
	Caused by: java.io.IOException: Cannot delete D:\Documentos\UCH\IX-CICLO-UCH\TRABAJO GRUPAL\CALIDAD DE SOFTWARE\apache-tomcat-8.5.88\work\Catalina\localhost\CISE\upload_e293b1df_3a0a_4482_b0eb_3c1445388787_00000069.tmp
		... 13 more
29-Jun-2023 11:58:57.982 SEVERE [http-nio-8080-exec-6] org.apache.coyote.AbstractProtocol$ConnectionHandler.process Error leyendo requerimiento, ignorado
	java.lang.IllegalStateException: Cannot delete D:\Documentos\UCH\IX-CICLO-UCH\TRABAJO GRUPAL\CALIDAD DE SOFTWARE\apache-tomcat-8.5.88\work\Catalina\localhost\CISE\upload_e293b1df_3a0a_4482_b0eb_3c1445388787_00000069.tmp
		at org.apache.tomcat.util.http.fileupload.disk.DiskFileItem.delete(DiskFileItem.java:428)
		at org.apache.catalina.core.ApplicationPart.delete(ApplicationPart.java:53)
		at org.apache.catalina.connector.Request.recycle(Request.java:467)
		at org.apache.catalina.connector.CoyoteAdapter.log(CoyoteAdapter.java:494)
		at org.apache.coyote.http11.Http11Processor.service(Http11Processor.java:647)
		at org.apache.coyote.AbstractProcessorLight.process(AbstractProcessorLight.java:63)
		at org.apache.coyote.AbstractProtocol$ConnectionHandler.process(AbstractProtocol.java:932)
		at org.apache.tomcat.util.net.NioEndpoint$SocketProcessor.doRun(NioEndpoint.java:1695)
		at org.apache.tomcat.util.net.SocketProcessorBase.run(SocketProcessorBase.java:52)
		at org.apache.tomcat.util.threads.ThreadPoolExecutor.runWorker(ThreadPoolExecutor.java:1191)
		at org.apache.tomcat.util.threads.ThreadPoolExecutor$Worker.run(ThreadPoolExecutor.java:659)
		at org.apache.tomcat.util.threads.TaskThread$WrappingRunnable.run(TaskThread.java:61)
		at java.base/java.lang.Thread.run(Thread.java:833)
	Caused by: java.io.IOException: Cannot delete D:\Documentos\UCH\IX-CICLO-UCH\TRABAJO GRUPAL\CALIDAD DE SOFTWARE\apache-tomcat-8.5.88\work\Catalina\localhost\CISE\upload_e293b1df_3a0a_4482_b0eb_3c1445388787_00000069.tmp
		... 13 more
29-Jun-2023 11:58:57.983 SEVERE [http-nio-8080-exec-6] org.apache.tomcat.util.net.NioEndpoint$SocketProcessor.doRun Error running socket processor
	java.lang.IllegalStateException: Cannot delete D:\Documentos\UCH\IX-CICLO-UCH\TRABAJO GRUPAL\CALIDAD DE SOFTWARE\apache-tomcat-8.5.88\work\Catalina\localhost\CISE\upload_e293b1df_3a0a_4482_b0eb_3c1445388787_00000069.tmp
		at org.apache.tomcat.util.http.fileupload.disk.DiskFileItem.delete(DiskFileItem.java:428)
		at org.apache.catalina.core.ApplicationPart.delete(ApplicationPart.java:53)
		at org.apache.catalina.connector.Request.recycle(Request.java:467)
		at org.apache.catalina.connector.CoyoteAdapter.log(CoyoteAdapter.java:494)
		at org.apache.catalina.connector.CoyoteAdapter.checkRecycled(CoyoteAdapter.java:517)
		at org.apache.coyote.http11.Http11Processor.recycle(Http11Processor.java:1609)
		at org.apache.coyote.AbstractProtocol$ConnectionHandler.release(AbstractProtocol.java:1123)
		at org.apache.coyote.AbstractProtocol$ConnectionHandler.process(AbstractProtocol.java:1084)
		at org.apache.tomcat.util.net.NioEndpoint$SocketProcessor.doRun(NioEndpoint.java:1695)
		at org.apache.tomcat.util.net.SocketProcessorBase.run(SocketProcessorBase.java:52)
		at org.apache.tomcat.util.threads.ThreadPoolExecutor.runWorker(ThreadPoolExecutor.java:1191)
		at org.apache.tomcat.util.threads.ThreadPoolExecutor$Worker.run(ThreadPoolExecutor.java:659)
		at org.apache.tomcat.util.threads.TaskThread$WrappingRunnable.run(TaskThread.java:61)
		at java.base/java.lang.Thread.run(Thread.java:833)
	Caused by: java.io.IOException: Cannot delete D:\Documentos\UCH\IX-CICLO-UCH\TRABAJO GRUPAL\CALIDAD DE SOFTWARE\apache-tomcat-8.5.88\work\Catalina\localhost\CISE\upload_e293b1df_3a0a_4482_b0eb_3c1445388787_00000069.tmp
		... 14 more
29-Jun-2023 11:59:54.570 INFO [http-nio-8080-exec-8] org.apache.catalina.core.StandardContext.reload Ha comenzado la recarga de Contexto [/CISE]
29-Jun-2023 11:59:54.592 WARNING [http-nio-8080-exec-8] org.apache.catalina.loader.WebappClassLoaderBase.clearReferencesJdbc La aplicación web [CISE] registró el conductor JDBC [com.microsoft.sqlserver.jdbc.SQLServerDriver] pero falló al anular el registro mientras la aplicación web estaba parada. Para prevenir un fallo de memoria, se ha anulado el registro del conductor JDBC por la fuerza.
29-Jun-2023 11:59:54.847 INFO [http-nio-8080-exec-8] org.apache.jasper.servlet.TldScanner.scanJars Al menos un JAR, que se ha explorado buscando TLDs, aún no contenía TLDs. Activar historial de depuración para este historiador para una completa lista de los JARs que fueron explorados y de los que nos se halló TLDs. Saltarse JARs no necesarios durante la exploración puede dar lugar a una mejora de tiempo significativa en el arranque y compilación de JSP .
29-Jun-2023 11:59:54.868 INFO [http-nio-8080-exec-8] org.apache.catalina.core.StandardContext.reload Se ha completado la recarga de este Contexto
29-Jun-2023 12:04:48.843 SEVERE [http-nio-8080-exec-16] org.apache.coyote.http11.Http11Processor.service Error procesando requerimiento
	java.lang.IllegalStateException: Cannot delete D:\Documentos\UCH\IX-CICLO-UCH\TRABAJO GRUPAL\CALIDAD DE SOFTWARE\apache-tomcat-8.5.88\work\Catalina\localhost\CISE\upload_e293b1df_3a0a_4482_b0eb_3c1445388787_00000105.tmp
		at org.apache.tomcat.util.http.fileupload.disk.DiskFileItem.delete(DiskFileItem.java:428)
		at org.apache.catalina.core.ApplicationPart.delete(ApplicationPart.java:53)
		at org.apache.catalina.connector.Request.recycle(Request.java:467)
		at org.apache.catalina.connector.CoyoteAdapter.service(CoyoteAdapter.java:421)
		at org.apache.coyote.http11.Http11Processor.service(Http11Processor.java:617)
		at org.apache.coyote.AbstractProcessorLight.process(AbstractProcessorLight.java:63)
		at org.apache.coyote.AbstractProtocol$ConnectionHandler.process(AbstractProtocol.java:932)
		at org.apache.tomcat.util.net.NioEndpoint$SocketProcessor.doRun(NioEndpoint.java:1695)
		at org.apache.tomcat.util.net.SocketProcessorBase.run(SocketProcessorBase.java:52)
		at org.apache.tomcat.util.threads.ThreadPoolExecutor.runWorker(ThreadPoolExecutor.java:1191)
		at org.apache.tomcat.util.threads.ThreadPoolExecutor$Worker.run(ThreadPoolExecutor.java:659)
		at org.apache.tomcat.util.threads.TaskThread$WrappingRunnable.run(TaskThread.java:61)
		at java.base/java.lang.Thread.run(Thread.java:833)
	Caused by: java.io.IOException: Cannot delete D:\Documentos\UCH\IX-CICLO-UCH\TRABAJO GRUPAL\CALIDAD DE SOFTWARE\apache-tomcat-8.5.88\work\Catalina\localhost\CISE\upload_e293b1df_3a0a_4482_b0eb_3c1445388787_00000105.tmp
		... 13 more
29-Jun-2023 12:04:48.845 SEVERE [http-nio-8080-exec-16] org.apache.coyote.AbstractProtocol$ConnectionHandler.process Error leyendo requerimiento, ignorado
	java.lang.IllegalStateException: Cannot delete D:\Documentos\UCH\IX-CICLO-UCH\TRABAJO GRUPAL\CALIDAD DE SOFTWARE\apache-tomcat-8.5.88\work\Catalina\localhost\CISE\upload_e293b1df_3a0a_4482_b0eb_3c1445388787_00000105.tmp
		at org.apache.tomcat.util.http.fileupload.disk.DiskFileItem.delete(DiskFileItem.java:428)
		at org.apache.catalina.core.ApplicationPart.delete(ApplicationPart.java:53)
		at org.apache.catalina.connector.Request.recycle(Request.java:467)
		at org.apache.catalina.connector.CoyoteAdapter.log(CoyoteAdapter.java:494)
		at org.apache.coyote.http11.Http11Processor.service(Http11Processor.java:647)
		at org.apache.coyote.AbstractProcessorLight.process(AbstractProcessorLight.java:63)
		at org.apache.coyote.AbstractProtocol$ConnectionHandler.process(AbstractProtocol.java:932)
		at org.apache.tomcat.util.net.NioEndpoint$SocketProcessor.doRun(NioEndpoint.java:1695)
		at org.apache.tomcat.util.net.SocketProcessorBase.run(SocketProcessorBase.java:52)
		at org.apache.tomcat.util.threads.ThreadPoolExecutor.runWorker(ThreadPoolExecutor.java:1191)
		at org.apache.tomcat.util.threads.ThreadPoolExecutor$Worker.run(ThreadPoolExecutor.java:659)
		at org.apache.tomcat.util.threads.TaskThread$WrappingRunnable.run(TaskThread.java:61)
		at java.base/java.lang.Thread.run(Thread.java:833)
	Caused by: java.io.IOException: Cannot delete D:\Documentos\UCH\IX-CICLO-UCH\TRABAJO GRUPAL\CALIDAD DE SOFTWARE\apache-tomcat-8.5.88\work\Catalina\localhost\CISE\upload_e293b1df_3a0a_4482_b0eb_3c1445388787_00000105.tmp
		... 13 more
29-Jun-2023 12:04:48.845 SEVERE [http-nio-8080-exec-16] org.apache.tomcat.util.net.NioEndpoint$SocketProcessor.doRun Error running socket processor
	java.lang.IllegalStateException: Cannot delete D:\Documentos\UCH\IX-CICLO-UCH\TRABAJO GRUPAL\CALIDAD DE SOFTWARE\apache-tomcat-8.5.88\work\Catalina\localhost\CISE\upload_e293b1df_3a0a_4482_b0eb_3c1445388787_00000105.tmp
		at org.apache.tomcat.util.http.fileupload.disk.DiskFileItem.delete(DiskFileItem.java:428)
		at org.apache.catalina.core.ApplicationPart.delete(ApplicationPart.java:53)
		at org.apache.catalina.connector.Request.recycle(Request.java:467)
		at org.apache.catalina.connector.CoyoteAdapter.log(CoyoteAdapter.java:494)
		at org.apache.catalina.connector.CoyoteAdapter.checkRecycled(CoyoteAdapter.java:517)
		at org.apache.coyote.http11.Http11Processor.recycle(Http11Processor.java:1609)
		at org.apache.coyote.AbstractProtocol$ConnectionHandler.release(AbstractProtocol.java:1123)
		at org.apache.coyote.AbstractProtocol$ConnectionHandler.process(AbstractProtocol.java:1084)
		at org.apache.tomcat.util.net.NioEndpoint$SocketProcessor.doRun(NioEndpoint.java:1695)
		at org.apache.tomcat.util.net.SocketProcessorBase.run(SocketProcessorBase.java:52)
		at org.apache.tomcat.util.threads.ThreadPoolExecutor.runWorker(ThreadPoolExecutor.java:1191)
		at org.apache.tomcat.util.threads.ThreadPoolExecutor$Worker.run(ThreadPoolExecutor.java:659)
		at org.apache.tomcat.util.threads.TaskThread$WrappingRunnable.run(TaskThread.java:61)
		at java.base/java.lang.Thread.run(Thread.java:833)
	Caused by: java.io.IOException: Cannot delete D:\Documentos\UCH\IX-CICLO-UCH\TRABAJO GRUPAL\CALIDAD DE SOFTWARE\apache-tomcat-8.5.88\work\Catalina\localhost\CISE\upload_e293b1df_3a0a_4482_b0eb_3c1445388787_00000105.tmp
		... 14 more
29-Jun-2023 12:07:01.789 SEVERE [http-nio-8080-exec-20] org.apache.coyote.http11.Http11Processor.service Error procesando requerimiento
	java.lang.IllegalStateException: Cannot delete D:\Documentos\UCH\IX-CICLO-UCH\TRABAJO GRUPAL\CALIDAD DE SOFTWARE\apache-tomcat-8.5.88\work\Catalina\localhost\CISE\upload_e293b1df_3a0a_4482_b0eb_3c1445388787_00000141.tmp
		at org.apache.tomcat.util.http.fileupload.disk.DiskFileItem.delete(DiskFileItem.java:428)
		at org.apache.catalina.core.ApplicationPart.delete(ApplicationPart.java:53)
		at org.apache.catalina.connector.Request.recycle(Request.java:467)
		at org.apache.catalina.connector.CoyoteAdapter.service(CoyoteAdapter.java:421)
		at org.apache.coyote.http11.Http11Processor.service(Http11Processor.java:617)
		at org.apache.coyote.AbstractProcessorLight.process(AbstractProcessorLight.java:63)
		at org.apache.coyote.AbstractProtocol$ConnectionHandler.process(AbstractProtocol.java:932)
		at org.apache.tomcat.util.net.NioEndpoint$SocketProcessor.doRun(NioEndpoint.java:1695)
		at org.apache.tomcat.util.net.SocketProcessorBase.run(SocketProcessorBase.java:52)
		at org.apache.tomcat.util.threads.ThreadPoolExecutor.runWorker(ThreadPoolExecutor.java:1191)
		at org.apache.tomcat.util.threads.ThreadPoolExecutor$Worker.run(ThreadPoolExecutor.java:659)
		at org.apache.tomcat.util.threads.TaskThread$WrappingRunnable.run(TaskThread.java:61)
		at java.base/java.lang.Thread.run(Thread.java:833)
	Caused by: java.io.IOException: Cannot delete D:\Documentos\UCH\IX-CICLO-UCH\TRABAJO GRUPAL\CALIDAD DE SOFTWARE\apache-tomcat-8.5.88\work\Catalina\localhost\CISE\upload_e293b1df_3a0a_4482_b0eb_3c1445388787_00000141.tmp
		... 13 more
29-Jun-2023 12:07:01.790 SEVERE [http-nio-8080-exec-20] org.apache.coyote.AbstractProtocol$ConnectionHandler.process Error leyendo requerimiento, ignorado
	java.lang.IllegalStateException: Cannot delete D:\Documentos\UCH\IX-CICLO-UCH\TRABAJO GRUPAL\CALIDAD DE SOFTWARE\apache-tomcat-8.5.88\work\Catalina\localhost\CISE\upload_e293b1df_3a0a_4482_b0eb_3c1445388787_00000141.tmp
		at org.apache.tomcat.util.http.fileupload.disk.DiskFileItem.delete(DiskFileItem.java:428)
		at org.apache.catalina.core.ApplicationPart.delete(ApplicationPart.java:53)
		at org.apache.catalina.connector.Request.recycle(Request.java:467)
		at org.apache.catalina.connector.CoyoteAdapter.log(CoyoteAdapter.java:494)
		at org.apache.coyote.http11.Http11Processor.service(Http11Processor.java:647)
		at org.apache.coyote.AbstractProcessorLight.process(AbstractProcessorLight.java:63)
		at org.apache.coyote.AbstractProtocol$ConnectionHandler.process(AbstractProtocol.java:932)
		at org.apache.tomcat.util.net.NioEndpoint$SocketProcessor.doRun(NioEndpoint.java:1695)
		at org.apache.tomcat.util.net.SocketProcessorBase.run(SocketProcessorBase.java:52)
		at org.apache.tomcat.util.threads.ThreadPoolExecutor.runWorker(ThreadPoolExecutor.java:1191)
		at org.apache.tomcat.util.threads.ThreadPoolExecutor$Worker.run(ThreadPoolExecutor.java:659)
		at org.apache.tomcat.util.threads.TaskThread$WrappingRunnable.run(TaskThread.java:61)
		at java.base/java.lang.Thread.run(Thread.java:833)
	Caused by: java.io.IOException: Cannot delete D:\Documentos\UCH\IX-CICLO-UCH\TRABAJO GRUPAL\CALIDAD DE SOFTWARE\apache-tomcat-8.5.88\work\Catalina\localhost\CISE\upload_e293b1df_3a0a_4482_b0eb_3c1445388787_00000141.tmp
		... 13 more
29-Jun-2023 12:07:01.790 SEVERE [http-nio-8080-exec-20] org.apache.tomcat.util.net.NioEndpoint$SocketProcessor.doRun Error running socket processor
	java.lang.IllegalStateException: Cannot delete D:\Documentos\UCH\IX-CICLO-UCH\TRABAJO GRUPAL\CALIDAD DE SOFTWARE\apache-tomcat-8.5.88\work\Catalina\localhost\CISE\upload_e293b1df_3a0a_4482_b0eb_3c1445388787_00000141.tmp
		at org.apache.tomcat.util.http.fileupload.disk.DiskFileItem.delete(DiskFileItem.java:428)
		at org.apache.catalina.core.ApplicationPart.delete(ApplicationPart.java:53)
		at org.apache.catalina.connector.Request.recycle(Request.java:467)
		at org.apache.catalina.connector.CoyoteAdapter.log(CoyoteAdapter.java:494)
		at org.apache.catalina.connector.CoyoteAdapter.checkRecycled(CoyoteAdapter.java:517)
		at org.apache.coyote.http11.Http11Processor.recycle(Http11Processor.java:1609)
		at org.apache.coyote.AbstractProtocol$ConnectionHandler.release(AbstractProtocol.java:1123)
		at org.apache.coyote.AbstractProtocol$ConnectionHandler.process(AbstractProtocol.java:1084)
		at org.apache.tomcat.util.net.NioEndpoint$SocketProcessor.doRun(NioEndpoint.java:1695)
		at org.apache.tomcat.util.net.SocketProcessorBase.run(SocketProcessorBase.java:52)
		at org.apache.tomcat.util.threads.ThreadPoolExecutor.runWorker(ThreadPoolExecutor.java:1191)
		at org.apache.tomcat.util.threads.ThreadPoolExecutor$Worker.run(ThreadPoolExecutor.java:659)
		at org.apache.tomcat.util.threads.TaskThread$WrappingRunnable.run(TaskThread.java:61)
		at java.base/java.lang.Thread.run(Thread.java:833)
	Caused by: java.io.IOException: Cannot delete D:\Documentos\UCH\IX-CICLO-UCH\TRABAJO GRUPAL\CALIDAD DE SOFTWARE\apache-tomcat-8.5.88\work\Catalina\localhost\CISE\upload_e293b1df_3a0a_4482_b0eb_3c1445388787_00000141.tmp
		... 14 more
29-Jun-2023 15:10:45.580 INFO [http-nio-8080-exec-17] org.apache.catalina.core.StandardContext.reload Ha comenzado la recarga de Contexto [/CISE]
29-Jun-2023 15:10:45.587 WARNING [http-nio-8080-exec-17] org.apache.catalina.loader.WebappClassLoaderBase.clearReferencesJdbc La aplicación web [CISE] registró el conductor JDBC [com.microsoft.sqlserver.jdbc.SQLServerDriver] pero falló al anular el registro mientras la aplicación web estaba parada. Para prevenir un fallo de memoria, se ha anulado el registro del conductor JDBC por la fuerza.
29-Jun-2023 15:10:45.975 INFO [http-nio-8080-exec-17] org.apache.jasper.servlet.TldScanner.scanJars Al menos un JAR, que se ha explorado buscando TLDs, aún no contenía TLDs. Activar historial de depuración para este historiador para una completa lista de los JARs que fueron explorados y de los que nos se halló TLDs. Saltarse JARs no necesarios durante la exploración puede dar lugar a una mejora de tiempo significativa en el arranque y compilación de JSP .
29-Jun-2023 15:10:45.998 INFO [http-nio-8080-exec-17] org.apache.catalina.core.StandardContext.reload Se ha completado la recarga de este Contexto
29-Jun-2023 15:36:10.905 INFO [http-nio-8080-exec-22] org.apache.catalina.core.StandardContext.reload Ha comenzado la recarga de Contexto [/CISE]
29-Jun-2023 15:36:10.908 WARNING [http-nio-8080-exec-22] org.apache.catalina.loader.WebappClassLoaderBase.clearReferencesJdbc La aplicación web [CISE] registró el conductor JDBC [com.microsoft.sqlserver.jdbc.SQLServerDriver] pero falló al anular el registro mientras la aplicación web estaba parada. Para prevenir un fallo de memoria, se ha anulado el registro del conductor JDBC por la fuerza.
29-Jun-2023 15:36:11.118 INFO [http-nio-8080-exec-22] org.apache.jasper.servlet.TldScanner.scanJars Al menos un JAR, que se ha explorado buscando TLDs, aún no contenía TLDs. Activar historial de depuración para este historiador para una completa lista de los JARs que fueron explorados y de los que nos se halló TLDs. Saltarse JARs no necesarios durante la exploración puede dar lugar a una mejora de tiempo significativa en el arranque y compilación de JSP .
29-Jun-2023 15:36:11.133 INFO [http-nio-8080-exec-22] org.apache.catalina.core.StandardContext.reload Se ha completado la recarga de este Contexto
29-Jun-2023 15:42:08.117 INFO [http-nio-8080-exec-33] org.apache.catalina.core.StandardContext.reload Ha comenzado la recarga de Contexto [/CISE]
29-Jun-2023 15:42:08.197 WARNING [http-nio-8080-exec-33] org.apache.catalina.loader.WebappClassLoaderBase.clearReferencesJdbc La aplicación web [CISE] registró el conductor JDBC [com.microsoft.sqlserver.jdbc.SQLServerDriver] pero falló al anular el registro mientras la aplicación web estaba parada. Para prevenir un fallo de memoria, se ha anulado el registro del conductor JDBC por la fuerza.
29-Jun-2023 15:42:08.554 INFO [http-nio-8080-exec-33] org.apache.jasper.servlet.TldScanner.scanJars Al menos un JAR, que se ha explorado buscando TLDs, aún no contenía TLDs. Activar historial de depuración para este historiador para una completa lista de los JARs que fueron explorados y de los que nos se halló TLDs. Saltarse JARs no necesarios durante la exploración puede dar lugar a una mejora de tiempo significativa en el arranque y compilación de JSP .
29-Jun-2023 15:42:08.566 INFO [http-nio-8080-exec-33] org.apache.catalina.core.StandardContext.reload Se ha completado la recarga de este Contexto
29-Jun-2023 15:47:28.789 INFO [http-nio-8080-exec-48] org.apache.catalina.core.StandardContext.reload Ha comenzado la recarga de Contexto [/CISE]
29-Jun-2023 15:47:28.791 WARNING [http-nio-8080-exec-48] org.apache.catalina.loader.WebappClassLoaderBase.clearReferencesJdbc La aplicación web [CISE] registró el conductor JDBC [com.microsoft.sqlserver.jdbc.SQLServerDriver] pero falló al anular el registro mientras la aplicación web estaba parada. Para prevenir un fallo de memoria, se ha anulado el registro del conductor JDBC por la fuerza.
29-Jun-2023 15:47:28.999 INFO [http-nio-8080-exec-48] org.apache.jasper.servlet.TldScanner.scanJars Al menos un JAR, que se ha explorado buscando TLDs, aún no contenía TLDs. Activar historial de depuración para este historiador para una completa lista de los JARs que fueron explorados y de los que nos se halló TLDs. Saltarse JARs no necesarios durante la exploración puede dar lugar a una mejora de tiempo significativa en el arranque y compilación de JSP .
29-Jun-2023 15:47:29.011 INFO [http-nio-8080-exec-48] org.apache.catalina.core.StandardContext.reload Se ha completado la recarga de este Contexto
29-Jun-2023 16:59:54.557 INFO [http-nio-8080-exec-58] org.apache.catalina.core.StandardContext.reload Ha comenzado la recarga de Contexto [/CISE]
29-Jun-2023 16:59:54.564 WARNING [http-nio-8080-exec-58] org.apache.catalina.loader.WebappClassLoaderBase.clearReferencesJdbc La aplicación web [CISE] registró el conductor JDBC [com.microsoft.sqlserver.jdbc.SQLServerDriver] pero falló al anular el registro mientras la aplicación web estaba parada. Para prevenir un fallo de memoria, se ha anulado el registro del conductor JDBC por la fuerza.
29-Jun-2023 16:59:54.811 INFO [http-nio-8080-exec-58] org.apache.jasper.servlet.TldScanner.scanJars Al menos un JAR, que se ha explorado buscando TLDs, aún no contenía TLDs. Activar historial de depuración para este historiador para una completa lista de los JARs que fueron explorados y de los que nos se halló TLDs. Saltarse JARs no necesarios durante la exploración puede dar lugar a una mejora de tiempo significativa en el arranque y compilación de JSP .
29-Jun-2023 16:59:54.826 INFO [http-nio-8080-exec-58] org.apache.catalina.core.StandardContext.reload Se ha completado la recarga de este Contexto
29-Jun-2023 17:03:47.336 WARNING [http-nio-8080-exec-69] org.apache.catalina.webresources.AbstractFileResourceSet.logIgnoredSymlink Resource for web application [/CISE] at path [/...] was not loaded as the canonical path [/] did not match. Use of symlinks is one possible cause.
29-Jun-2023 17:05:30.220 WARNING [http-nio-8080-exec-63] org.apache.catalina.webresources.AbstractFileResourceSet.logIgnoredSymlink Resource for web application [/CISE] at path [/...] was not loaded as the canonical path [/] did not match. Use of symlinks is one possible cause.
29-Jun-2023 23:26:10.472 INFO [http-nio-8080-exec-70] org.apache.catalina.core.StandardContext.reload Ha comenzado la recarga de Contexto [/CISE]
29-Jun-2023 23:26:10.481 WARNING [http-nio-8080-exec-70] org.apache.catalina.loader.WebappClassLoaderBase.clearReferencesJdbc La aplicación web [CISE] registró el conductor JDBC [com.microsoft.sqlserver.jdbc.SQLServerDriver] pero falló al anular el registro mientras la aplicación web estaba parada. Para prevenir un fallo de memoria, se ha anulado el registro del conductor JDBC por la fuerza.
29-Jun-2023 23:26:11.097 INFO [http-nio-8080-exec-70] org.apache.jasper.servlet.TldScanner.scanJars Al menos un JAR, que se ha explorado buscando TLDs, aún no contenía TLDs. Activar historial de depuración para este historiador para una completa lista de los JARs que fueron explorados y de los que nos se halló TLDs. Saltarse JARs no necesarios durante la exploración puede dar lugar a una mejora de tiempo significativa en el arranque y compilación de JSP .
29-Jun-2023 23:26:11.123 INFO [http-nio-8080-exec-70] org.apache.catalina.core.StandardContext.reload Se ha completado la recarga de este Contexto
29-Jun-2023 23:26:51.861 INFO [http-nio-8080-exec-69] org.apache.catalina.core.StandardContext.reload Ha comenzado la recarga de Contexto [/CISE]
29-Jun-2023 23:26:52.060 INFO [http-nio-8080-exec-69] org.apache.jasper.servlet.TldScanner.scanJars Al menos un JAR, que se ha explorado buscando TLDs, aún no contenía TLDs. Activar historial de depuración para este historiador para una completa lista de los JARs que fueron explorados y de los que nos se halló TLDs. Saltarse JARs no necesarios durante la exploración puede dar lugar a una mejora de tiempo significativa en el arranque y compilación de JSP .
29-Jun-2023 23:26:52.066 INFO [http-nio-8080-exec-69] org.apache.catalina.core.StandardContext.reload Se ha completado la recarga de este Contexto
