11-May-2023 01:51:11.367 INFO [main] org.apache.catalina.core.StandardServer.await Se ha recibido un comando de apagado a través del puerto de apagado. Parando la instancia del Servidor.
11-May-2023 01:51:11.395 INFO [main] org.apache.coyote.AbstractProtocol.pause Pausing ProtocolHandler ["http-nio-8080"]
11-May-2023 01:51:11.421 INFO [main] org.apache.catalina.core.StandardService.stopInternal Parando servicio [Catalina]
11-May-2023 01:51:11.885 WARNING [localhost-startStop-2] org.apache.catalina.loader.WebappClassLoaderBase.clearReferencesJdbc La aplicación web [CISE] registró el conductor JDBC [com.microsoft.sqlserver.jdbc.SQLServerDriver] pero falló al anular el registro mientras la aplicación web estaba parada. Para prevenir un fallo de memoria, se ha anulado el registro del conductor JDBC por la fuerza.
11-May-2023 01:51:11.889 SEVERE [localhost-startStop-2] org.apache.catalina.loader.WebappClassLoaderBase.checkThreadLocalMapForLeaks La aplicación web [CISE] creó un ThreadLocal con clave del tipo [com.microsoft.sqlserver.jdbc.ActivityCorrelator$1] (valor [com.microsoft.sqlserver.jdbc.ActivityCorrelator$1@12065429]) y un valor del tipo [com.microsoft.sqlserver.jdbc.ActivityId] (valor [6d3f195d-7722-4632-9709-4ddeb27fc972-4]) pero no pudo quitarlo cuando la aplicación web se paró. Los hilos se van a renovar con el tiempo para intentar evitar in posible fallo de memoria.
11-May-2023 01:51:11.890 SEVERE [localhost-startStop-2] org.apache.catalina.loader.WebappClassLoaderBase.checkThreadLocalMapForLeaks La aplicación web [CISE] creó un ThreadLocal con clave del tipo [com.microsoft.sqlserver.jdbc.ActivityCorrelator$1] (valor [com.microsoft.sqlserver.jdbc.ActivityCorrelator$1@12065429]) y un valor del tipo [com.microsoft.sqlserver.jdbc.ActivityId] (valor [f244fc8e-0489-45fc-8739-81dd8c72d3de-3]) pero no pudo quitarlo cuando la aplicación web se paró. Los hilos se van a renovar con el tiempo para intentar evitar in posible fallo de memoria.
11-May-2023 01:51:11.890 SEVERE [localhost-startStop-2] org.apache.catalina.loader.WebappClassLoaderBase.checkThreadLocalMapForLeaks La aplicación web [CISE] creó un ThreadLocal con clave del tipo [com.microsoft.sqlserver.jdbc.ActivityCorrelator$1] (valor [com.microsoft.sqlserver.jdbc.ActivityCorrelator$1@12065429]) y un valor del tipo [com.microsoft.sqlserver.jdbc.ActivityId] (valor [a47a60dc-fe8c-46d9-9dd4-9334ee9ff109-1]) pero no pudo quitarlo cuando la aplicación web se paró. Los hilos se van a renovar con el tiempo para intentar evitar in posible fallo de memoria.
11-May-2023 01:51:11.890 SEVERE [localhost-startStop-2] org.apache.catalina.loader.WebappClassLoaderBase.checkThreadLocalMapForLeaks La aplicación web [CISE] creó un ThreadLocal con clave del tipo [com.microsoft.sqlserver.jdbc.ActivityCorrelator$1] (valor [com.microsoft.sqlserver.jdbc.ActivityCorrelator$1@12065429]) y un valor del tipo [com.microsoft.sqlserver.jdbc.ActivityId] (valor [3e94bc8a-daca-43bc-b380-b3dfa94c23e0-1]) pero no pudo quitarlo cuando la aplicación web se paró. Los hilos se van a renovar con el tiempo para intentar evitar in posible fallo de memoria.
11-May-2023 01:51:11.890 SEVERE [localhost-startStop-2] org.apache.catalina.loader.WebappClassLoaderBase.checkThreadLocalMapForLeaks La aplicación web [CISE] creó un ThreadLocal con clave del tipo [com.microsoft.sqlserver.jdbc.ActivityCorrelator$1] (valor [com.microsoft.sqlserver.jdbc.ActivityCorrelator$1@12065429]) y un valor del tipo [com.microsoft.sqlserver.jdbc.ActivityId] (valor [81de7c13-5c08-492b-9e7f-876f76bc160d-2]) pero no pudo quitarlo cuando la aplicación web se paró. Los hilos se van a renovar con el tiempo para intentar evitar in posible fallo de memoria.
11-May-2023 01:51:11.890 SEVERE [localhost-startStop-2] org.apache.catalina.loader.WebappClassLoaderBase.checkThreadLocalMapForLeaks La aplicación web [CISE] creó un ThreadLocal con clave del tipo [com.microsoft.sqlserver.jdbc.ActivityCorrelator$1] (valor [com.microsoft.sqlserver.jdbc.ActivityCorrelator$1@12065429]) y un valor del tipo [com.microsoft.sqlserver.jdbc.ActivityId] (valor [8a2630ac-fe3f-473e-8cee-1332643badf6-1]) pero no pudo quitarlo cuando la aplicación web se paró. Los hilos se van a renovar con el tiempo para intentar evitar in posible fallo de memoria.
11-May-2023 01:51:11.890 SEVERE [localhost-startStop-2] org.apache.catalina.loader.WebappClassLoaderBase.checkThreadLocalMapForLeaks La aplicación web [CISE] creó un ThreadLocal con clave del tipo [com.microsoft.sqlserver.jdbc.ActivityCorrelator$1] (valor [com.microsoft.sqlserver.jdbc.ActivityCorrelator$1@12065429]) y un valor del tipo [com.microsoft.sqlserver.jdbc.ActivityId] (valor [a03da318-0d4c-4523-81f0-d9f0311a2e79-1]) pero no pudo quitarlo cuando la aplicación web se paró. Los hilos se van a renovar con el tiempo para intentar evitar in posible fallo de memoria.
11-May-2023 01:51:11.904 SEVERE [localhost-startStop-2] org.apache.catalina.loader.WebappClassLoaderBase.checkThreadLocalMapForLeaks La aplicación web [CISE] creó un ThreadLocal con clave del tipo [com.microsoft.sqlserver.jdbc.ActivityCorrelator$1] (valor [com.microsoft.sqlserver.jdbc.ActivityCorrelator$1@12065429]) y un valor del tipo [com.microsoft.sqlserver.jdbc.ActivityId] (valor [d3b84e94-8208-4649-8328-939dae7b5b00-1]) pero no pudo quitarlo cuando la aplicación web se paró. Los hilos se van a renovar con el tiempo para intentar evitar in posible fallo de memoria.
11-May-2023 01:51:11.904 SEVERE [localhost-startStop-2] org.apache.catalina.loader.WebappClassLoaderBase.checkThreadLocalMapForLeaks La aplicación web [CISE] creó un ThreadLocal con clave del tipo [com.microsoft.sqlserver.jdbc.ActivityCorrelator$1] (valor [com.microsoft.sqlserver.jdbc.ActivityCorrelator$1@12065429]) y un valor del tipo [com.microsoft.sqlserver.jdbc.ActivityId] (valor [80a3c752-8c80-4e0d-8f0b-207ba0182c40-3]) pero no pudo quitarlo cuando la aplicación web se paró. Los hilos se van a renovar con el tiempo para intentar evitar in posible fallo de memoria.
11-May-2023 01:51:11.905 SEVERE [localhost-startStop-2] org.apache.catalina.loader.WebappClassLoaderBase.checkThreadLocalMapForLeaks La aplicación web [CISE] creó un ThreadLocal con clave del tipo [com.microsoft.sqlserver.jdbc.ActivityCorrelator$1] (valor [com.microsoft.sqlserver.jdbc.ActivityCorrelator$1@12065429]) y un valor del tipo [com.microsoft.sqlserver.jdbc.ActivityId] (valor [f4134c18-97d3-472b-9fa5-2dd973408514-3]) pero no pudo quitarlo cuando la aplicación web se paró. Los hilos se van a renovar con el tiempo para intentar evitar in posible fallo de memoria.
11-May-2023 01:51:11.980 INFO [main] org.apache.coyote.AbstractProtocol.stop Stopping ProtocolHandler ["http-nio-8080"]
11-May-2023 01:51:12.089 INFO [main] org.apache.coyote.AbstractProtocol.destroy Destroying ProtocolHandler ["http-nio-8080"]
11-May-2023 01:51:33.560 INFO [main] org.apache.catalina.startup.VersionLoggerListener.log Nombre de la versión del servidor: Apache Tomcat/8.5.88
11-May-2023 01:51:33.563 INFO [main] org.apache.catalina.startup.VersionLoggerListener.log Server built:                      Apr 14 2023 20:16:27 UTC
11-May-2023 01:51:33.565 INFO [main] org.apache.catalina.startup.VersionLoggerListener.log Número de versión de servidor:     8.5.88.0
11-May-2023 01:51:33.565 INFO [main] org.apache.catalina.startup.VersionLoggerListener.log OS Name:                           Windows 11
11-May-2023 01:51:33.565 INFO [main] org.apache.catalina.startup.VersionLoggerListener.log Versión de Systema Operativo:      10.0
11-May-2023 01:51:33.565 INFO [main] org.apache.catalina.startup.VersionLoggerListener.log Arquitectura:                      amd64
11-May-2023 01:51:33.565 INFO [main] org.apache.catalina.startup.VersionLoggerListener.log Java Home:                         C:\Program Files\Java\jdk-18
11-May-2023 01:51:33.565 INFO [main] org.apache.catalina.startup.VersionLoggerListener.log JVM Version:                       18+36-2087
11-May-2023 01:51:33.565 INFO [main] org.apache.catalina.startup.VersionLoggerListener.log Vededor JVM:                       Oracle Corporation
11-May-2023 01:51:33.566 INFO [main] org.apache.catalina.startup.VersionLoggerListener.log CATALINA_BASE:                     D:\Documentos\UCH\IX-CICLO-UCH\TRABAJO GRUPAL\CALIDAD DE SOFTWARE\apache-tomcat-8.5.88
11-May-2023 01:51:33.566 INFO [main] org.apache.catalina.startup.VersionLoggerListener.log CATALINA_HOME:                     D:\Documentos\UCH\IX-CICLO-UCH\TRABAJO GRUPAL\CALIDAD DE SOFTWARE\apache-tomcat-8.5.88
11-May-2023 01:51:33.567 INFO [main] org.apache.catalina.startup.VersionLoggerListener.log Command line argument:             --add-opens=java.base/java.lang=ALL-UNNAMED
11-May-2023 01:51:33.567 INFO [main] org.apache.catalina.startup.VersionLoggerListener.log Command line argument:             --add-opens=java.base/java.io=ALL-UNNAMED
11-May-2023 01:51:33.567 INFO [main] org.apache.catalina.startup.VersionLoggerListener.log Command line argument:             --add-opens=java.base/java.util=ALL-UNNAMED
11-May-2023 01:51:33.567 INFO [main] org.apache.catalina.startup.VersionLoggerListener.log Command line argument:             --add-opens=java.base/java.util.concurrent=ALL-UNNAMED
11-May-2023 01:51:33.567 INFO [main] org.apache.catalina.startup.VersionLoggerListener.log Command line argument:             --add-opens=java.rmi/sun.rmi.transport=ALL-UNNAMED
11-May-2023 01:51:33.567 INFO [main] org.apache.catalina.startup.VersionLoggerListener.log Command line argument:             -Djava.util.logging.config.file=D:\Documentos\UCH\IX-CICLO-UCH\TRABAJO GRUPAL\CALIDAD DE SOFTWARE\apache-tomcat-8.5.88\conf\logging.properties
11-May-2023 01:51:33.567 INFO [main] org.apache.catalina.startup.VersionLoggerListener.log Command line argument:             -Djava.util.logging.manager=org.apache.juli.ClassLoaderLogManager
11-May-2023 01:51:33.567 INFO [main] org.apache.catalina.startup.VersionLoggerListener.log Command line argument:             -Djdk.tls.ephemeralDHKeySize=2048
11-May-2023 01:51:33.567 INFO [main] org.apache.catalina.startup.VersionLoggerListener.log Command line argument:             -Djava.protocol.handler.pkgs=org.apache.catalina.webresources
11-May-2023 01:51:33.567 INFO [main] org.apache.catalina.startup.VersionLoggerListener.log Command line argument:             -Dignore.endorsed.dirs=
11-May-2023 01:51:33.567 INFO [main] org.apache.catalina.startup.VersionLoggerListener.log Command line argument:             -Dcatalina.base=D:\Documentos\UCH\IX-CICLO-UCH\TRABAJO GRUPAL\CALIDAD DE SOFTWARE\apache-tomcat-8.5.88
11-May-2023 01:51:33.567 INFO [main] org.apache.catalina.startup.VersionLoggerListener.log Command line argument:             -Dcatalina.home=D:\Documentos\UCH\IX-CICLO-UCH\TRABAJO GRUPAL\CALIDAD DE SOFTWARE\apache-tomcat-8.5.88
11-May-2023 01:51:33.567 INFO [main] org.apache.catalina.startup.VersionLoggerListener.log Command line argument:             -Djava.io.tmpdir=D:\Documentos\UCH\IX-CICLO-UCH\TRABAJO GRUPAL\CALIDAD DE SOFTWARE\apache-tomcat-8.5.88\temp
11-May-2023 01:51:33.567 INFO [main] org.apache.catalina.core.AprLifecycleListener.lifecycleEvent Cargada la biblioteca nativa APR de Apache Tomcat [1.2.36] con la versión APR [1.7.2].
11-May-2023 01:51:33.567 INFO [main] org.apache.catalina.core.AprLifecycleListener.lifecycleEvent Capacidades APR: IPv6 [true], enviar fichero [true], aceptar filtros [false], aleatorio [true], UDS [{4}].
11-May-2023 01:51:33.568 INFO [main] org.apache.catalina.core.AprLifecycleListener.lifecycleEvent APR/OpenSSL configuration: useAprConnector [false], useOpenSSL [true]
11-May-2023 01:51:33.705 INFO [main] org.apache.catalina.core.AprLifecycleListener.initializeSSL OpenSSL inicializado correctamente [OpenSSL 1.1.1t  7 Feb 2023]
11-May-2023 01:51:33.765 INFO [main] org.apache.coyote.AbstractProtocol.init Inicializando el manejador de protocolo ["http-nio-8080"]

11-May-2023 01:51:33.825 INFO [main] org.apache.catalina.startup.Catalina.load Initialization processed in 975 ms
11-May-2023 01:51:33.936 INFO [main] org.apache.catalina.core.StandardService.startInternal Arrancando servicio [Catalina]
11-May-2023 01:51:33.936 INFO [main] org.apache.catalina.core.StandardEngine.startInternal Starting Servlet engine: [Apache Tomcat/8.5.88]
11-May-2023 01:51:33.956 INFO [localhost-startStop-1] org.apache.catalina.startup.HostConfig.deployDescriptor Desplieque del descriptor de configuración [D:\Documentos\UCH\IX-CICLO-UCH\TRABAJO GRUPAL\CALIDAD DE SOFTWARE\apache-tomcat-8.5.88\conf\Catalina\localhost\CISE.xml]
11-May-2023 01:51:34.056 WARNING [localhost-startStop-1] org.apache.catalina.startup.SetContextPropertiesRule.begin [SetContextPropertiesRule]{Context} Setting property 'antiJARLocking' to 'true' did not find a matching property.
11-May-2023 01:51:35.145 INFO [localhost-startStop-1] org.apache.jasper.servlet.TldScanner.scanJars Al menos un JAR, que se ha explorado buscando TLDs, aún no contenía TLDs. Activar historial de depuración para este historiador para una completa lista de los JARs que fueron explorados y de los que nos se halló TLDs. Saltarse JARs no necesarios durante la exploración puede dar lugar a una mejora de tiempo significativa en el arranque y compilación de JSP .
11-May-2023 01:51:35.277 INFO [localhost-startStop-1] org.apache.catalina.startup.HostConfig.deployDescriptor Deployment of deployment descriptor [D:\Documentos\UCH\IX-CICLO-UCH\TRABAJO GRUPAL\CALIDAD DE SOFTWARE\apache-tomcat-8.5.88\conf\Catalina\localhost\CISE.xml] has finished in [1.319] ms
11-May-2023 01:51:35.278 INFO [localhost-startStop-1] org.apache.catalina.startup.HostConfig.deployDirectory Desplegando el directorio [D:\Documentos\UCH\IX-CICLO-UCH\TRABAJO GRUPAL\CALIDAD DE SOFTWARE\apache-tomcat-8.5.88\webapps\docs] de la aplicación web
11-May-2023 01:51:35.378 INFO [localhost-startStop-1] org.apache.catalina.startup.HostConfig.deployDirectory Deployment of web application directory [D:\Documentos\UCH\IX-CICLO-UCH\TRABAJO GRUPAL\CALIDAD DE SOFTWARE\apache-tomcat-8.5.88\webapps\docs] has finished in [100] ms
11-May-2023 01:51:35.378 INFO [localhost-startStop-1] org.apache.catalina.startup.HostConfig.deployDirectory Desplegando el directorio [D:\Documentos\UCH\IX-CICLO-UCH\TRABAJO GRUPAL\CALIDAD DE SOFTWARE\apache-tomcat-8.5.88\webapps\examples] de la aplicación web
11-May-2023 01:51:36.930 INFO [localhost-startStop-1] org.apache.catalina.startup.HostConfig.deployDirectory Deployment of web application directory [D:\Documentos\UCH\IX-CICLO-UCH\TRABAJO GRUPAL\CALIDAD DE SOFTWARE\apache-tomcat-8.5.88\webapps\examples] has finished in [1.552] ms
11-May-2023 01:51:36.930 INFO [localhost-startStop-1] org.apache.catalina.startup.HostConfig.deployDirectory Desplegando el directorio [D:\Documentos\UCH\IX-CICLO-UCH\TRABAJO GRUPAL\CALIDAD DE SOFTWARE\apache-tomcat-8.5.88\webapps\host-manager] de la aplicación web
11-May-2023 01:51:37.014 INFO [localhost-startStop-1] org.apache.catalina.startup.HostConfig.deployDirectory Deployment of web application directory [D:\Documentos\UCH\IX-CICLO-UCH\TRABAJO GRUPAL\CALIDAD DE SOFTWARE\apache-tomcat-8.5.88\webapps\host-manager] has finished in [84] ms
11-May-2023 01:51:37.016 INFO [localhost-startStop-1] org.apache.catalina.startup.HostConfig.deployDirectory Desplegando el directorio [D:\Documentos\UCH\IX-CICLO-UCH\TRABAJO GRUPAL\CALIDAD DE SOFTWARE\apache-tomcat-8.5.88\webapps\manager] de la aplicación web
11-May-2023 01:51:37.100 INFO [localhost-startStop-1] org.apache.catalina.startup.HostConfig.deployDirectory Deployment of web application directory [D:\Documentos\UCH\IX-CICLO-UCH\TRABAJO GRUPAL\CALIDAD DE SOFTWARE\apache-tomcat-8.5.88\webapps\manager] has finished in [86] ms
11-May-2023 01:51:37.100 INFO [localhost-startStop-1] org.apache.catalina.startup.HostConfig.deployDirectory Desplegando el directorio [D:\Documentos\UCH\IX-CICLO-UCH\TRABAJO GRUPAL\CALIDAD DE SOFTWARE\apache-tomcat-8.5.88\webapps\ROOT] de la aplicación web
11-May-2023 01:51:37.137 INFO [localhost-startStop-1] org.apache.catalina.startup.HostConfig.deployDirectory Deployment of web application directory [D:\Documentos\UCH\IX-CICLO-UCH\TRABAJO GRUPAL\CALIDAD DE SOFTWARE\apache-tomcat-8.5.88\webapps\ROOT] has finished in [36] ms
11-May-2023 01:51:37.139 INFO [main] org.apache.coyote.AbstractProtocol.start Starting ProtocolHandler ["http-nio-8080"]
11-May-2023 01:51:37.198 INFO [main] org.apache.catalina.startup.Catalina.start Server startup in 3369 ms
11-May-2023 02:11:36.744 INFO [http-nio-8080-exec-4] org.apache.catalina.core.StandardContext.reload Ha comenzado la recarga de Contexto [/CISE]
11-May-2023 02:11:36.916 WARNING [http-nio-8080-exec-4] org.apache.catalina.loader.WebappClassLoaderBase.clearReferencesJdbc La aplicación web [CISE] registró el conductor JDBC [com.microsoft.sqlserver.jdbc.SQLServerDriver] pero falló al anular el registro mientras la aplicación web estaba parada. Para prevenir un fallo de memoria, se ha anulado el registro del conductor JDBC por la fuerza.
11-May-2023 02:11:36.932 SEVERE [http-nio-8080-exec-4] org.apache.catalina.loader.WebappClassLoaderBase.checkThreadLocalMapForLeaks La aplicación web [CISE] creó un ThreadLocal con clave del tipo [com.microsoft.sqlserver.jdbc.ActivityCorrelator$1] (valor [com.microsoft.sqlserver.jdbc.ActivityCorrelator$1@452c4b30]) y un valor del tipo [com.microsoft.sqlserver.jdbc.ActivityId] (valor [3cdd0d94-9d8f-4121-ad1b-d125974ebb78-1]) pero no pudo quitarlo cuando la aplicación web se paró. Los hilos se van a renovar con el tiempo para intentar evitar in posible fallo de memoria.
11-May-2023 02:11:36.932 SEVERE [http-nio-8080-exec-4] org.apache.catalina.loader.WebappClassLoaderBase.checkThreadLocalMapForLeaks La aplicación web [CISE] creó un ThreadLocal con clave del tipo [com.microsoft.sqlserver.jdbc.ActivityCorrelator$1] (valor [com.microsoft.sqlserver.jdbc.ActivityCorrelator$1@452c4b30]) y un valor del tipo [com.microsoft.sqlserver.jdbc.ActivityId] (valor [b5cd8612-1abd-41bd-858a-1d8fa25c34eb-1]) pero no pudo quitarlo cuando la aplicación web se paró. Los hilos se van a renovar con el tiempo para intentar evitar in posible fallo de memoria.
11-May-2023 02:11:37.943 INFO [http-nio-8080-exec-4] org.apache.jasper.servlet.TldScanner.scanJars Al menos un JAR, que se ha explorado buscando TLDs, aún no contenía TLDs. Activar historial de depuración para este historiador para una completa lista de los JARs que fueron explorados y de los que nos se halló TLDs. Saltarse JARs no necesarios durante la exploración puede dar lugar a una mejora de tiempo significativa en el arranque y compilación de JSP .
11-May-2023 02:11:38.064 INFO [http-nio-8080-exec-4] org.apache.catalina.core.StandardContext.reload Se ha completado la recarga de este Contexto
11-May-2023 02:11:39.149 INFO [http-nio-8080-exec-8] org.apache.catalina.core.StandardContext.reload Ha comenzado la recarga de Contexto [/CISE]
11-May-2023 02:11:39.490 INFO [http-nio-8080-exec-8] org.apache.jasper.servlet.TldScanner.scanJars Al menos un JAR, que se ha explorado buscando TLDs, aún no contenía TLDs. Activar historial de depuración para este historiador para una completa lista de los JARs que fueron explorados y de los que nos se halló TLDs. Saltarse JARs no necesarios durante la exploración puede dar lugar a una mejora de tiempo significativa en el arranque y compilación de JSP .
11-May-2023 02:11:39.510 INFO [http-nio-8080-exec-8] org.apache.catalina.core.StandardContext.reload Se ha completado la recarga de este Contexto
11-May-2023 02:11:59.042 INFO [http-nio-8080-exec-11] org.apache.catalina.core.StandardContext.reload Ha comenzado la recarga de Contexto [/CISE]
11-May-2023 02:11:59.519 INFO [http-nio-8080-exec-11] org.apache.jasper.servlet.TldScanner.scanJars Al menos un JAR, que se ha explorado buscando TLDs, aún no contenía TLDs. Activar historial de depuración para este historiador para una completa lista de los JARs que fueron explorados y de los que nos se halló TLDs. Saltarse JARs no necesarios durante la exploración puede dar lugar a una mejora de tiempo significativa en el arranque y compilación de JSP .
11-May-2023 02:11:59.530 INFO [http-nio-8080-exec-11] org.apache.catalina.core.StandardContext.reload Se ha completado la recarga de este Contexto
11-May-2023 03:26:21.329 INFO [main] org.apache.catalina.core.StandardServer.await Se ha recibido un comando de apagado a través del puerto de apagado. Parando la instancia del Servidor.
11-May-2023 03:26:21.342 INFO [main] org.apache.coyote.AbstractProtocol.pause Pausing ProtocolHandler ["http-nio-8080"]
11-May-2023 03:26:21.361 INFO [main] org.apache.catalina.core.StandardService.stopInternal Parando servicio [Catalina]
11-May-2023 03:26:21.588 WARNING [localhost-startStop-2] org.apache.catalina.loader.WebappClassLoaderBase.clearReferencesJdbc La aplicación web [CISE] registró el conductor JDBC [com.microsoft.sqlserver.jdbc.SQLServerDriver] pero falló al anular el registro mientras la aplicación web estaba parada. Para prevenir un fallo de memoria, se ha anulado el registro del conductor JDBC por la fuerza.
11-May-2023 03:26:21.610 INFO [main] org.apache.coyote.AbstractProtocol.stop Stopping ProtocolHandler ["http-nio-8080"]
11-May-2023 03:26:21.666 INFO [main] org.apache.coyote.AbstractProtocol.destroy Destroying ProtocolHandler ["http-nio-8080"]
