02-Jun-2023 20:25:36.465 INFO [main] org.apache.catalina.startup.VersionLoggerListener.log Nombre de la versión del servidor: Apache Tomcat/8.5.88
02-Jun-2023 20:25:36.467 INFO [main] org.apache.catalina.startup.VersionLoggerListener.log Server built:                      Apr 14 2023 20:16:27 UTC
02-Jun-2023 20:25:36.469 INFO [main] org.apache.catalina.startup.VersionLoggerListener.log Número de versión de servidor:     8.5.88.0
02-Jun-2023 20:25:36.469 INFO [main] org.apache.catalina.startup.VersionLoggerListener.log OS Name:                           Windows 11
02-Jun-2023 20:25:36.469 INFO [main] org.apache.catalina.startup.VersionLoggerListener.log Versión de Systema Operativo:      10.0
02-Jun-2023 20:25:36.469 INFO [main] org.apache.catalina.startup.VersionLoggerListener.log Arquitectura:                      amd64
02-Jun-2023 20:25:36.469 INFO [main] org.apache.catalina.startup.VersionLoggerListener.log Java Home:                         C:\Program Files\Java\jdk-18
02-Jun-2023 20:25:36.469 INFO [main] org.apache.catalina.startup.VersionLoggerListener.log JVM Version:                       18+36-2087
02-Jun-2023 20:25:36.470 INFO [main] org.apache.catalina.startup.VersionLoggerListener.log Vededor JVM:                       Oracle Corporation
02-Jun-2023 20:25:36.470 INFO [main] org.apache.catalina.startup.VersionLoggerListener.log CATALINA_BASE:                     D:\Documentos\UCH\IX-CICLO-UCH\TRABAJO GRUPAL\CALIDAD DE SOFTWARE\apache-tomcat-8.5.88
02-Jun-2023 20:25:36.470 INFO [main] org.apache.catalina.startup.VersionLoggerListener.log CATALINA_HOME:                     D:\Documentos\UCH\IX-CICLO-UCH\TRABAJO GRUPAL\CALIDAD DE SOFTWARE\apache-tomcat-8.5.88
02-Jun-2023 20:25:36.471 INFO [main] org.apache.catalina.startup.VersionLoggerListener.log Command line argument:             --add-opens=java.base/java.lang=ALL-UNNAMED
02-Jun-2023 20:25:36.471 INFO [main] org.apache.catalina.startup.VersionLoggerListener.log Command line argument:             --add-opens=java.base/java.io=ALL-UNNAMED
02-Jun-2023 20:25:36.471 INFO [main] org.apache.catalina.startup.VersionLoggerListener.log Command line argument:             --add-opens=java.base/java.util=ALL-UNNAMED
02-Jun-2023 20:25:36.471 INFO [main] org.apache.catalina.startup.VersionLoggerListener.log Command line argument:             --add-opens=java.base/java.util.concurrent=ALL-UNNAMED
02-Jun-2023 20:25:36.473 INFO [main] org.apache.catalina.startup.VersionLoggerListener.log Command line argument:             --add-opens=java.rmi/sun.rmi.transport=ALL-UNNAMED
02-Jun-2023 20:25:36.473 INFO [main] org.apache.catalina.startup.VersionLoggerListener.log Command line argument:             -Djava.util.logging.config.file=D:\Documentos\UCH\IX-CICLO-UCH\TRABAJO GRUPAL\CALIDAD DE SOFTWARE\apache-tomcat-8.5.88\conf\logging.properties
02-Jun-2023 20:25:36.473 INFO [main] org.apache.catalina.startup.VersionLoggerListener.log Command line argument:             -Djava.util.logging.manager=org.apache.juli.ClassLoaderLogManager
02-Jun-2023 20:25:36.473 INFO [main] org.apache.catalina.startup.VersionLoggerListener.log Command line argument:             -Djdk.tls.ephemeralDHKeySize=2048
02-Jun-2023 20:25:36.473 INFO [main] org.apache.catalina.startup.VersionLoggerListener.log Command line argument:             -Djava.protocol.handler.pkgs=org.apache.catalina.webresources
02-Jun-2023 20:25:36.474 INFO [main] org.apache.catalina.startup.VersionLoggerListener.log Command line argument:             -Dignore.endorsed.dirs=
02-Jun-2023 20:25:36.474 INFO [main] org.apache.catalina.startup.VersionLoggerListener.log Command line argument:             -Dcatalina.base=D:\Documentos\UCH\IX-CICLO-UCH\TRABAJO GRUPAL\CALIDAD DE SOFTWARE\apache-tomcat-8.5.88
02-Jun-2023 20:25:36.474 INFO [main] org.apache.catalina.startup.VersionLoggerListener.log Command line argument:             -Dcatalina.home=D:\Documentos\UCH\IX-CICLO-UCH\TRABAJO GRUPAL\CALIDAD DE SOFTWARE\apache-tomcat-8.5.88
02-Jun-2023 20:25:36.474 INFO [main] org.apache.catalina.startup.VersionLoggerListener.log Command line argument:             -Djava.io.tmpdir=D:\Documentos\UCH\IX-CICLO-UCH\TRABAJO GRUPAL\CALIDAD DE SOFTWARE\apache-tomcat-8.5.88\temp
02-Jun-2023 20:25:36.521 INFO [main] org.apache.catalina.core.AprLifecycleListener.lifecycleEvent Cargada la biblioteca nativa APR de Apache Tomcat [1.2.36] con la versión APR [1.7.2].
02-Jun-2023 20:25:36.521 INFO [main] org.apache.catalina.core.AprLifecycleListener.lifecycleEvent Capacidades APR: IPv6 [true], enviar fichero [true], aceptar filtros [false], aleatorio [true], UDS [{4}].
02-Jun-2023 20:25:36.521 INFO [main] org.apache.catalina.core.AprLifecycleListener.lifecycleEvent APR/OpenSSL configuration: useAprConnector [false], useOpenSSL [true]
02-Jun-2023 20:25:36.666 INFO [main] org.apache.catalina.core.AprLifecycleListener.initializeSSL OpenSSL inicializado correctamente [OpenSSL 1.1.1t  7 Feb 2023]
02-Jun-2023 20:25:36.722 INFO [main] org.apache.coyote.AbstractProtocol.init Inicializando el manejador de protocolo ["http-nio-8080"]

02-Jun-2023 20:25:36.744 INFO [main] org.apache.catalina.startup.Catalina.load Initialization processed in 789 ms
02-Jun-2023 20:25:36.800 INFO [main] org.apache.catalina.core.StandardService.startInternal Arrancando servicio [Catalina]
02-Jun-2023 20:25:36.800 INFO [main] org.apache.catalina.core.StandardEngine.startInternal Starting Servlet engine: [Apache Tomcat/8.5.88]
02-Jun-2023 20:25:36.811 INFO [localhost-startStop-1] org.apache.catalina.startup.HostConfig.deployDescriptor Desplieque del descriptor de configuración [D:\Documentos\UCH\IX-CICLO-UCH\TRABAJO GRUPAL\CALIDAD DE SOFTWARE\apache-tomcat-8.5.88\conf\Catalina\localhost\CISE.xml]
02-Jun-2023 20:25:36.839 WARNING [localhost-startStop-1] org.apache.catalina.startup.SetContextPropertiesRule.begin [SetContextPropertiesRule]{Context} Setting property 'antiJARLocking' to 'true' did not find a matching property.
02-Jun-2023 20:25:37.469 INFO [localhost-startStop-1] org.apache.jasper.servlet.TldScanner.scanJars Al menos un JAR, que se ha explorado buscando TLDs, aún no contenía TLDs. Activar historial de depuración para este historiador para una completa lista de los JARs que fueron explorados y de los que nos se halló TLDs. Saltarse JARs no necesarios durante la exploración puede dar lugar a una mejora de tiempo significativa en el arranque y compilación de JSP .
02-Jun-2023 20:25:37.563 SEVERE [localhost-startStop-1] org.apache.catalina.session.StandardManager.startInternal Excepción cargando sesiones desde almacenamiento persistente
	java.io.InvalidClassException: java.io.ObjectStreamException; unable to create instance
		at java.base/java.io.ObjectInputStream.readOrdinaryObject(ObjectInputStream.java:2273)
		at java.base/java.io.ObjectInputStream.readObject0(ObjectInputStream.java:1768)
		at java.base/java.io.ObjectInputStream.readObject(ObjectInputStream.java:543)
		at java.base/java.io.ObjectInputStream.readObject(ObjectInputStream.java:501)
		at org.apache.catalina.session.StandardSession.doReadObject(StandardSession.java:1630)
		at org.apache.catalina.session.StandardSession.readObjectData(StandardSession.java:1050)
		at org.apache.catalina.session.StandardManager.doLoad(StandardManager.java:219)
		at org.apache.catalina.session.StandardManager.load(StandardManager.java:162)
		at org.apache.catalina.session.StandardManager.startInternal(StandardManager.java:356)
		at org.apache.catalina.util.LifecycleBase.start(LifecycleBase.java:183)
		at org.apache.catalina.core.StandardContext.startInternal(StandardContext.java:4967)
		at org.apache.catalina.util.LifecycleBase.start(LifecycleBase.java:183)
		at org.apache.catalina.core.ContainerBase.addChildInternal(ContainerBase.java:711)
		at org.apache.catalina.core.ContainerBase.addChild(ContainerBase.java:688)
		at org.apache.catalina.core.StandardHost.addChild(StandardHost.java:661)
		at org.apache.catalina.startup.HostConfig.deployDescriptor(HostConfig.java:673)
		at org.apache.catalina.startup.HostConfig$DeployDescriptor.run(HostConfig.java:1881)
		at java.base/java.util.concurrent.Executors$RunnableAdapter.call(Executors.java:539)
		at java.base/java.util.concurrent.FutureTask.run(FutureTask.java:264)
		at java.base/java.util.concurrent.ThreadPoolExecutor.runWorker(ThreadPoolExecutor.java:1136)
		at java.base/java.util.concurrent.ThreadPoolExecutor$Worker.run(ThreadPoolExecutor.java:635)
		at java.base/java.lang.Thread.run(Thread.java:833)
	Caused by: java.lang.InstantiationException
		at java.base/java.io.ObjectStreamClass.newInstance(ObjectStreamClass.java:1180)
		at java.base/java.io.ObjectInputStream.readOrdinaryObject(ObjectInputStream.java:2270)
		... 21 more
	Caused by: java.lang.InstantiationError: java.io.ObjectStreamException
		at java.base/jdk.internal.reflect.GeneratedSerializationConstructorAccessor9.newInstance(Unknown Source)
		at java.base/java.lang.reflect.Constructor.newInstanceWithCaller(Constructor.java:499)
		at java.base/java.lang.reflect.Constructor.newInstance(Constructor.java:483)
		at java.base/java.io.ObjectStreamClass.newInstance(ObjectStreamClass.java:1148)
		... 22 more
02-Jun-2023 20:25:37.583 INFO [localhost-startStop-1] org.apache.catalina.startup.HostConfig.deployDescriptor Deployment of deployment descriptor [D:\Documentos\UCH\IX-CICLO-UCH\TRABAJO GRUPAL\CALIDAD DE SOFTWARE\apache-tomcat-8.5.88\conf\Catalina\localhost\CISE.xml] has finished in [771] ms
02-Jun-2023 20:25:37.583 INFO [localhost-startStop-1] org.apache.catalina.startup.HostConfig.deployDirectory Desplegando el directorio [D:\Documentos\UCH\IX-CICLO-UCH\TRABAJO GRUPAL\CALIDAD DE SOFTWARE\apache-tomcat-8.5.88\webapps\docs] de la aplicación web
02-Jun-2023 20:25:37.638 INFO [localhost-startStop-1] org.apache.catalina.startup.HostConfig.deployDirectory Deployment of web application directory [D:\Documentos\UCH\IX-CICLO-UCH\TRABAJO GRUPAL\CALIDAD DE SOFTWARE\apache-tomcat-8.5.88\webapps\docs] has finished in [54] ms
02-Jun-2023 20:25:37.638 INFO [localhost-startStop-1] org.apache.catalina.startup.HostConfig.deployDirectory Desplegando el directorio [D:\Documentos\UCH\IX-CICLO-UCH\TRABAJO GRUPAL\CALIDAD DE SOFTWARE\apache-tomcat-8.5.88\webapps\examples] de la aplicación web
02-Jun-2023 20:25:38.922 INFO [localhost-startStop-1] org.apache.catalina.startup.HostConfig.deployDirectory Deployment of web application directory [D:\Documentos\UCH\IX-CICLO-UCH\TRABAJO GRUPAL\CALIDAD DE SOFTWARE\apache-tomcat-8.5.88\webapps\examples] has finished in [1.283] ms
02-Jun-2023 20:25:38.923 INFO [localhost-startStop-1] org.apache.catalina.startup.HostConfig.deployDirectory Desplegando el directorio [D:\Documentos\UCH\IX-CICLO-UCH\TRABAJO GRUPAL\CALIDAD DE SOFTWARE\apache-tomcat-8.5.88\webapps\host-manager] de la aplicación web
02-Jun-2023 20:25:38.981 INFO [localhost-startStop-1] org.apache.catalina.startup.HostConfig.deployDirectory Deployment of web application directory [D:\Documentos\UCH\IX-CICLO-UCH\TRABAJO GRUPAL\CALIDAD DE SOFTWARE\apache-tomcat-8.5.88\webapps\host-manager] has finished in [58] ms
02-Jun-2023 20:25:38.981 INFO [localhost-startStop-1] org.apache.catalina.startup.HostConfig.deployDirectory Desplegando el directorio [D:\Documentos\UCH\IX-CICLO-UCH\TRABAJO GRUPAL\CALIDAD DE SOFTWARE\apache-tomcat-8.5.88\webapps\manager] de la aplicación web
02-Jun-2023 20:25:39.035 INFO [localhost-startStop-1] org.apache.catalina.startup.HostConfig.deployDirectory Deployment of web application directory [D:\Documentos\UCH\IX-CICLO-UCH\TRABAJO GRUPAL\CALIDAD DE SOFTWARE\apache-tomcat-8.5.88\webapps\manager] has finished in [54] ms
02-Jun-2023 20:25:39.036 INFO [localhost-startStop-1] org.apache.catalina.startup.HostConfig.deployDirectory Desplegando el directorio [D:\Documentos\UCH\IX-CICLO-UCH\TRABAJO GRUPAL\CALIDAD DE SOFTWARE\apache-tomcat-8.5.88\webapps\ROOT] de la aplicación web
02-Jun-2023 20:25:39.071 INFO [localhost-startStop-1] org.apache.catalina.startup.HostConfig.deployDirectory Deployment of web application directory [D:\Documentos\UCH\IX-CICLO-UCH\TRABAJO GRUPAL\CALIDAD DE SOFTWARE\apache-tomcat-8.5.88\webapps\ROOT] has finished in [35] ms
02-Jun-2023 20:25:39.072 INFO [main] org.apache.coyote.AbstractProtocol.start Starting ProtocolHandler ["http-nio-8080"]
02-Jun-2023 20:25:39.125 INFO [main] org.apache.catalina.startup.Catalina.start Server startup in 2379 ms
02-Jun-2023 23:36:55.113 INFO [main] org.apache.catalina.core.StandardServer.await Se ha recibido un comando de apagado a través del puerto de apagado. Parando la instancia del Servidor.
02-Jun-2023 23:36:55.114 INFO [main] org.apache.coyote.AbstractProtocol.pause Pausing ProtocolHandler ["http-nio-8080"]
02-Jun-2023 23:36:55.121 INFO [main] org.apache.catalina.core.StandardService.stopInternal Parando servicio [Catalina]
02-Jun-2023 23:36:55.161 WARNING [localhost-startStop-2] org.apache.catalina.loader.WebappClassLoaderBase.clearReferencesJdbc La aplicación web [CISE] registró el conductor JDBC [com.microsoft.sqlserver.jdbc.SQLServerDriver] pero falló al anular el registro mientras la aplicación web estaba parada. Para prevenir un fallo de memoria, se ha anulado el registro del conductor JDBC por la fuerza.
02-Jun-2023 23:36:55.181 INFO [main] org.apache.coyote.AbstractProtocol.stop Stopping ProtocolHandler ["http-nio-8080"]
02-Jun-2023 23:36:55.198 INFO [main] org.apache.coyote.AbstractProtocol.destroy Destroying ProtocolHandler ["http-nio-8080"]
