01-Jul-2023 00:13:23.109 INFO [http-nio-8080-exec-18] org.apache.catalina.core.StandardContext.reload Ha comenzado la recarga de Contexto [/CISE]
01-Jul-2023 00:13:23.121 WARNING [http-nio-8080-exec-18] org.apache.catalina.loader.WebappClassLoaderBase.clearReferencesJdbc La aplicación web [CISE] registró el conductor JDBC [com.microsoft.sqlserver.jdbc.SQLServerDriver] pero falló al anular el registro mientras la aplicación web estaba parada. Para prevenir un fallo de memoria, se ha anulado el registro del conductor JDBC por la fuerza.
01-Jul-2023 00:13:23.508 INFO [http-nio-8080-exec-18] org.apache.jasper.servlet.TldScanner.scanJars Al menos un JAR, que se ha explorado buscando TLDs, aún no contenía TLDs. Activar historial de depuración para este historiador para una completa lista de los JARs que fueron explorados y de los que nos se halló TLDs. Saltarse JARs no necesarios durante la exploración puede dar lugar a una mejora de tiempo significativa en el arranque y compilación de JSP .
01-Jul-2023 00:13:23.519 INFO [http-nio-8080-exec-18] org.apache.catalina.core.StandardContext.reload Se ha completado la recarga de este Contexto
01-Jul-2023 00:13:45.595 INFO [http-nio-8080-exec-13] org.apache.catalina.core.StandardContext.reload Ha comenzado la recarga de Contexto [/CISE]
01-Jul-2023 00:13:45.908 INFO [http-nio-8080-exec-13] org.apache.jasper.servlet.TldScanner.scanJars Al menos un JAR, que se ha explorado buscando TLDs, aún no contenía TLDs. Activar historial de depuración para este historiador para una completa lista de los JARs que fueron explorados y de los que nos se halló TLDs. Saltarse JARs no necesarios durante la exploración puede dar lugar a una mejora de tiempo significativa en el arranque y compilación de JSP .
01-Jul-2023 00:13:45.918 INFO [http-nio-8080-exec-13] org.apache.catalina.core.StandardContext.reload Se ha completado la recarga de este Contexto
01-Jul-2023 00:14:36.538 INFO [http-nio-8080-exec-16] org.apache.catalina.core.StandardContext.reload Ha comenzado la recarga de Contexto [/CISE]
01-Jul-2023 00:14:36.890 INFO [http-nio-8080-exec-16] org.apache.jasper.servlet.TldScanner.scanJars Al menos un JAR, que se ha explorado buscando TLDs, aún no contenía TLDs. Activar historial de depuración para este historiador para una completa lista de los JARs que fueron explorados y de los que nos se halló TLDs. Saltarse JARs no necesarios durante la exploración puede dar lugar a una mejora de tiempo significativa en el arranque y compilación de JSP .
01-Jul-2023 00:14:36.899 INFO [http-nio-8080-exec-16] org.apache.catalina.core.StandardContext.reload Se ha completado la recarga de este Contexto
01-Jul-2023 00:14:40.034 INFO [http-nio-8080-exec-13] org.apache.catalina.core.StandardContext.reload Ha comenzado la recarga de Contexto [/CISE]
01-Jul-2023 00:14:40.357 INFO [http-nio-8080-exec-13] org.apache.jasper.servlet.TldScanner.scanJars Al menos un JAR, que se ha explorado buscando TLDs, aún no contenía TLDs. Activar historial de depuración para este historiador para una completa lista de los JARs que fueron explorados y de los que nos se halló TLDs. Saltarse JARs no necesarios durante la exploración puede dar lugar a una mejora de tiempo significativa en el arranque y compilación de JSP .
01-Jul-2023 00:14:40.363 INFO [http-nio-8080-exec-13] org.apache.catalina.core.StandardContext.reload Se ha completado la recarga de este Contexto
01-Jul-2023 00:14:40.689 INFO [http-nio-8080-exec-11] org.apache.catalina.core.StandardContext.reload Ha comenzado la recarga de Contexto [/CISE]
01-Jul-2023 00:14:40.999 INFO [http-nio-8080-exec-11] org.apache.jasper.servlet.TldScanner.scanJars Al menos un JAR, que se ha explorado buscando TLDs, aún no contenía TLDs. Activar historial de depuración para este historiador para una completa lista de los JARs que fueron explorados y de los que nos se halló TLDs. Saltarse JARs no necesarios durante la exploración puede dar lugar a una mejora de tiempo significativa en el arranque y compilación de JSP .
01-Jul-2023 00:14:41.006 INFO [http-nio-8080-exec-11] org.apache.catalina.core.StandardContext.reload Se ha completado la recarga de este Contexto
01-Jul-2023 00:15:07.533 INFO [http-nio-8080-exec-15] org.apache.catalina.core.StandardContext.reload Ha comenzado la recarga de Contexto [/CISE]
01-Jul-2023 00:15:07.821 INFO [http-nio-8080-exec-15] org.apache.jasper.servlet.TldScanner.scanJars Al menos un JAR, que se ha explorado buscando TLDs, aún no contenía TLDs. Activar historial de depuración para este historiador para una completa lista de los JARs que fueron explorados y de los que nos se halló TLDs. Saltarse JARs no necesarios durante la exploración puede dar lugar a una mejora de tiempo significativa en el arranque y compilación de JSP .
01-Jul-2023 00:15:07.827 INFO [http-nio-8080-exec-15] org.apache.catalina.core.StandardContext.reload Se ha completado la recarga de este Contexto
01-Jul-2023 00:15:33.627 INFO [http-nio-8080-exec-13] org.apache.catalina.core.StandardContext.reload Ha comenzado la recarga de Contexto [/CISE]
01-Jul-2023 00:15:33.930 INFO [http-nio-8080-exec-13] org.apache.jasper.servlet.TldScanner.scanJars Al menos un JAR, que se ha explorado buscando TLDs, aún no contenía TLDs. Activar historial de depuración para este historiador para una completa lista de los JARs que fueron explorados y de los que nos se halló TLDs. Saltarse JARs no necesarios durante la exploración puede dar lugar a una mejora de tiempo significativa en el arranque y compilación de JSP .
01-Jul-2023 00:15:33.936 INFO [http-nio-8080-exec-13] org.apache.catalina.core.StandardContext.reload Se ha completado la recarga de este Contexto
01-Jul-2023 00:17:11.916 INFO [http-nio-8080-exec-13] org.apache.catalina.core.StandardContext.reload Ha comenzado la recarga de Contexto [/CISE]
01-Jul-2023 00:17:12.204 INFO [http-nio-8080-exec-13] org.apache.jasper.servlet.TldScanner.scanJars Al menos un JAR, que se ha explorado buscando TLDs, aún no contenía TLDs. Activar historial de depuración para este historiador para una completa lista de los JARs que fueron explorados y de los que nos se halló TLDs. Saltarse JARs no necesarios durante la exploración puede dar lugar a una mejora de tiempo significativa en el arranque y compilación de JSP .
01-Jul-2023 00:17:12.210 INFO [http-nio-8080-exec-13] org.apache.catalina.core.StandardContext.reload Se ha completado la recarga de este Contexto
01-Jul-2023 00:26:53.362 INFO [main] org.apache.catalina.core.StandardServer.await Se ha recibido un comando de apagado a través del puerto de apagado. Parando la instancia del Servidor.
01-Jul-2023 00:26:53.363 INFO [main] org.apache.coyote.AbstractProtocol.pause Pausing ProtocolHandler ["http-nio-8080"]
01-Jul-2023 00:26:53.373 INFO [main] org.apache.catalina.core.StandardService.stopInternal Parando servicio [Catalina]
01-Jul-2023 00:26:53.430 WARNING [localhost-startStop-2] org.apache.catalina.loader.WebappClassLoaderBase.clearReferencesJdbc La aplicación web [CISE] registró el conductor JDBC [com.microsoft.sqlserver.jdbc.SQLServerDriver] pero falló al anular el registro mientras la aplicación web estaba parada. Para prevenir un fallo de memoria, se ha anulado el registro del conductor JDBC por la fuerza.
01-Jul-2023 00:26:53.438 INFO [main] org.apache.coyote.AbstractProtocol.stop Stopping ProtocolHandler ["http-nio-8080"]
01-Jul-2023 00:26:53.454 INFO [main] org.apache.coyote.AbstractProtocol.destroy Destroying ProtocolHandler ["http-nio-8080"]
01-Jul-2023 00:27:40.566 INFO [main] org.apache.catalina.startup.VersionLoggerListener.log Nombre de la versión del servidor: Apache Tomcat/8.5.88
01-Jul-2023 00:27:40.575 INFO [main] org.apache.catalina.startup.VersionLoggerListener.log Server built:                      Apr 14 2023 20:16:27 UTC
01-Jul-2023 00:27:40.575 INFO [main] org.apache.catalina.startup.VersionLoggerListener.log Número de versión de servidor:     8.5.88.0
01-Jul-2023 00:27:40.575 INFO [main] org.apache.catalina.startup.VersionLoggerListener.log OS Name:                           Windows 11
01-Jul-2023 00:27:40.575 INFO [main] org.apache.catalina.startup.VersionLoggerListener.log Versión de Systema Operativo:      10.0
01-Jul-2023 00:27:40.575 INFO [main] org.apache.catalina.startup.VersionLoggerListener.log Arquitectura:                      amd64
01-Jul-2023 00:27:40.575 INFO [main] org.apache.catalina.startup.VersionLoggerListener.log Java Home:                         C:\Program Files\Java\jdk-18
01-Jul-2023 00:27:40.575 INFO [main] org.apache.catalina.startup.VersionLoggerListener.log JVM Version:                       18+36-2087
01-Jul-2023 00:27:40.575 INFO [main] org.apache.catalina.startup.VersionLoggerListener.log Vededor JVM:                       Oracle Corporation
01-Jul-2023 00:27:40.575 INFO [main] org.apache.catalina.startup.VersionLoggerListener.log CATALINA_BASE:                     D:\Documentos\UCH\IX-CICLO-UCH\TRABAJO GRUPAL\CALIDAD DE SOFTWARE\apache-tomcat-8.5.88
01-Jul-2023 00:27:40.575 INFO [main] org.apache.catalina.startup.VersionLoggerListener.log CATALINA_HOME:                     D:\Documentos\UCH\IX-CICLO-UCH\TRABAJO GRUPAL\CALIDAD DE SOFTWARE\apache-tomcat-8.5.88
01-Jul-2023 00:27:40.576 INFO [main] org.apache.catalina.startup.VersionLoggerListener.log Command line argument:             --add-opens=java.base/java.lang=ALL-UNNAMED
01-Jul-2023 00:27:40.576 INFO [main] org.apache.catalina.startup.VersionLoggerListener.log Command line argument:             --add-opens=java.base/java.io=ALL-UNNAMED
01-Jul-2023 00:27:40.576 INFO [main] org.apache.catalina.startup.VersionLoggerListener.log Command line argument:             --add-opens=java.base/java.util=ALL-UNNAMED
01-Jul-2023 00:27:40.576 INFO [main] org.apache.catalina.startup.VersionLoggerListener.log Command line argument:             --add-opens=java.base/java.util.concurrent=ALL-UNNAMED
01-Jul-2023 00:27:40.576 INFO [main] org.apache.catalina.startup.VersionLoggerListener.log Command line argument:             --add-opens=java.rmi/sun.rmi.transport=ALL-UNNAMED
01-Jul-2023 00:27:40.576 INFO [main] org.apache.catalina.startup.VersionLoggerListener.log Command line argument:             -Djava.util.logging.config.file=D:\Documentos\UCH\IX-CICLO-UCH\TRABAJO GRUPAL\CALIDAD DE SOFTWARE\apache-tomcat-8.5.88\conf\logging.properties
01-Jul-2023 00:27:40.576 INFO [main] org.apache.catalina.startup.VersionLoggerListener.log Command line argument:             -Djava.util.logging.manager=org.apache.juli.ClassLoaderLogManager
01-Jul-2023 00:27:40.576 INFO [main] org.apache.catalina.startup.VersionLoggerListener.log Command line argument:             -Djdk.tls.ephemeralDHKeySize=2048
01-Jul-2023 00:27:40.577 INFO [main] org.apache.catalina.startup.VersionLoggerListener.log Command line argument:             -Djava.protocol.handler.pkgs=org.apache.catalina.webresources
01-Jul-2023 00:27:40.577 INFO [main] org.apache.catalina.startup.VersionLoggerListener.log Command line argument:             -Dignore.endorsed.dirs=
01-Jul-2023 00:27:40.577 INFO [main] org.apache.catalina.startup.VersionLoggerListener.log Command line argument:             -Dcatalina.base=D:\Documentos\UCH\IX-CICLO-UCH\TRABAJO GRUPAL\CALIDAD DE SOFTWARE\apache-tomcat-8.5.88
01-Jul-2023 00:27:40.577 INFO [main] org.apache.catalina.startup.VersionLoggerListener.log Command line argument:             -Dcatalina.home=D:\Documentos\UCH\IX-CICLO-UCH\TRABAJO GRUPAL\CALIDAD DE SOFTWARE\apache-tomcat-8.5.88
01-Jul-2023 00:27:40.578 INFO [main] org.apache.catalina.startup.VersionLoggerListener.log Command line argument:             -Djava.io.tmpdir=D:\Documentos\UCH\IX-CICLO-UCH\TRABAJO GRUPAL\CALIDAD DE SOFTWARE\apache-tomcat-8.5.88\temp
01-Jul-2023 00:27:40.633 INFO [main] org.apache.catalina.core.AprLifecycleListener.lifecycleEvent Cargada la biblioteca nativa APR de Apache Tomcat [1.2.36] con la versión APR [1.7.2].
01-Jul-2023 00:27:40.634 INFO [main] org.apache.catalina.core.AprLifecycleListener.lifecycleEvent Capacidades APR: IPv6 [true], enviar fichero [true], aceptar filtros [false], aleatorio [true], UDS [{4}].
01-Jul-2023 00:27:40.635 INFO [main] org.apache.catalina.core.AprLifecycleListener.lifecycleEvent APR/OpenSSL configuration: useAprConnector [false], useOpenSSL [true]
01-Jul-2023 00:27:40.643 INFO [main] org.apache.catalina.core.AprLifecycleListener.initializeSSL OpenSSL inicializado correctamente [OpenSSL 1.1.1t  7 Feb 2023]
01-Jul-2023 00:27:40.694 INFO [main] org.apache.coyote.AbstractProtocol.init Inicializando el manejador de protocolo ["http-nio-8080"]

01-Jul-2023 00:27:40.726 INFO [main] org.apache.catalina.startup.Catalina.load Initialization processed in 632 ms
01-Jul-2023 00:27:40.784 INFO [main] org.apache.catalina.core.StandardService.startInternal Arrancando servicio [Catalina]
01-Jul-2023 00:27:40.786 INFO [main] org.apache.catalina.core.StandardEngine.startInternal Starting Servlet engine: [Apache Tomcat/8.5.88]
01-Jul-2023 00:27:40.802 INFO [localhost-startStop-1] org.apache.catalina.startup.HostConfig.deployDescriptor Desplieque del descriptor de configuración [D:\Documentos\UCH\IX-CICLO-UCH\TRABAJO GRUPAL\CALIDAD DE SOFTWARE\apache-tomcat-8.5.88\conf\Catalina\localhost\CISE.xml]
01-Jul-2023 00:27:40.832 WARNING [localhost-startStop-1] org.apache.catalina.startup.SetContextPropertiesRule.begin [SetContextPropertiesRule]{Context} Setting property 'antiJARLocking' to 'true' did not find a matching property.
01-Jul-2023 00:27:41.578 INFO [localhost-startStop-1] org.apache.jasper.servlet.TldScanner.scanJars Al menos un JAR, que se ha explorado buscando TLDs, aún no contenía TLDs. Activar historial de depuración para este historiador para una completa lista de los JARs que fueron explorados y de los que nos se halló TLDs. Saltarse JARs no necesarios durante la exploración puede dar lugar a una mejora de tiempo significativa en el arranque y compilación de JSP .
01-Jul-2023 00:27:41.674 SEVERE [localhost-startStop-1] org.apache.catalina.session.StandardManager.startInternal Excepción cargando sesiones desde almacenamiento persistente
	java.io.InvalidClassException: java.io.ObjectStreamException; unable to create instance
		at java.base/java.io.ObjectInputStream.readOrdinaryObject(ObjectInputStream.java:2273)
		at java.base/java.io.ObjectInputStream.readObject0(ObjectInputStream.java:1768)
		at java.base/java.io.ObjectInputStream.readObject(ObjectInputStream.java:543)
		at java.base/java.io.ObjectInputStream.readObject(ObjectInputStream.java:501)
		at org.apache.catalina.session.StandardSession.doReadObject(StandardSession.java:1630)
		at org.apache.catalina.session.StandardSession.readObjectData(StandardSession.java:1050)
		at org.apache.catalina.session.StandardManager.doLoad(StandardManager.java:219)
		at org.apache.catalina.session.StandardManager.load(StandardManager.java:162)
		at org.apache.catalina.session.StandardManager.startInternal(StandardManager.java:356)
		at org.apache.catalina.util.LifecycleBase.start(LifecycleBase.java:183)
		at org.apache.catalina.core.StandardContext.startInternal(StandardContext.java:4967)
		at org.apache.catalina.util.LifecycleBase.start(LifecycleBase.java:183)
		at org.apache.catalina.core.ContainerBase.addChildInternal(ContainerBase.java:711)
		at org.apache.catalina.core.ContainerBase.addChild(ContainerBase.java:688)
		at org.apache.catalina.core.StandardHost.addChild(StandardHost.java:661)
		at org.apache.catalina.startup.HostConfig.deployDescriptor(HostConfig.java:673)
		at org.apache.catalina.startup.HostConfig$DeployDescriptor.run(HostConfig.java:1881)
		at java.base/java.util.concurrent.Executors$RunnableAdapter.call(Executors.java:539)
		at java.base/java.util.concurrent.FutureTask.run(FutureTask.java:264)
		at java.base/java.util.concurrent.ThreadPoolExecutor.runWorker(ThreadPoolExecutor.java:1136)
		at java.base/java.util.concurrent.ThreadPoolExecutor$Worker.run(ThreadPoolExecutor.java:635)
		at java.base/java.lang.Thread.run(Thread.java:833)
	Caused by: java.lang.InstantiationException
		at java.base/java.io.ObjectStreamClass.newInstance(ObjectStreamClass.java:1180)
		at java.base/java.io.ObjectInputStream.readOrdinaryObject(ObjectInputStream.java:2270)
		... 21 more
	Caused by: java.lang.InstantiationError: java.io.ObjectStreamException
		at java.base/jdk.internal.reflect.GeneratedSerializationConstructorAccessor9.newInstance(Unknown Source)
		at java.base/java.lang.reflect.Constructor.newInstanceWithCaller(Constructor.java:499)
		at java.base/java.lang.reflect.Constructor.newInstance(Constructor.java:483)
		at java.base/java.io.ObjectStreamClass.newInstance(ObjectStreamClass.java:1148)
		... 22 more
01-Jul-2023 00:27:41.691 INFO [localhost-startStop-1] org.apache.catalina.startup.HostConfig.deployDescriptor Deployment of deployment descriptor [D:\Documentos\UCH\IX-CICLO-UCH\TRABAJO GRUPAL\CALIDAD DE SOFTWARE\apache-tomcat-8.5.88\conf\Catalina\localhost\CISE.xml] has finished in [887] ms
01-Jul-2023 00:27:41.691 INFO [localhost-startStop-1] org.apache.catalina.startup.HostConfig.deployDirectory Desplegando el directorio [D:\Documentos\UCH\IX-CICLO-UCH\TRABAJO GRUPAL\CALIDAD DE SOFTWARE\apache-tomcat-8.5.88\webapps\docs] de la aplicación web
01-Jul-2023 00:27:41.747 INFO [localhost-startStop-1] org.apache.catalina.startup.HostConfig.deployDirectory Deployment of web application directory [D:\Documentos\UCH\IX-CICLO-UCH\TRABAJO GRUPAL\CALIDAD DE SOFTWARE\apache-tomcat-8.5.88\webapps\docs] has finished in [55] ms
01-Jul-2023 00:27:41.748 INFO [localhost-startStop-1] org.apache.catalina.startup.HostConfig.deployDirectory Desplegando el directorio [D:\Documentos\UCH\IX-CICLO-UCH\TRABAJO GRUPAL\CALIDAD DE SOFTWARE\apache-tomcat-8.5.88\webapps\examples] de la aplicación web
01-Jul-2023 00:27:42.123 INFO [localhost-startStop-1] org.apache.catalina.startup.HostConfig.deployDirectory Deployment of web application directory [D:\Documentos\UCH\IX-CICLO-UCH\TRABAJO GRUPAL\CALIDAD DE SOFTWARE\apache-tomcat-8.5.88\webapps\examples] has finished in [375] ms
01-Jul-2023 00:27:42.123 INFO [localhost-startStop-1] org.apache.catalina.startup.HostConfig.deployDirectory Desplegando el directorio [D:\Documentos\UCH\IX-CICLO-UCH\TRABAJO GRUPAL\CALIDAD DE SOFTWARE\apache-tomcat-8.5.88\webapps\host-manager] de la aplicación web
01-Jul-2023 00:27:42.159 INFO [localhost-startStop-1] org.apache.catalina.startup.HostConfig.deployDirectory Deployment of web application directory [D:\Documentos\UCH\IX-CICLO-UCH\TRABAJO GRUPAL\CALIDAD DE SOFTWARE\apache-tomcat-8.5.88\webapps\host-manager] has finished in [36] ms
01-Jul-2023 00:27:42.160 INFO [localhost-startStop-1] org.apache.catalina.startup.HostConfig.deployDirectory Desplegando el directorio [D:\Documentos\UCH\IX-CICLO-UCH\TRABAJO GRUPAL\CALIDAD DE SOFTWARE\apache-tomcat-8.5.88\webapps\manager] de la aplicación web
01-Jul-2023 00:27:42.195 INFO [localhost-startStop-1] org.apache.catalina.startup.HostConfig.deployDirectory Deployment of web application directory [D:\Documentos\UCH\IX-CICLO-UCH\TRABAJO GRUPAL\CALIDAD DE SOFTWARE\apache-tomcat-8.5.88\webapps\manager] has finished in [35] ms
01-Jul-2023 00:27:42.195 INFO [localhost-startStop-1] org.apache.catalina.startup.HostConfig.deployDirectory Desplegando el directorio [D:\Documentos\UCH\IX-CICLO-UCH\TRABAJO GRUPAL\CALIDAD DE SOFTWARE\apache-tomcat-8.5.88\webapps\ROOT] de la aplicación web
01-Jul-2023 00:27:42.219 INFO [localhost-startStop-1] org.apache.catalina.startup.HostConfig.deployDirectory Deployment of web application directory [D:\Documentos\UCH\IX-CICLO-UCH\TRABAJO GRUPAL\CALIDAD DE SOFTWARE\apache-tomcat-8.5.88\webapps\ROOT] has finished in [24] ms
01-Jul-2023 00:27:42.220 INFO [main] org.apache.coyote.AbstractProtocol.start Starting ProtocolHandler ["http-nio-8080"]
01-Jul-2023 00:27:42.251 INFO [main] org.apache.catalina.startup.Catalina.start Server startup in 1520 ms
01-Jul-2023 00:54:43.950 INFO [main] org.apache.catalina.core.StandardServer.await Se ha recibido un comando de apagado a través del puerto de apagado. Parando la instancia del Servidor.
01-Jul-2023 00:54:43.950 INFO [main] org.apache.coyote.AbstractProtocol.pause Pausing ProtocolHandler ["http-nio-8080"]
01-Jul-2023 00:54:43.956 INFO [main] org.apache.catalina.core.StandardService.stopInternal Parando servicio [Catalina]
01-Jul-2023 00:54:44.013 WARNING [localhost-startStop-2] org.apache.catalina.loader.WebappClassLoaderBase.clearReferencesJdbc La aplicación web [CISE] registró el conductor JDBC [com.microsoft.sqlserver.jdbc.SQLServerDriver] pero falló al anular el registro mientras la aplicación web estaba parada. Para prevenir un fallo de memoria, se ha anulado el registro del conductor JDBC por la fuerza.
01-Jul-2023 00:54:44.023 INFO [main] org.apache.coyote.AbstractProtocol.stop Stopping ProtocolHandler ["http-nio-8080"]
01-Jul-2023 00:54:44.027 INFO [main] org.apache.coyote.AbstractProtocol.destroy Destroying ProtocolHandler ["http-nio-8080"]
01-Jul-2023 01:19:48.561 INFO [main] org.apache.catalina.startup.VersionLoggerListener.log Nombre de la versión del servidor: Apache Tomcat/8.5.88
01-Jul-2023 01:19:48.563 INFO [main] org.apache.catalina.startup.VersionLoggerListener.log Server built:                      Apr 14 2023 20:16:27 UTC
01-Jul-2023 01:19:48.563 INFO [main] org.apache.catalina.startup.VersionLoggerListener.log Número de versión de servidor:     8.5.88.0
01-Jul-2023 01:19:48.564 INFO [main] org.apache.catalina.startup.VersionLoggerListener.log OS Name:                           Windows 11
01-Jul-2023 01:19:48.564 INFO [main] org.apache.catalina.startup.VersionLoggerListener.log Versión de Systema Operativo:      10.0
01-Jul-2023 01:19:48.564 INFO [main] org.apache.catalina.startup.VersionLoggerListener.log Arquitectura:                      amd64
01-Jul-2023 01:19:48.564 INFO [main] org.apache.catalina.startup.VersionLoggerListener.log Java Home:                         C:\Program Files\Java\jdk-18
01-Jul-2023 01:19:48.564 INFO [main] org.apache.catalina.startup.VersionLoggerListener.log JVM Version:                       18+36-2087
01-Jul-2023 01:19:48.564 INFO [main] org.apache.catalina.startup.VersionLoggerListener.log Vededor JVM:                       Oracle Corporation
01-Jul-2023 01:19:48.564 INFO [main] org.apache.catalina.startup.VersionLoggerListener.log CATALINA_BASE:                     D:\Documentos\UCH\IX-CICLO-UCH\TRABAJO GRUPAL\CALIDAD DE SOFTWARE\apache-tomcat-8.5.88
01-Jul-2023 01:19:48.564 INFO [main] org.apache.catalina.startup.VersionLoggerListener.log CATALINA_HOME:                     D:\Documentos\UCH\IX-CICLO-UCH\TRABAJO GRUPAL\CALIDAD DE SOFTWARE\apache-tomcat-8.5.88
01-Jul-2023 01:19:48.566 INFO [main] org.apache.catalina.startup.VersionLoggerListener.log Command line argument:             --add-opens=java.base/java.lang=ALL-UNNAMED
01-Jul-2023 01:19:48.566 INFO [main] org.apache.catalina.startup.VersionLoggerListener.log Command line argument:             --add-opens=java.base/java.io=ALL-UNNAMED
01-Jul-2023 01:19:48.566 INFO [main] org.apache.catalina.startup.VersionLoggerListener.log Command line argument:             --add-opens=java.base/java.util=ALL-UNNAMED
01-Jul-2023 01:19:48.566 INFO [main] org.apache.catalina.startup.VersionLoggerListener.log Command line argument:             --add-opens=java.base/java.util.concurrent=ALL-UNNAMED
01-Jul-2023 01:19:48.566 INFO [main] org.apache.catalina.startup.VersionLoggerListener.log Command line argument:             --add-opens=java.rmi/sun.rmi.transport=ALL-UNNAMED
01-Jul-2023 01:19:48.566 INFO [main] org.apache.catalina.startup.VersionLoggerListener.log Command line argument:             -Djava.util.logging.config.file=D:\Documentos\UCH\IX-CICLO-UCH\TRABAJO GRUPAL\CALIDAD DE SOFTWARE\apache-tomcat-8.5.88\conf\logging.properties
01-Jul-2023 01:19:48.566 INFO [main] org.apache.catalina.startup.VersionLoggerListener.log Command line argument:             -Djava.util.logging.manager=org.apache.juli.ClassLoaderLogManager
01-Jul-2023 01:19:48.566 INFO [main] org.apache.catalina.startup.VersionLoggerListener.log Command line argument:             -Djdk.tls.ephemeralDHKeySize=2048
01-Jul-2023 01:19:48.566 INFO [main] org.apache.catalina.startup.VersionLoggerListener.log Command line argument:             -Djava.protocol.handler.pkgs=org.apache.catalina.webresources
01-Jul-2023 01:19:48.566 INFO [main] org.apache.catalina.startup.VersionLoggerListener.log Command line argument:             -Dignore.endorsed.dirs=
01-Jul-2023 01:19:48.566 INFO [main] org.apache.catalina.startup.VersionLoggerListener.log Command line argument:             -Dcatalina.base=D:\Documentos\UCH\IX-CICLO-UCH\TRABAJO GRUPAL\CALIDAD DE SOFTWARE\apache-tomcat-8.5.88
01-Jul-2023 01:19:48.566 INFO [main] org.apache.catalina.startup.VersionLoggerListener.log Command line argument:             -Dcatalina.home=D:\Documentos\UCH\IX-CICLO-UCH\TRABAJO GRUPAL\CALIDAD DE SOFTWARE\apache-tomcat-8.5.88
01-Jul-2023 01:19:48.567 INFO [main] org.apache.catalina.startup.VersionLoggerListener.log Command line argument:             -Djava.io.tmpdir=D:\Documentos\UCH\IX-CICLO-UCH\TRABAJO GRUPAL\CALIDAD DE SOFTWARE\apache-tomcat-8.5.88\temp
01-Jul-2023 01:19:48.620 INFO [main] org.apache.catalina.core.AprLifecycleListener.lifecycleEvent Cargada la biblioteca nativa APR de Apache Tomcat [1.2.36] con la versión APR [1.7.2].
01-Jul-2023 01:19:48.620 INFO [main] org.apache.catalina.core.AprLifecycleListener.lifecycleEvent Capacidades APR: IPv6 [true], enviar fichero [true], aceptar filtros [false], aleatorio [true], UDS [{4}].
01-Jul-2023 01:19:48.620 INFO [main] org.apache.catalina.core.AprLifecycleListener.lifecycleEvent APR/OpenSSL configuration: useAprConnector [false], useOpenSSL [true]
01-Jul-2023 01:19:48.693 INFO [main] org.apache.catalina.core.AprLifecycleListener.initializeSSL OpenSSL inicializado correctamente [OpenSSL 1.1.1t  7 Feb 2023]
01-Jul-2023 01:19:48.740 INFO [main] org.apache.coyote.AbstractProtocol.init Inicializando el manejador de protocolo ["http-nio-8080"]

01-Jul-2023 01:19:48.757 INFO [main] org.apache.catalina.startup.Catalina.load Initialization processed in 747 ms
01-Jul-2023 01:19:48.813 INFO [main] org.apache.catalina.core.StandardService.startInternal Arrancando servicio [Catalina]
01-Jul-2023 01:19:48.813 INFO [main] org.apache.catalina.core.StandardEngine.startInternal Starting Servlet engine: [Apache Tomcat/8.5.88]
01-Jul-2023 01:19:48.839 INFO [localhost-startStop-1] org.apache.catalina.startup.HostConfig.deployDescriptor Desplieque del descriptor de configuración [D:\Documentos\UCH\IX-CICLO-UCH\TRABAJO GRUPAL\CALIDAD DE SOFTWARE\apache-tomcat-8.5.88\conf\Catalina\localhost\CISE.xml]
01-Jul-2023 01:19:48.902 WARNING [localhost-startStop-1] org.apache.catalina.startup.SetContextPropertiesRule.begin [SetContextPropertiesRule]{Context} Setting property 'antiJARLocking' to 'true' did not find a matching property.
01-Jul-2023 01:19:49.546 INFO [localhost-startStop-1] org.apache.jasper.servlet.TldScanner.scanJars Al menos un JAR, que se ha explorado buscando TLDs, aún no contenía TLDs. Activar historial de depuración para este historiador para una completa lista de los JARs que fueron explorados y de los que nos se halló TLDs. Saltarse JARs no necesarios durante la exploración puede dar lugar a una mejora de tiempo significativa en el arranque y compilación de JSP .
01-Jul-2023 01:19:49.655 SEVERE [localhost-startStop-1] org.apache.catalina.session.StandardManager.startInternal Excepción cargando sesiones desde almacenamiento persistente
	java.io.InvalidClassException: java.io.ObjectStreamException; unable to create instance
		at java.base/java.io.ObjectInputStream.readOrdinaryObject(ObjectInputStream.java:2273)
		at java.base/java.io.ObjectInputStream.readObject0(ObjectInputStream.java:1768)
		at java.base/java.io.ObjectInputStream.readObject(ObjectInputStream.java:543)
		at java.base/java.io.ObjectInputStream.readObject(ObjectInputStream.java:501)
		at org.apache.catalina.session.StandardSession.doReadObject(StandardSession.java:1630)
		at org.apache.catalina.session.StandardSession.readObjectData(StandardSession.java:1050)
		at org.apache.catalina.session.StandardManager.doLoad(StandardManager.java:219)
		at org.apache.catalina.session.StandardManager.load(StandardManager.java:162)
		at org.apache.catalina.session.StandardManager.startInternal(StandardManager.java:356)
		at org.apache.catalina.util.LifecycleBase.start(LifecycleBase.java:183)
		at org.apache.catalina.core.StandardContext.startInternal(StandardContext.java:4967)
		at org.apache.catalina.util.LifecycleBase.start(LifecycleBase.java:183)
		at org.apache.catalina.core.ContainerBase.addChildInternal(ContainerBase.java:711)
		at org.apache.catalina.core.ContainerBase.addChild(ContainerBase.java:688)
		at org.apache.catalina.core.StandardHost.addChild(StandardHost.java:661)
		at org.apache.catalina.startup.HostConfig.deployDescriptor(HostConfig.java:673)
		at org.apache.catalina.startup.HostConfig$DeployDescriptor.run(HostConfig.java:1881)
		at java.base/java.util.concurrent.Executors$RunnableAdapter.call(Executors.java:539)
		at java.base/java.util.concurrent.FutureTask.run(FutureTask.java:264)
		at java.base/java.util.concurrent.ThreadPoolExecutor.runWorker(ThreadPoolExecutor.java:1136)
		at java.base/java.util.concurrent.ThreadPoolExecutor$Worker.run(ThreadPoolExecutor.java:635)
		at java.base/java.lang.Thread.run(Thread.java:833)
	Caused by: java.lang.InstantiationException
		at java.base/java.io.ObjectStreamClass.newInstance(ObjectStreamClass.java:1180)
		at java.base/java.io.ObjectInputStream.readOrdinaryObject(ObjectInputStream.java:2270)
		... 21 more
	Caused by: java.lang.InstantiationError: java.io.ObjectStreamException
		at java.base/jdk.internal.reflect.GeneratedSerializationConstructorAccessor9.newInstance(Unknown Source)
		at java.base/java.lang.reflect.Constructor.newInstanceWithCaller(Constructor.java:499)
		at java.base/java.lang.reflect.Constructor.newInstance(Constructor.java:483)
		at java.base/java.io.ObjectStreamClass.newInstance(ObjectStreamClass.java:1148)
		... 22 more
01-Jul-2023 01:19:49.671 INFO [localhost-startStop-1] org.apache.catalina.startup.HostConfig.deployDescriptor Deployment of deployment descriptor [D:\Documentos\UCH\IX-CICLO-UCH\TRABAJO GRUPAL\CALIDAD DE SOFTWARE\apache-tomcat-8.5.88\conf\Catalina\localhost\CISE.xml] has finished in [830] ms
01-Jul-2023 01:19:49.672 INFO [localhost-startStop-1] org.apache.catalina.startup.HostConfig.deployDirectory Desplegando el directorio [D:\Documentos\UCH\IX-CICLO-UCH\TRABAJO GRUPAL\CALIDAD DE SOFTWARE\apache-tomcat-8.5.88\webapps\docs] de la aplicación web
01-Jul-2023 01:19:49.753 INFO [localhost-startStop-1] org.apache.catalina.startup.HostConfig.deployDirectory Deployment of web application directory [D:\Documentos\UCH\IX-CICLO-UCH\TRABAJO GRUPAL\CALIDAD DE SOFTWARE\apache-tomcat-8.5.88\webapps\docs] has finished in [79] ms
01-Jul-2023 01:19:49.753 INFO [localhost-startStop-1] org.apache.catalina.startup.HostConfig.deployDirectory Desplegando el directorio [D:\Documentos\UCH\IX-CICLO-UCH\TRABAJO GRUPAL\CALIDAD DE SOFTWARE\apache-tomcat-8.5.88\webapps\examples] de la aplicación web
01-Jul-2023 01:19:51.672 INFO [localhost-startStop-1] org.apache.catalina.startup.HostConfig.deployDirectory Deployment of web application directory [D:\Documentos\UCH\IX-CICLO-UCH\TRABAJO GRUPAL\CALIDAD DE SOFTWARE\apache-tomcat-8.5.88\webapps\examples] has finished in [1.919] ms
01-Jul-2023 01:19:51.672 INFO [localhost-startStop-1] org.apache.catalina.startup.HostConfig.deployDirectory Desplegando el directorio [D:\Documentos\UCH\IX-CICLO-UCH\TRABAJO GRUPAL\CALIDAD DE SOFTWARE\apache-tomcat-8.5.88\webapps\host-manager] de la aplicación web
01-Jul-2023 01:19:51.732 INFO [localhost-startStop-1] org.apache.catalina.startup.HostConfig.deployDirectory Deployment of web application directory [D:\Documentos\UCH\IX-CICLO-UCH\TRABAJO GRUPAL\CALIDAD DE SOFTWARE\apache-tomcat-8.5.88\webapps\host-manager] has finished in [60] ms
01-Jul-2023 01:19:51.732 INFO [localhost-startStop-1] org.apache.catalina.startup.HostConfig.deployDirectory Desplegando el directorio [D:\Documentos\UCH\IX-CICLO-UCH\TRABAJO GRUPAL\CALIDAD DE SOFTWARE\apache-tomcat-8.5.88\webapps\manager] de la aplicación web
01-Jul-2023 01:19:51.793 INFO [localhost-startStop-1] org.apache.catalina.startup.HostConfig.deployDirectory Deployment of web application directory [D:\Documentos\UCH\IX-CICLO-UCH\TRABAJO GRUPAL\CALIDAD DE SOFTWARE\apache-tomcat-8.5.88\webapps\manager] has finished in [61] ms
01-Jul-2023 01:19:51.793 INFO [localhost-startStop-1] org.apache.catalina.startup.HostConfig.deployDirectory Desplegando el directorio [D:\Documentos\UCH\IX-CICLO-UCH\TRABAJO GRUPAL\CALIDAD DE SOFTWARE\apache-tomcat-8.5.88\webapps\ROOT] de la aplicación web
01-Jul-2023 01:19:51.819 INFO [localhost-startStop-1] org.apache.catalina.startup.HostConfig.deployDirectory Deployment of web application directory [D:\Documentos\UCH\IX-CICLO-UCH\TRABAJO GRUPAL\CALIDAD DE SOFTWARE\apache-tomcat-8.5.88\webapps\ROOT] has finished in [26] ms
01-Jul-2023 01:19:51.821 INFO [main] org.apache.coyote.AbstractProtocol.start Starting ProtocolHandler ["http-nio-8080"]
01-Jul-2023 01:19:51.850 INFO [main] org.apache.catalina.startup.Catalina.start Server startup in 3089 ms
01-Jul-2023 01:24:23.927 WARNING [http-nio-8080-exec-1] org.apache.catalina.loader.WebappClassLoaderBase.clearReferencesJdbc La aplicación web [CISE] registró el conductor JDBC [com.microsoft.sqlserver.jdbc.SQLServerDriver] pero falló al anular el registro mientras la aplicación web estaba parada. Para prevenir un fallo de memoria, se ha anulado el registro del conductor JDBC por la fuerza.
01-Jul-2023 01:24:24.442 INFO [http-nio-8080-exec-1] org.apache.catalina.startup.HostConfig.undeploy Repliegue (undeploy) de la aplicación web que tiene como trayectoria de contexto [/CISE]
01-Jul-2023 01:24:59.555 INFO [main] org.apache.catalina.core.StandardServer.await Se ha recibido un comando de apagado a través del puerto de apagado. Parando la instancia del Servidor.
01-Jul-2023 01:24:59.556 INFO [main] org.apache.coyote.AbstractProtocol.pause Pausing ProtocolHandler ["http-nio-8080"]
01-Jul-2023 01:24:59.560 INFO [main] org.apache.catalina.core.StandardService.stopInternal Parando servicio [Catalina]
01-Jul-2023 01:24:59.628 INFO [main] org.apache.coyote.AbstractProtocol.stop Stopping ProtocolHandler ["http-nio-8080"]
01-Jul-2023 01:24:59.638 INFO [main] org.apache.coyote.AbstractProtocol.destroy Destroying ProtocolHandler ["http-nio-8080"]
01-Jul-2023 01:25:17.558 INFO [main] org.apache.catalina.startup.VersionLoggerListener.log Nombre de la versión del servidor: Apache Tomcat/8.5.88
01-Jul-2023 01:25:17.561 INFO [main] org.apache.catalina.startup.VersionLoggerListener.log Server built:                      Apr 14 2023 20:16:27 UTC
01-Jul-2023 01:25:17.561 INFO [main] org.apache.catalina.startup.VersionLoggerListener.log Número de versión de servidor:     8.5.88.0
01-Jul-2023 01:25:17.561 INFO [main] org.apache.catalina.startup.VersionLoggerListener.log OS Name:                           Windows 11
01-Jul-2023 01:25:17.561 INFO [main] org.apache.catalina.startup.VersionLoggerListener.log Versión de Systema Operativo:      10.0
01-Jul-2023 01:25:17.561 INFO [main] org.apache.catalina.startup.VersionLoggerListener.log Arquitectura:                      amd64
01-Jul-2023 01:25:17.562 INFO [main] org.apache.catalina.startup.VersionLoggerListener.log Java Home:                         C:\Program Files\Java\jdk-18
01-Jul-2023 01:25:17.562 INFO [main] org.apache.catalina.startup.VersionLoggerListener.log JVM Version:                       18+36-2087
01-Jul-2023 01:25:17.562 INFO [main] org.apache.catalina.startup.VersionLoggerListener.log Vededor JVM:                       Oracle Corporation
01-Jul-2023 01:25:17.562 INFO [main] org.apache.catalina.startup.VersionLoggerListener.log CATALINA_BASE:                     D:\Documentos\UCH\IX-CICLO-UCH\TRABAJO GRUPAL\CALIDAD DE SOFTWARE\apache-tomcat-8.5.88
01-Jul-2023 01:25:17.562 INFO [main] org.apache.catalina.startup.VersionLoggerListener.log CATALINA_HOME:                     D:\Documentos\UCH\IX-CICLO-UCH\TRABAJO GRUPAL\CALIDAD DE SOFTWARE\apache-tomcat-8.5.88
01-Jul-2023 01:25:17.562 INFO [main] org.apache.catalina.startup.VersionLoggerListener.log Command line argument:             --add-opens=java.base/java.lang=ALL-UNNAMED
01-Jul-2023 01:25:17.562 INFO [main] org.apache.catalina.startup.VersionLoggerListener.log Command line argument:             --add-opens=java.base/java.io=ALL-UNNAMED
01-Jul-2023 01:25:17.562 INFO [main] org.apache.catalina.startup.VersionLoggerListener.log Command line argument:             --add-opens=java.base/java.util=ALL-UNNAMED
01-Jul-2023 01:25:17.562 INFO [main] org.apache.catalina.startup.VersionLoggerListener.log Command line argument:             --add-opens=java.base/java.util.concurrent=ALL-UNNAMED
01-Jul-2023 01:25:17.562 INFO [main] org.apache.catalina.startup.VersionLoggerListener.log Command line argument:             --add-opens=java.rmi/sun.rmi.transport=ALL-UNNAMED
01-Jul-2023 01:25:17.562 INFO [main] org.apache.catalina.startup.VersionLoggerListener.log Command line argument:             -Djava.util.logging.config.file=D:\Documentos\UCH\IX-CICLO-UCH\TRABAJO GRUPAL\CALIDAD DE SOFTWARE\apache-tomcat-8.5.88\conf\logging.properties
01-Jul-2023 01:25:17.562 INFO [main] org.apache.catalina.startup.VersionLoggerListener.log Command line argument:             -Djava.util.logging.manager=org.apache.juli.ClassLoaderLogManager
01-Jul-2023 01:25:17.562 INFO [main] org.apache.catalina.startup.VersionLoggerListener.log Command line argument:             -Djdk.tls.ephemeralDHKeySize=2048
01-Jul-2023 01:25:17.563 INFO [main] org.apache.catalina.startup.VersionLoggerListener.log Command line argument:             -Djava.protocol.handler.pkgs=org.apache.catalina.webresources
01-Jul-2023 01:25:17.563 INFO [main] org.apache.catalina.startup.VersionLoggerListener.log Command line argument:             -Dignore.endorsed.dirs=
01-Jul-2023 01:25:17.563 INFO [main] org.apache.catalina.startup.VersionLoggerListener.log Command line argument:             -Dcatalina.base=D:\Documentos\UCH\IX-CICLO-UCH\TRABAJO GRUPAL\CALIDAD DE SOFTWARE\apache-tomcat-8.5.88
01-Jul-2023 01:25:17.563 INFO [main] org.apache.catalina.startup.VersionLoggerListener.log Command line argument:             -Dcatalina.home=D:\Documentos\UCH\IX-CICLO-UCH\TRABAJO GRUPAL\CALIDAD DE SOFTWARE\apache-tomcat-8.5.88
01-Jul-2023 01:25:17.563 INFO [main] org.apache.catalina.startup.VersionLoggerListener.log Command line argument:             -Djava.io.tmpdir=D:\Documentos\UCH\IX-CICLO-UCH\TRABAJO GRUPAL\CALIDAD DE SOFTWARE\apache-tomcat-8.5.88\temp
01-Jul-2023 01:25:17.578 INFO [main] org.apache.catalina.core.AprLifecycleListener.lifecycleEvent Cargada la biblioteca nativa APR de Apache Tomcat [1.2.36] con la versión APR [1.7.2].
01-Jul-2023 01:25:17.578 INFO [main] org.apache.catalina.core.AprLifecycleListener.lifecycleEvent Capacidades APR: IPv6 [true], enviar fichero [true], aceptar filtros [false], aleatorio [true], UDS [{4}].
01-Jul-2023 01:25:17.578 INFO [main] org.apache.catalina.core.AprLifecycleListener.lifecycleEvent APR/OpenSSL configuration: useAprConnector [false], useOpenSSL [true]
01-Jul-2023 01:25:17.582 INFO [main] org.apache.catalina.core.AprLifecycleListener.initializeSSL OpenSSL inicializado correctamente [OpenSSL 1.1.1t  7 Feb 2023]
01-Jul-2023 01:25:17.614 INFO [main] org.apache.coyote.AbstractProtocol.init Inicializando el manejador de protocolo ["http-nio-8080"]

01-Jul-2023 01:25:17.631 INFO [main] org.apache.catalina.startup.Catalina.load Initialization processed in 360 ms
01-Jul-2023 01:25:17.659 INFO [main] org.apache.catalina.core.StandardService.startInternal Arrancando servicio [Catalina]
01-Jul-2023 01:25:17.659 INFO [main] org.apache.catalina.core.StandardEngine.startInternal Starting Servlet engine: [Apache Tomcat/8.5.88]
01-Jul-2023 01:25:17.664 INFO [localhost-startStop-1] org.apache.catalina.startup.HostConfig.deployDirectory Desplegando el directorio [D:\Documentos\UCH\IX-CICLO-UCH\TRABAJO GRUPAL\CALIDAD DE SOFTWARE\apache-tomcat-8.5.88\webapps\docs] de la aplicación web
01-Jul-2023 01:25:17.857 INFO [localhost-startStop-1] org.apache.catalina.startup.HostConfig.deployDirectory Deployment of web application directory [D:\Documentos\UCH\IX-CICLO-UCH\TRABAJO GRUPAL\CALIDAD DE SOFTWARE\apache-tomcat-8.5.88\webapps\docs] has finished in [190] ms
01-Jul-2023 01:25:17.858 INFO [localhost-startStop-1] org.apache.catalina.startup.HostConfig.deployDirectory Desplegando el directorio [D:\Documentos\UCH\IX-CICLO-UCH\TRABAJO GRUPAL\CALIDAD DE SOFTWARE\apache-tomcat-8.5.88\webapps\examples] de la aplicación web
01-Jul-2023 01:25:18.089 INFO [localhost-startStop-1] org.apache.catalina.startup.HostConfig.deployDirectory Deployment of web application directory [D:\Documentos\UCH\IX-CICLO-UCH\TRABAJO GRUPAL\CALIDAD DE SOFTWARE\apache-tomcat-8.5.88\webapps\examples] has finished in [232] ms
01-Jul-2023 01:25:18.089 INFO [localhost-startStop-1] org.apache.catalina.startup.HostConfig.deployDirectory Desplegando el directorio [D:\Documentos\UCH\IX-CICLO-UCH\TRABAJO GRUPAL\CALIDAD DE SOFTWARE\apache-tomcat-8.5.88\webapps\host-manager] de la aplicación web
01-Jul-2023 01:25:18.115 INFO [localhost-startStop-1] org.apache.catalina.startup.HostConfig.deployDirectory Deployment of web application directory [D:\Documentos\UCH\IX-CICLO-UCH\TRABAJO GRUPAL\CALIDAD DE SOFTWARE\apache-tomcat-8.5.88\webapps\host-manager] has finished in [26] ms
01-Jul-2023 01:25:18.115 INFO [localhost-startStop-1] org.apache.catalina.startup.HostConfig.deployDirectory Desplegando el directorio [D:\Documentos\UCH\IX-CICLO-UCH\TRABAJO GRUPAL\CALIDAD DE SOFTWARE\apache-tomcat-8.5.88\webapps\manager] de la aplicación web
01-Jul-2023 01:25:18.137 INFO [localhost-startStop-1] org.apache.catalina.startup.HostConfig.deployDirectory Deployment of web application directory [D:\Documentos\UCH\IX-CICLO-UCH\TRABAJO GRUPAL\CALIDAD DE SOFTWARE\apache-tomcat-8.5.88\webapps\manager] has finished in [22] ms
01-Jul-2023 01:25:18.137 INFO [localhost-startStop-1] org.apache.catalina.startup.HostConfig.deployDirectory Desplegando el directorio [D:\Documentos\UCH\IX-CICLO-UCH\TRABAJO GRUPAL\CALIDAD DE SOFTWARE\apache-tomcat-8.5.88\webapps\ROOT] de la aplicación web
01-Jul-2023 01:25:18.158 INFO [localhost-startStop-1] org.apache.catalina.startup.HostConfig.deployDirectory Deployment of web application directory [D:\Documentos\UCH\IX-CICLO-UCH\TRABAJO GRUPAL\CALIDAD DE SOFTWARE\apache-tomcat-8.5.88\webapps\ROOT] has finished in [20] ms
01-Jul-2023 01:25:18.160 INFO [main] org.apache.coyote.AbstractProtocol.start Starting ProtocolHandler ["http-nio-8080"]
01-Jul-2023 01:25:18.192 INFO [main] org.apache.catalina.startup.Catalina.start Server startup in 560 ms
01-Jul-2023 01:25:18.297 INFO [http-nio-8080-exec-5] org.apache.catalina.startup.HostConfig.deployDescriptor Desplieque del descriptor de configuración [D:\Documentos\UCH\IX-CICLO-UCH\TRABAJO GRUPAL\CALIDAD DE SOFTWARE\apache-tomcat-8.5.88\conf\Catalina\localhost\CISE.xml]
01-Jul-2023 01:25:18.301 WARNING [http-nio-8080-exec-5] org.apache.catalina.startup.SetContextPropertiesRule.begin [SetContextPropertiesRule]{Context} Setting property 'antiJARLocking' to 'true' did not find a matching property.
01-Jul-2023 01:25:18.616 INFO [http-nio-8080-exec-5] org.apache.jasper.servlet.TldScanner.scanJars Al menos un JAR, que se ha explorado buscando TLDs, aún no contenía TLDs. Activar historial de depuración para este historiador para una completa lista de los JARs que fueron explorados y de los que nos se halló TLDs. Saltarse JARs no necesarios durante la exploración puede dar lugar a una mejora de tiempo significativa en el arranque y compilación de JSP .
01-Jul-2023 01:25:18.632 INFO [http-nio-8080-exec-5] org.apache.catalina.startup.HostConfig.deployDescriptor Deployment of deployment descriptor [D:\Documentos\UCH\IX-CICLO-UCH\TRABAJO GRUPAL\CALIDAD DE SOFTWARE\apache-tomcat-8.5.88\conf\Catalina\localhost\CISE.xml] has finished in [334] ms
01-Jul-2023 01:25:18.634 INFO [http-nio-8080-exec-9] org.apache.catalina.util.LifecycleBase.start The start() method was called on component [StandardEngine[Catalina].StandardHost[localhost].StandardContext[/CISE]] after start() had already been called. The second call will be ignored.
01-Jul-2023 01:26:32.413 INFO [main] org.apache.catalina.core.StandardServer.await Se ha recibido un comando de apagado a través del puerto de apagado. Parando la instancia del Servidor.
01-Jul-2023 01:26:32.416 INFO [main] org.apache.coyote.AbstractProtocol.pause Pausing ProtocolHandler ["http-nio-8080"]
01-Jul-2023 01:26:32.422 INFO [main] org.apache.catalina.core.StandardService.stopInternal Parando servicio [Catalina]
01-Jul-2023 01:26:32.439 WARNING [localhost-startStop-2] org.apache.catalina.loader.WebappClassLoaderBase.clearReferencesJdbc La aplicación web [CISE] registró el conductor JDBC [com.microsoft.sqlserver.jdbc.SQLServerDriver] pero falló al anular el registro mientras la aplicación web estaba parada. Para prevenir un fallo de memoria, se ha anulado el registro del conductor JDBC por la fuerza.
01-Jul-2023 01:26:32.450 INFO [main] org.apache.coyote.AbstractProtocol.stop Stopping ProtocolHandler ["http-nio-8080"]
01-Jul-2023 01:26:32.462 INFO [main] org.apache.coyote.AbstractProtocol.destroy Destroying ProtocolHandler ["http-nio-8080"]
01-Jul-2023 12:25:32.477 INFO [main] org.apache.catalina.startup.VersionLoggerListener.log Nombre de la versión del servidor: Apache Tomcat/8.5.88
01-Jul-2023 12:25:32.479 INFO [main] org.apache.catalina.startup.VersionLoggerListener.log Server built:                      Apr 14 2023 20:16:27 UTC
01-Jul-2023 12:25:32.479 INFO [main] org.apache.catalina.startup.VersionLoggerListener.log Número de versión de servidor:     8.5.88.0
01-Jul-2023 12:25:32.480 INFO [main] org.apache.catalina.startup.VersionLoggerListener.log OS Name:                           Windows 11
01-Jul-2023 12:25:32.480 INFO [main] org.apache.catalina.startup.VersionLoggerListener.log Versión de Systema Operativo:      10.0
01-Jul-2023 12:25:32.480 INFO [main] org.apache.catalina.startup.VersionLoggerListener.log Arquitectura:                      amd64
01-Jul-2023 12:25:32.480 INFO [main] org.apache.catalina.startup.VersionLoggerListener.log Java Home:                         C:\Program Files\Java\jdk-18
01-Jul-2023 12:25:32.480 INFO [main] org.apache.catalina.startup.VersionLoggerListener.log JVM Version:                       18+36-2087
01-Jul-2023 12:25:32.480 INFO [main] org.apache.catalina.startup.VersionLoggerListener.log Vededor JVM:                       Oracle Corporation
01-Jul-2023 12:25:32.480 INFO [main] org.apache.catalina.startup.VersionLoggerListener.log CATALINA_BASE:                     D:\Documentos\UCH\IX-CICLO-UCH\TRABAJO GRUPAL\CALIDAD DE SOFTWARE\apache-tomcat-8.5.88
01-Jul-2023 12:25:32.480 INFO [main] org.apache.catalina.startup.VersionLoggerListener.log CATALINA_HOME:                     D:\Documentos\UCH\IX-CICLO-UCH\TRABAJO GRUPAL\CALIDAD DE SOFTWARE\apache-tomcat-8.5.88
01-Jul-2023 12:25:32.481 INFO [main] org.apache.catalina.startup.VersionLoggerListener.log Command line argument:             --add-opens=java.base/java.lang=ALL-UNNAMED
01-Jul-2023 12:25:32.481 INFO [main] org.apache.catalina.startup.VersionLoggerListener.log Command line argument:             --add-opens=java.base/java.io=ALL-UNNAMED
01-Jul-2023 12:25:32.481 INFO [main] org.apache.catalina.startup.VersionLoggerListener.log Command line argument:             --add-opens=java.base/java.util=ALL-UNNAMED
01-Jul-2023 12:25:32.481 INFO [main] org.apache.catalina.startup.VersionLoggerListener.log Command line argument:             --add-opens=java.base/java.util.concurrent=ALL-UNNAMED
01-Jul-2023 12:25:32.481 INFO [main] org.apache.catalina.startup.VersionLoggerListener.log Command line argument:             --add-opens=java.rmi/sun.rmi.transport=ALL-UNNAMED
01-Jul-2023 12:25:32.481 INFO [main] org.apache.catalina.startup.VersionLoggerListener.log Command line argument:             -Djava.util.logging.config.file=D:\Documentos\UCH\IX-CICLO-UCH\TRABAJO GRUPAL\CALIDAD DE SOFTWARE\apache-tomcat-8.5.88\conf\logging.properties
01-Jul-2023 12:25:32.481 INFO [main] org.apache.catalina.startup.VersionLoggerListener.log Command line argument:             -Djava.util.logging.manager=org.apache.juli.ClassLoaderLogManager
01-Jul-2023 12:25:32.481 INFO [main] org.apache.catalina.startup.VersionLoggerListener.log Command line argument:             -Djdk.tls.ephemeralDHKeySize=2048
01-Jul-2023 12:25:32.481 INFO [main] org.apache.catalina.startup.VersionLoggerListener.log Command line argument:             -Djava.protocol.handler.pkgs=org.apache.catalina.webresources
01-Jul-2023 12:25:32.481 INFO [main] org.apache.catalina.startup.VersionLoggerListener.log Command line argument:             -Dignore.endorsed.dirs=
01-Jul-2023 12:25:32.481 INFO [main] org.apache.catalina.startup.VersionLoggerListener.log Command line argument:             -Dcatalina.base=D:\Documentos\UCH\IX-CICLO-UCH\TRABAJO GRUPAL\CALIDAD DE SOFTWARE\apache-tomcat-8.5.88
01-Jul-2023 12:25:32.481 INFO [main] org.apache.catalina.startup.VersionLoggerListener.log Command line argument:             -Dcatalina.home=D:\Documentos\UCH\IX-CICLO-UCH\TRABAJO GRUPAL\CALIDAD DE SOFTWARE\apache-tomcat-8.5.88
01-Jul-2023 12:25:32.481 INFO [main] org.apache.catalina.startup.VersionLoggerListener.log Command line argument:             -Djava.io.tmpdir=D:\Documentos\UCH\IX-CICLO-UCH\TRABAJO GRUPAL\CALIDAD DE SOFTWARE\apache-tomcat-8.5.88\temp
01-Jul-2023 12:25:32.512 INFO [main] org.apache.catalina.core.AprLifecycleListener.lifecycleEvent Cargada la biblioteca nativa APR de Apache Tomcat [1.2.36] con la versión APR [1.7.2].
01-Jul-2023 12:25:32.512 INFO [main] org.apache.catalina.core.AprLifecycleListener.lifecycleEvent Capacidades APR: IPv6 [true], enviar fichero [true], aceptar filtros [false], aleatorio [true], UDS [{4}].
01-Jul-2023 12:25:32.512 INFO [main] org.apache.catalina.core.AprLifecycleListener.lifecycleEvent APR/OpenSSL configuration: useAprConnector [false], useOpenSSL [true]
01-Jul-2023 12:25:32.643 INFO [main] org.apache.catalina.core.AprLifecycleListener.initializeSSL OpenSSL inicializado correctamente [OpenSSL 1.1.1t  7 Feb 2023]
01-Jul-2023 12:25:32.702 INFO [main] org.apache.coyote.AbstractProtocol.init Inicializando el manejador de protocolo ["http-nio-8080"]

01-Jul-2023 12:25:32.720 INFO [main] org.apache.catalina.startup.Catalina.load Initialization processed in 800 ms
01-Jul-2023 12:25:32.773 INFO [main] org.apache.catalina.core.StandardService.startInternal Arrancando servicio [Catalina]
01-Jul-2023 12:25:32.773 INFO [main] org.apache.catalina.core.StandardEngine.startInternal Starting Servlet engine: [Apache Tomcat/8.5.88]
01-Jul-2023 12:25:32.806 INFO [localhost-startStop-1] org.apache.catalina.startup.HostConfig.deployDescriptor Desplieque del descriptor de configuración [D:\Documentos\UCH\IX-CICLO-UCH\TRABAJO GRUPAL\CALIDAD DE SOFTWARE\apache-tomcat-8.5.88\conf\Catalina\localhost\CISE.xml]
01-Jul-2023 12:25:32.860 WARNING [localhost-startStop-1] org.apache.catalina.startup.SetContextPropertiesRule.begin [SetContextPropertiesRule]{Context} Setting property 'antiJARLocking' to 'true' did not find a matching property.
01-Jul-2023 12:25:33.565 INFO [localhost-startStop-1] org.apache.jasper.servlet.TldScanner.scanJars Al menos un JAR, que se ha explorado buscando TLDs, aún no contenía TLDs. Activar historial de depuración para este historiador para una completa lista de los JARs que fueron explorados y de los que nos se halló TLDs. Saltarse JARs no necesarios durante la exploración puede dar lugar a una mejora de tiempo significativa en el arranque y compilación de JSP .
01-Jul-2023 12:25:33.682 INFO [localhost-startStop-1] org.apache.catalina.startup.HostConfig.deployDescriptor Deployment of deployment descriptor [D:\Documentos\UCH\IX-CICLO-UCH\TRABAJO GRUPAL\CALIDAD DE SOFTWARE\apache-tomcat-8.5.88\conf\Catalina\localhost\CISE.xml] has finished in [875] ms
01-Jul-2023 12:25:33.683 INFO [localhost-startStop-1] org.apache.catalina.startup.HostConfig.deployDirectory Desplegando el directorio [D:\Documentos\UCH\IX-CICLO-UCH\TRABAJO GRUPAL\CALIDAD DE SOFTWARE\apache-tomcat-8.5.88\webapps\docs] de la aplicación web
01-Jul-2023 12:25:33.788 INFO [localhost-startStop-1] org.apache.catalina.startup.HostConfig.deployDirectory Deployment of web application directory [D:\Documentos\UCH\IX-CICLO-UCH\TRABAJO GRUPAL\CALIDAD DE SOFTWARE\apache-tomcat-8.5.88\webapps\docs] has finished in [105] ms
01-Jul-2023 12:25:33.788 INFO [localhost-startStop-1] org.apache.catalina.startup.HostConfig.deployDirectory Desplegando el directorio [D:\Documentos\UCH\IX-CICLO-UCH\TRABAJO GRUPAL\CALIDAD DE SOFTWARE\apache-tomcat-8.5.88\webapps\examples] de la aplicación web
01-Jul-2023 12:25:35.412 INFO [localhost-startStop-1] org.apache.catalina.startup.HostConfig.deployDirectory Deployment of web application directory [D:\Documentos\UCH\IX-CICLO-UCH\TRABAJO GRUPAL\CALIDAD DE SOFTWARE\apache-tomcat-8.5.88\webapps\examples] has finished in [1.624] ms
01-Jul-2023 12:25:35.412 INFO [localhost-startStop-1] org.apache.catalina.startup.HostConfig.deployDirectory Desplegando el directorio [D:\Documentos\UCH\IX-CICLO-UCH\TRABAJO GRUPAL\CALIDAD DE SOFTWARE\apache-tomcat-8.5.88\webapps\host-manager] de la aplicación web
01-Jul-2023 12:25:35.460 INFO [localhost-startStop-1] org.apache.catalina.startup.HostConfig.deployDirectory Deployment of web application directory [D:\Documentos\UCH\IX-CICLO-UCH\TRABAJO GRUPAL\CALIDAD DE SOFTWARE\apache-tomcat-8.5.88\webapps\host-manager] has finished in [48] ms
01-Jul-2023 12:25:35.460 INFO [localhost-startStop-1] org.apache.catalina.startup.HostConfig.deployDirectory Desplegando el directorio [D:\Documentos\UCH\IX-CICLO-UCH\TRABAJO GRUPAL\CALIDAD DE SOFTWARE\apache-tomcat-8.5.88\webapps\manager] de la aplicación web
01-Jul-2023 12:25:35.519 INFO [localhost-startStop-1] org.apache.catalina.startup.HostConfig.deployDirectory Deployment of web application directory [D:\Documentos\UCH\IX-CICLO-UCH\TRABAJO GRUPAL\CALIDAD DE SOFTWARE\apache-tomcat-8.5.88\webapps\manager] has finished in [59] ms
01-Jul-2023 12:25:35.519 INFO [localhost-startStop-1] org.apache.catalina.startup.HostConfig.deployDirectory Desplegando el directorio [D:\Documentos\UCH\IX-CICLO-UCH\TRABAJO GRUPAL\CALIDAD DE SOFTWARE\apache-tomcat-8.5.88\webapps\ROOT] de la aplicación web
01-Jul-2023 12:25:35.547 INFO [localhost-startStop-1] org.apache.catalina.startup.HostConfig.deployDirectory Deployment of web application directory [D:\Documentos\UCH\IX-CICLO-UCH\TRABAJO GRUPAL\CALIDAD DE SOFTWARE\apache-tomcat-8.5.88\webapps\ROOT] has finished in [28] ms
01-Jul-2023 12:25:35.549 INFO [main] org.apache.coyote.AbstractProtocol.start Starting ProtocolHandler ["http-nio-8080"]
01-Jul-2023 12:25:35.578 INFO [main] org.apache.catalina.startup.Catalina.start Server startup in 2856 ms
01-Jul-2023 12:30:01.489 INFO [http-nio-8080-exec-4] org.apache.catalina.core.StandardContext.reload Ha comenzado la recarga de Contexto [/CISE]
01-Jul-2023 12:30:01.498 WARNING [http-nio-8080-exec-4] org.apache.catalina.loader.WebappClassLoaderBase.clearReferencesJdbc La aplicación web [CISE] registró el conductor JDBC [com.microsoft.sqlserver.jdbc.SQLServerDriver] pero falló al anular el registro mientras la aplicación web estaba parada. Para prevenir un fallo de memoria, se ha anulado el registro del conductor JDBC por la fuerza.
01-Jul-2023 12:30:01.737 INFO [http-nio-8080-exec-4] org.apache.jasper.servlet.TldScanner.scanJars Al menos un JAR, que se ha explorado buscando TLDs, aún no contenía TLDs. Activar historial de depuración para este historiador para una completa lista de los JARs que fueron explorados y de los que nos se halló TLDs. Saltarse JARs no necesarios durante la exploración puede dar lugar a una mejora de tiempo significativa en el arranque y compilación de JSP .
01-Jul-2023 12:30:01.752 INFO [http-nio-8080-exec-4] org.apache.catalina.core.StandardContext.reload Se ha completado la recarga de este Contexto
01-Jul-2023 12:30:15.988 INFO [http-nio-8080-exec-3] org.apache.catalina.core.StandardContext.reload Ha comenzado la recarga de Contexto [/CISE]
01-Jul-2023 12:30:16.207 INFO [http-nio-8080-exec-3] org.apache.jasper.servlet.TldScanner.scanJars Al menos un JAR, que se ha explorado buscando TLDs, aún no contenía TLDs. Activar historial de depuración para este historiador para una completa lista de los JARs que fueron explorados y de los que nos se halló TLDs. Saltarse JARs no necesarios durante la exploración puede dar lugar a una mejora de tiempo significativa en el arranque y compilación de JSP .
01-Jul-2023 12:30:16.218 INFO [http-nio-8080-exec-3] org.apache.catalina.core.StandardContext.reload Se ha completado la recarga de este Contexto
01-Jul-2023 12:31:16.318 INFO [main] org.apache.catalina.core.StandardServer.await Se ha recibido un comando de apagado a través del puerto de apagado. Parando la instancia del Servidor.
01-Jul-2023 12:31:16.318 INFO [main] org.apache.coyote.AbstractProtocol.pause Pausing ProtocolHandler ["http-nio-8080"]
01-Jul-2023 12:31:16.324 INFO [main] org.apache.catalina.core.StandardService.stopInternal Parando servicio [Catalina]
01-Jul-2023 12:31:16.366 WARNING [localhost-startStop-2] org.apache.catalina.loader.WebappClassLoaderBase.clearReferencesJdbc La aplicación web [CISE] registró el conductor JDBC [com.microsoft.sqlserver.jdbc.SQLServerDriver] pero falló al anular el registro mientras la aplicación web estaba parada. Para prevenir un fallo de memoria, se ha anulado el registro del conductor JDBC por la fuerza.
01-Jul-2023 12:31:16.375 INFO [main] org.apache.coyote.AbstractProtocol.stop Stopping ProtocolHandler ["http-nio-8080"]
01-Jul-2023 12:31:16.395 INFO [main] org.apache.coyote.AbstractProtocol.destroy Destroying ProtocolHandler ["http-nio-8080"]
01-Jul-2023 12:31:32.335 INFO [main] org.apache.catalina.startup.VersionLoggerListener.log Nombre de la versión del servidor: Apache Tomcat/8.5.88
01-Jul-2023 12:31:32.337 INFO [main] org.apache.catalina.startup.VersionLoggerListener.log Server built:                      Apr 14 2023 20:16:27 UTC
01-Jul-2023 12:31:32.337 INFO [main] org.apache.catalina.startup.VersionLoggerListener.log Número de versión de servidor:     8.5.88.0
01-Jul-2023 12:31:32.337 INFO [main] org.apache.catalina.startup.VersionLoggerListener.log OS Name:                           Windows 11
01-Jul-2023 12:31:32.337 INFO [main] org.apache.catalina.startup.VersionLoggerListener.log Versión de Systema Operativo:      10.0
01-Jul-2023 12:31:32.337 INFO [main] org.apache.catalina.startup.VersionLoggerListener.log Arquitectura:                      amd64
01-Jul-2023 12:31:32.337 INFO [main] org.apache.catalina.startup.VersionLoggerListener.log Java Home:                         C:\Program Files\Java\jdk-18
01-Jul-2023 12:31:32.337 INFO [main] org.apache.catalina.startup.VersionLoggerListener.log JVM Version:                       18+36-2087
01-Jul-2023 12:31:32.338 INFO [main] org.apache.catalina.startup.VersionLoggerListener.log Vededor JVM:                       Oracle Corporation
01-Jul-2023 12:31:32.338 INFO [main] org.apache.catalina.startup.VersionLoggerListener.log CATALINA_BASE:                     D:\Documentos\UCH\IX-CICLO-UCH\TRABAJO GRUPAL\CALIDAD DE SOFTWARE\apache-tomcat-8.5.88
01-Jul-2023 12:31:32.338 INFO [main] org.apache.catalina.startup.VersionLoggerListener.log CATALINA_HOME:                     D:\Documentos\UCH\IX-CICLO-UCH\TRABAJO GRUPAL\CALIDAD DE SOFTWARE\apache-tomcat-8.5.88
01-Jul-2023 12:31:32.338 INFO [main] org.apache.catalina.startup.VersionLoggerListener.log Command line argument:             --add-opens=java.base/java.lang=ALL-UNNAMED
01-Jul-2023 12:31:32.338 INFO [main] org.apache.catalina.startup.VersionLoggerListener.log Command line argument:             --add-opens=java.base/java.io=ALL-UNNAMED
01-Jul-2023 12:31:32.338 INFO [main] org.apache.catalina.startup.VersionLoggerListener.log Command line argument:             --add-opens=java.base/java.util=ALL-UNNAMED
01-Jul-2023 12:31:32.338 INFO [main] org.apache.catalina.startup.VersionLoggerListener.log Command line argument:             --add-opens=java.base/java.util.concurrent=ALL-UNNAMED
01-Jul-2023 12:31:32.340 INFO [main] org.apache.catalina.startup.VersionLoggerListener.log Command line argument:             --add-opens=java.rmi/sun.rmi.transport=ALL-UNNAMED
01-Jul-2023 12:31:32.340 INFO [main] org.apache.catalina.startup.VersionLoggerListener.log Command line argument:             -Djava.util.logging.config.file=D:\Documentos\UCH\IX-CICLO-UCH\TRABAJO GRUPAL\CALIDAD DE SOFTWARE\apache-tomcat-8.5.88\conf\logging.properties
01-Jul-2023 12:31:32.340 INFO [main] org.apache.catalina.startup.VersionLoggerListener.log Command line argument:             -Djava.util.logging.manager=org.apache.juli.ClassLoaderLogManager
01-Jul-2023 12:31:32.340 INFO [main] org.apache.catalina.startup.VersionLoggerListener.log Command line argument:             -Djdk.tls.ephemeralDHKeySize=2048
01-Jul-2023 12:31:32.340 INFO [main] org.apache.catalina.startup.VersionLoggerListener.log Command line argument:             -Djava.protocol.handler.pkgs=org.apache.catalina.webresources
01-Jul-2023 12:31:32.340 INFO [main] org.apache.catalina.startup.VersionLoggerListener.log Command line argument:             -Dignore.endorsed.dirs=
01-Jul-2023 12:31:32.340 INFO [main] org.apache.catalina.startup.VersionLoggerListener.log Command line argument:             -Dcatalina.base=D:\Documentos\UCH\IX-CICLO-UCH\TRABAJO GRUPAL\CALIDAD DE SOFTWARE\apache-tomcat-8.5.88
01-Jul-2023 12:31:32.340 INFO [main] org.apache.catalina.startup.VersionLoggerListener.log Command line argument:             -Dcatalina.home=D:\Documentos\UCH\IX-CICLO-UCH\TRABAJO GRUPAL\CALIDAD DE SOFTWARE\apache-tomcat-8.5.88
01-Jul-2023 12:31:32.340 INFO [main] org.apache.catalina.startup.VersionLoggerListener.log Command line argument:             -Djava.io.tmpdir=D:\Documentos\UCH\IX-CICLO-UCH\TRABAJO GRUPAL\CALIDAD DE SOFTWARE\apache-tomcat-8.5.88\temp
01-Jul-2023 12:31:32.403 INFO [main] org.apache.catalina.core.AprLifecycleListener.lifecycleEvent Cargada la biblioteca nativa APR de Apache Tomcat [1.2.36] con la versión APR [1.7.2].
01-Jul-2023 12:31:32.403 INFO [main] org.apache.catalina.core.AprLifecycleListener.lifecycleEvent Capacidades APR: IPv6 [true], enviar fichero [true], aceptar filtros [false], aleatorio [true], UDS [{4}].
01-Jul-2023 12:31:32.403 INFO [main] org.apache.catalina.core.AprLifecycleListener.lifecycleEvent APR/OpenSSL configuration: useAprConnector [false], useOpenSSL [true]
01-Jul-2023 12:31:32.408 INFO [main] org.apache.catalina.core.AprLifecycleListener.initializeSSL OpenSSL inicializado correctamente [OpenSSL 1.1.1t  7 Feb 2023]
01-Jul-2023 12:31:32.442 INFO [main] org.apache.coyote.AbstractProtocol.init Inicializando el manejador de protocolo ["http-nio-8080"]

01-Jul-2023 12:31:32.461 INFO [main] org.apache.catalina.startup.Catalina.load Initialization processed in 429 ms
01-Jul-2023 12:31:32.494 INFO [main] org.apache.catalina.core.StandardService.startInternal Arrancando servicio [Catalina]
01-Jul-2023 12:31:32.494 INFO [main] org.apache.catalina.core.StandardEngine.startInternal Starting Servlet engine: [Apache Tomcat/8.5.88]
01-Jul-2023 12:31:32.504 INFO [localhost-startStop-1] org.apache.catalina.startup.HostConfig.deployDescriptor Desplieque del descriptor de configuración [D:\Documentos\UCH\IX-CICLO-UCH\TRABAJO GRUPAL\CALIDAD DE SOFTWARE\apache-tomcat-8.5.88\conf\Catalina\localhost\CISE.xml]
01-Jul-2023 12:31:32.527 WARNING [localhost-startStop-1] org.apache.catalina.startup.SetContextPropertiesRule.begin [SetContextPropertiesRule]{Context} Setting property 'antiJARLocking' to 'true' did not find a matching property.
01-Jul-2023 12:31:33.013 INFO [localhost-startStop-1] org.apache.jasper.servlet.TldScanner.scanJars Al menos un JAR, que se ha explorado buscando TLDs, aún no contenía TLDs. Activar historial de depuración para este historiador para una completa lista de los JARs que fueron explorados y de los que nos se halló TLDs. Saltarse JARs no necesarios durante la exploración puede dar lugar a una mejora de tiempo significativa en el arranque y compilación de JSP .
01-Jul-2023 12:31:33.078 INFO [localhost-startStop-1] org.apache.catalina.startup.HostConfig.deployDescriptor Deployment of deployment descriptor [D:\Documentos\UCH\IX-CICLO-UCH\TRABAJO GRUPAL\CALIDAD DE SOFTWARE\apache-tomcat-8.5.88\conf\Catalina\localhost\CISE.xml] has finished in [572] ms
01-Jul-2023 12:31:33.078 INFO [localhost-startStop-1] org.apache.catalina.startup.HostConfig.deployDirectory Desplegando el directorio [D:\Documentos\UCH\IX-CICLO-UCH\TRABAJO GRUPAL\CALIDAD DE SOFTWARE\apache-tomcat-8.5.88\webapps\docs] de la aplicación web
01-Jul-2023 12:31:33.100 INFO [localhost-startStop-1] org.apache.catalina.startup.HostConfig.deployDirectory Deployment of web application directory [D:\Documentos\UCH\IX-CICLO-UCH\TRABAJO GRUPAL\CALIDAD DE SOFTWARE\apache-tomcat-8.5.88\webapps\docs] has finished in [22] ms
01-Jul-2023 12:31:33.100 INFO [localhost-startStop-1] org.apache.catalina.startup.HostConfig.deployDirectory Desplegando el directorio [D:\Documentos\UCH\IX-CICLO-UCH\TRABAJO GRUPAL\CALIDAD DE SOFTWARE\apache-tomcat-8.5.88\webapps\examples] de la aplicación web
01-Jul-2023 12:31:33.325 INFO [localhost-startStop-1] org.apache.catalina.startup.HostConfig.deployDirectory Deployment of web application directory [D:\Documentos\UCH\IX-CICLO-UCH\TRABAJO GRUPAL\CALIDAD DE SOFTWARE\apache-tomcat-8.5.88\webapps\examples] has finished in [225] ms
01-Jul-2023 12:31:33.326 INFO [localhost-startStop-1] org.apache.catalina.startup.HostConfig.deployDirectory Desplegando el directorio [D:\Documentos\UCH\IX-CICLO-UCH\TRABAJO GRUPAL\CALIDAD DE SOFTWARE\apache-tomcat-8.5.88\webapps\host-manager] de la aplicación web
01-Jul-2023 12:31:33.355 INFO [localhost-startStop-1] org.apache.catalina.startup.HostConfig.deployDirectory Deployment of web application directory [D:\Documentos\UCH\IX-CICLO-UCH\TRABAJO GRUPAL\CALIDAD DE SOFTWARE\apache-tomcat-8.5.88\webapps\host-manager] has finished in [29] ms
01-Jul-2023 12:31:33.355 INFO [localhost-startStop-1] org.apache.catalina.startup.HostConfig.deployDirectory Desplegando el directorio [D:\Documentos\UCH\IX-CICLO-UCH\TRABAJO GRUPAL\CALIDAD DE SOFTWARE\apache-tomcat-8.5.88\webapps\manager] de la aplicación web
01-Jul-2023 12:31:33.381 INFO [localhost-startStop-1] org.apache.catalina.startup.HostConfig.deployDirectory Deployment of web application directory [D:\Documentos\UCH\IX-CICLO-UCH\TRABAJO GRUPAL\CALIDAD DE SOFTWARE\apache-tomcat-8.5.88\webapps\manager] has finished in [26] ms
01-Jul-2023 12:31:33.381 INFO [localhost-startStop-1] org.apache.catalina.startup.HostConfig.deployDirectory Desplegando el directorio [D:\Documentos\UCH\IX-CICLO-UCH\TRABAJO GRUPAL\CALIDAD DE SOFTWARE\apache-tomcat-8.5.88\webapps\ROOT] de la aplicación web
01-Jul-2023 12:31:33.396 INFO [localhost-startStop-1] org.apache.catalina.startup.HostConfig.deployDirectory Deployment of web application directory [D:\Documentos\UCH\IX-CICLO-UCH\TRABAJO GRUPAL\CALIDAD DE SOFTWARE\apache-tomcat-8.5.88\webapps\ROOT] has finished in [15] ms
01-Jul-2023 12:31:33.398 INFO [main] org.apache.coyote.AbstractProtocol.start Starting ProtocolHandler ["http-nio-8080"]
01-Jul-2023 12:31:33.425 INFO [main] org.apache.catalina.startup.Catalina.start Server startup in 962 ms
01-Jul-2023 12:52:52.700 INFO [http-nio-8080-exec-3] org.apache.catalina.core.StandardContext.reload Ha comenzado la recarga de Contexto [/CISE]
01-Jul-2023 12:52:52.708 WARNING [http-nio-8080-exec-3] org.apache.catalina.loader.WebappClassLoaderBase.clearReferencesJdbc La aplicación web [CISE] registró el conductor JDBC [com.microsoft.sqlserver.jdbc.SQLServerDriver] pero falló al anular el registro mientras la aplicación web estaba parada. Para prevenir un fallo de memoria, se ha anulado el registro del conductor JDBC por la fuerza.
01-Jul-2023 12:52:52.954 INFO [http-nio-8080-exec-3] org.apache.jasper.servlet.TldScanner.scanJars Al menos un JAR, que se ha explorado buscando TLDs, aún no contenía TLDs. Activar historial de depuración para este historiador para una completa lista de los JARs que fueron explorados y de los que nos se halló TLDs. Saltarse JARs no necesarios durante la exploración puede dar lugar a una mejora de tiempo significativa en el arranque y compilación de JSP .
01-Jul-2023 12:52:52.969 INFO [http-nio-8080-exec-3] org.apache.catalina.core.StandardContext.reload Se ha completado la recarga de este Contexto
01-Jul-2023 13:00:12.504 INFO [http-nio-8080-exec-13] org.apache.catalina.core.StandardContext.reload Ha comenzado la recarga de Contexto [/CISE]
01-Jul-2023 13:00:12.735 INFO [http-nio-8080-exec-13] org.apache.jasper.servlet.TldScanner.scanJars Al menos un JAR, que se ha explorado buscando TLDs, aún no contenía TLDs. Activar historial de depuración para este historiador para una completa lista de los JARs que fueron explorados y de los que nos se halló TLDs. Saltarse JARs no necesarios durante la exploración puede dar lugar a una mejora de tiempo significativa en el arranque y compilación de JSP .
01-Jul-2023 13:00:12.774 INFO [http-nio-8080-exec-13] org.apache.catalina.core.StandardContext.reload Se ha completado la recarga de este Contexto
01-Jul-2023 13:00:21.280 INFO [http-nio-8080-exec-11] org.apache.catalina.core.StandardContext.reload Ha comenzado la recarga de Contexto [/CISE]
01-Jul-2023 13:00:21.526 INFO [http-nio-8080-exec-11] org.apache.jasper.servlet.TldScanner.scanJars Al menos un JAR, que se ha explorado buscando TLDs, aún no contenía TLDs. Activar historial de depuración para este historiador para una completa lista de los JARs que fueron explorados y de los que nos se halló TLDs. Saltarse JARs no necesarios durante la exploración puede dar lugar a una mejora de tiempo significativa en el arranque y compilación de JSP .
01-Jul-2023 13:00:21.536 INFO [http-nio-8080-exec-11] org.apache.catalina.core.StandardContext.reload Se ha completado la recarga de este Contexto
01-Jul-2023 13:00:46.445 WARNING [http-nio-8080-exec-21] org.apache.catalina.loader.WebappClassLoaderBase.clearReferencesJdbc La aplicación web [CISE] registró el conductor JDBC [com.microsoft.sqlserver.jdbc.SQLServerDriver] pero falló al anular el registro mientras la aplicación web estaba parada. Para prevenir un fallo de memoria, se ha anulado el registro del conductor JDBC por la fuerza.
01-Jul-2023 13:00:46.962 INFO [http-nio-8080-exec-21] org.apache.catalina.startup.HostConfig.undeploy Repliegue (undeploy) de la aplicación web que tiene como trayectoria de contexto [/CISE]
01-Jul-2023 13:01:02.178 INFO [main] org.apache.catalina.core.StandardServer.await Se ha recibido un comando de apagado a través del puerto de apagado. Parando la instancia del Servidor.
01-Jul-2023 13:01:02.179 INFO [main] org.apache.coyote.AbstractProtocol.pause Pausing ProtocolHandler ["http-nio-8080"]
01-Jul-2023 13:01:02.185 INFO [main] org.apache.catalina.core.StandardService.stopInternal Parando servicio [Catalina]
01-Jul-2023 13:01:02.193 INFO [main] org.apache.coyote.AbstractProtocol.stop Stopping ProtocolHandler ["http-nio-8080"]
01-Jul-2023 13:01:02.195 INFO [main] org.apache.coyote.AbstractProtocol.destroy Destroying ProtocolHandler ["http-nio-8080"]
01-Jul-2023 13:01:15.633 INFO [main] org.apache.catalina.startup.VersionLoggerListener.log Nombre de la versión del servidor: Apache Tomcat/8.5.88
01-Jul-2023 13:01:15.633 INFO [main] org.apache.catalina.startup.VersionLoggerListener.log Server built:                      Apr 14 2023 20:16:27 UTC
01-Jul-2023 13:01:15.633 INFO [main] org.apache.catalina.startup.VersionLoggerListener.log Número de versión de servidor:     8.5.88.0
01-Jul-2023 13:01:15.635 INFO [main] org.apache.catalina.startup.VersionLoggerListener.log OS Name:                           Windows 11
01-Jul-2023 13:01:15.635 INFO [main] org.apache.catalina.startup.VersionLoggerListener.log Versión de Systema Operativo:      10.0
01-Jul-2023 13:01:15.635 INFO [main] org.apache.catalina.startup.VersionLoggerListener.log Arquitectura:                      amd64
01-Jul-2023 13:01:15.635 INFO [main] org.apache.catalina.startup.VersionLoggerListener.log Java Home:                         C:\Program Files\Java\jdk-18
01-Jul-2023 13:01:15.635 INFO [main] org.apache.catalina.startup.VersionLoggerListener.log JVM Version:                       18+36-2087
01-Jul-2023 13:01:15.635 INFO [main] org.apache.catalina.startup.VersionLoggerListener.log Vededor JVM:                       Oracle Corporation
01-Jul-2023 13:01:15.635 INFO [main] org.apache.catalina.startup.VersionLoggerListener.log CATALINA_BASE:                     D:\Documentos\UCH\IX-CICLO-UCH\TRABAJO GRUPAL\CALIDAD DE SOFTWARE\apache-tomcat-8.5.88
01-Jul-2023 13:01:15.635 INFO [main] org.apache.catalina.startup.VersionLoggerListener.log CATALINA_HOME:                     D:\Documentos\UCH\IX-CICLO-UCH\TRABAJO GRUPAL\CALIDAD DE SOFTWARE\apache-tomcat-8.5.88
01-Jul-2023 13:01:15.635 INFO [main] org.apache.catalina.startup.VersionLoggerListener.log Command line argument:             --add-opens=java.base/java.lang=ALL-UNNAMED
01-Jul-2023 13:01:15.635 INFO [main] org.apache.catalina.startup.VersionLoggerListener.log Command line argument:             --add-opens=java.base/java.io=ALL-UNNAMED
01-Jul-2023 13:01:15.635 INFO [main] org.apache.catalina.startup.VersionLoggerListener.log Command line argument:             --add-opens=java.base/java.util=ALL-UNNAMED
01-Jul-2023 13:01:15.635 INFO [main] org.apache.catalina.startup.VersionLoggerListener.log Command line argument:             --add-opens=java.base/java.util.concurrent=ALL-UNNAMED
01-Jul-2023 13:01:15.635 INFO [main] org.apache.catalina.startup.VersionLoggerListener.log Command line argument:             --add-opens=java.rmi/sun.rmi.transport=ALL-UNNAMED
01-Jul-2023 13:01:15.635 INFO [main] org.apache.catalina.startup.VersionLoggerListener.log Command line argument:             -Djava.util.logging.config.file=D:\Documentos\UCH\IX-CICLO-UCH\TRABAJO GRUPAL\CALIDAD DE SOFTWARE\apache-tomcat-8.5.88\conf\logging.properties
01-Jul-2023 13:01:15.635 INFO [main] org.apache.catalina.startup.VersionLoggerListener.log Command line argument:             -Djava.util.logging.manager=org.apache.juli.ClassLoaderLogManager
01-Jul-2023 13:01:15.636 INFO [main] org.apache.catalina.startup.VersionLoggerListener.log Command line argument:             -Djdk.tls.ephemeralDHKeySize=2048
01-Jul-2023 13:01:15.636 INFO [main] org.apache.catalina.startup.VersionLoggerListener.log Command line argument:             -Djava.protocol.handler.pkgs=org.apache.catalina.webresources
01-Jul-2023 13:01:15.636 INFO [main] org.apache.catalina.startup.VersionLoggerListener.log Command line argument:             -Dignore.endorsed.dirs=
01-Jul-2023 13:01:15.636 INFO [main] org.apache.catalina.startup.VersionLoggerListener.log Command line argument:             -Dcatalina.base=D:\Documentos\UCH\IX-CICLO-UCH\TRABAJO GRUPAL\CALIDAD DE SOFTWARE\apache-tomcat-8.5.88
01-Jul-2023 13:01:15.636 INFO [main] org.apache.catalina.startup.VersionLoggerListener.log Command line argument:             -Dcatalina.home=D:\Documentos\UCH\IX-CICLO-UCH\TRABAJO GRUPAL\CALIDAD DE SOFTWARE\apache-tomcat-8.5.88
01-Jul-2023 13:01:15.636 INFO [main] org.apache.catalina.startup.VersionLoggerListener.log Command line argument:             -Djava.io.tmpdir=D:\Documentos\UCH\IX-CICLO-UCH\TRABAJO GRUPAL\CALIDAD DE SOFTWARE\apache-tomcat-8.5.88\temp
01-Jul-2023 13:01:15.709 INFO [main] org.apache.catalina.core.AprLifecycleListener.lifecycleEvent Cargada la biblioteca nativa APR de Apache Tomcat [1.2.36] con la versión APR [1.7.2].
01-Jul-2023 13:01:15.710 INFO [main] org.apache.catalina.core.AprLifecycleListener.lifecycleEvent Capacidades APR: IPv6 [true], enviar fichero [true], aceptar filtros [false], aleatorio [true], UDS [{4}].
01-Jul-2023 13:01:15.710 INFO [main] org.apache.catalina.core.AprLifecycleListener.lifecycleEvent APR/OpenSSL configuration: useAprConnector [false], useOpenSSL [true]
01-Jul-2023 13:01:15.715 INFO [main] org.apache.catalina.core.AprLifecycleListener.initializeSSL OpenSSL inicializado correctamente [OpenSSL 1.1.1t  7 Feb 2023]
01-Jul-2023 13:01:15.749 INFO [main] org.apache.coyote.AbstractProtocol.init Inicializando el manejador de protocolo ["http-nio-8080"]

01-Jul-2023 13:01:15.765 INFO [main] org.apache.catalina.startup.Catalina.load Initialization processed in 436 ms
01-Jul-2023 13:01:15.802 INFO [main] org.apache.catalina.core.StandardService.startInternal Arrancando servicio [Catalina]
01-Jul-2023 13:01:15.802 INFO [main] org.apache.catalina.core.StandardEngine.startInternal Starting Servlet engine: [Apache Tomcat/8.5.88]
01-Jul-2023 13:01:15.808 INFO [localhost-startStop-1] org.apache.catalina.startup.HostConfig.deployDirectory Desplegando el directorio [D:\Documentos\UCH\IX-CICLO-UCH\TRABAJO GRUPAL\CALIDAD DE SOFTWARE\apache-tomcat-8.5.88\webapps\docs] de la aplicación web
01-Jul-2023 13:01:16.017 INFO [localhost-startStop-1] org.apache.catalina.startup.HostConfig.deployDirectory Deployment of web application directory [D:\Documentos\UCH\IX-CICLO-UCH\TRABAJO GRUPAL\CALIDAD DE SOFTWARE\apache-tomcat-8.5.88\webapps\docs] has finished in [207] ms
01-Jul-2023 13:01:16.017 INFO [localhost-startStop-1] org.apache.catalina.startup.HostConfig.deployDirectory Desplegando el directorio [D:\Documentos\UCH\IX-CICLO-UCH\TRABAJO GRUPAL\CALIDAD DE SOFTWARE\apache-tomcat-8.5.88\webapps\examples] de la aplicación web
01-Jul-2023 13:01:16.265 INFO [localhost-startStop-1] org.apache.catalina.startup.HostConfig.deployDirectory Deployment of web application directory [D:\Documentos\UCH\IX-CICLO-UCH\TRABAJO GRUPAL\CALIDAD DE SOFTWARE\apache-tomcat-8.5.88\webapps\examples] has finished in [247] ms
01-Jul-2023 13:01:16.265 INFO [localhost-startStop-1] org.apache.catalina.startup.HostConfig.deployDirectory Desplegando el directorio [D:\Documentos\UCH\IX-CICLO-UCH\TRABAJO GRUPAL\CALIDAD DE SOFTWARE\apache-tomcat-8.5.88\webapps\host-manager] de la aplicación web
01-Jul-2023 13:01:16.290 INFO [localhost-startStop-1] org.apache.catalina.startup.HostConfig.deployDirectory Deployment of web application directory [D:\Documentos\UCH\IX-CICLO-UCH\TRABAJO GRUPAL\CALIDAD DE SOFTWARE\apache-tomcat-8.5.88\webapps\host-manager] has finished in [25] ms
01-Jul-2023 13:01:16.290 INFO [localhost-startStop-1] org.apache.catalina.startup.HostConfig.deployDirectory Desplegando el directorio [D:\Documentos\UCH\IX-CICLO-UCH\TRABAJO GRUPAL\CALIDAD DE SOFTWARE\apache-tomcat-8.5.88\webapps\manager] de la aplicación web
01-Jul-2023 13:01:16.313 INFO [localhost-startStop-1] org.apache.catalina.startup.HostConfig.deployDirectory Deployment of web application directory [D:\Documentos\UCH\IX-CICLO-UCH\TRABAJO GRUPAL\CALIDAD DE SOFTWARE\apache-tomcat-8.5.88\webapps\manager] has finished in [23] ms
01-Jul-2023 13:01:16.313 INFO [localhost-startStop-1] org.apache.catalina.startup.HostConfig.deployDirectory Desplegando el directorio [D:\Documentos\UCH\IX-CICLO-UCH\TRABAJO GRUPAL\CALIDAD DE SOFTWARE\apache-tomcat-8.5.88\webapps\ROOT] de la aplicación web
01-Jul-2023 13:01:16.329 INFO [localhost-startStop-1] org.apache.catalina.startup.HostConfig.deployDirectory Deployment of web application directory [D:\Documentos\UCH\IX-CICLO-UCH\TRABAJO GRUPAL\CALIDAD DE SOFTWARE\apache-tomcat-8.5.88\webapps\ROOT] has finished in [16] ms
01-Jul-2023 13:01:16.331 INFO [main] org.apache.coyote.AbstractProtocol.start Starting ProtocolHandler ["http-nio-8080"]
01-Jul-2023 13:01:16.360 INFO [main] org.apache.catalina.startup.Catalina.start Server startup in 594 ms
01-Jul-2023 13:01:16.437 INFO [http-nio-8080-exec-4] org.apache.catalina.startup.HostConfig.deployDescriptor Desplieque del descriptor de configuración [D:\Documentos\UCH\IX-CICLO-UCH\TRABAJO GRUPAL\CALIDAD DE SOFTWARE\apache-tomcat-8.5.88\conf\Catalina\localhost\CISE.xml]
01-Jul-2023 13:01:16.440 WARNING [http-nio-8080-exec-4] org.apache.catalina.startup.SetContextPropertiesRule.begin [SetContextPropertiesRule]{Context} Setting property 'antiJARLocking' to 'true' did not find a matching property.
01-Jul-2023 13:01:16.760 INFO [http-nio-8080-exec-4] org.apache.jasper.servlet.TldScanner.scanJars Al menos un JAR, que se ha explorado buscando TLDs, aún no contenía TLDs. Activar historial de depuración para este historiador para una completa lista de los JARs que fueron explorados y de los que nos se halló TLDs. Saltarse JARs no necesarios durante la exploración puede dar lugar a una mejora de tiempo significativa en el arranque y compilación de JSP .
01-Jul-2023 13:01:16.774 INFO [http-nio-8080-exec-4] org.apache.catalina.startup.HostConfig.deployDescriptor Deployment of deployment descriptor [D:\Documentos\UCH\IX-CICLO-UCH\TRABAJO GRUPAL\CALIDAD DE SOFTWARE\apache-tomcat-8.5.88\conf\Catalina\localhost\CISE.xml] has finished in [337] ms
01-Jul-2023 13:01:16.777 INFO [http-nio-8080-exec-5] org.apache.catalina.util.LifecycleBase.start The start() method was called on component [StandardEngine[Catalina].StandardHost[localhost].StandardContext[/CISE]] after start() had already been called. The second call will be ignored.
01-Jul-2023 13:05:32.368 INFO [main] org.apache.catalina.core.StandardServer.await Se ha recibido un comando de apagado a través del puerto de apagado. Parando la instancia del Servidor.
01-Jul-2023 13:05:32.368 INFO [main] org.apache.coyote.AbstractProtocol.pause Pausing ProtocolHandler ["http-nio-8080"]
01-Jul-2023 13:05:32.373 INFO [main] org.apache.catalina.core.StandardService.stopInternal Parando servicio [Catalina]
01-Jul-2023 13:05:32.398 WARNING [localhost-startStop-2] org.apache.catalina.loader.WebappClassLoaderBase.clearReferencesJdbc La aplicación web [CISE] registró el conductor JDBC [com.microsoft.sqlserver.jdbc.SQLServerDriver] pero falló al anular el registro mientras la aplicación web estaba parada. Para prevenir un fallo de memoria, se ha anulado el registro del conductor JDBC por la fuerza.
01-Jul-2023 13:05:32.404 INFO [main] org.apache.coyote.AbstractProtocol.stop Stopping ProtocolHandler ["http-nio-8080"]
01-Jul-2023 13:05:32.414 INFO [main] org.apache.coyote.AbstractProtocol.destroy Destroying ProtocolHandler ["http-nio-8080"]
01-Jul-2023 13:05:35.679 INFO [main] org.apache.catalina.startup.VersionLoggerListener.log Nombre de la versión del servidor: Apache Tomcat/8.5.88
01-Jul-2023 13:05:35.681 INFO [main] org.apache.catalina.startup.VersionLoggerListener.log Server built:                      Apr 14 2023 20:16:27 UTC
01-Jul-2023 13:05:35.682 INFO [main] org.apache.catalina.startup.VersionLoggerListener.log Número de versión de servidor:     8.5.88.0
01-Jul-2023 13:05:35.682 INFO [main] org.apache.catalina.startup.VersionLoggerListener.log OS Name:                           Windows 11
01-Jul-2023 13:05:35.682 INFO [main] org.apache.catalina.startup.VersionLoggerListener.log Versión de Systema Operativo:      10.0
01-Jul-2023 13:05:35.682 INFO [main] org.apache.catalina.startup.VersionLoggerListener.log Arquitectura:                      amd64
01-Jul-2023 13:05:35.682 INFO [main] org.apache.catalina.startup.VersionLoggerListener.log Java Home:                         C:\Program Files\Java\jdk-18
01-Jul-2023 13:05:35.682 INFO [main] org.apache.catalina.startup.VersionLoggerListener.log JVM Version:                       18+36-2087
01-Jul-2023 13:05:35.682 INFO [main] org.apache.catalina.startup.VersionLoggerListener.log Vededor JVM:                       Oracle Corporation
01-Jul-2023 13:05:35.682 INFO [main] org.apache.catalina.startup.VersionLoggerListener.log CATALINA_BASE:                     D:\Documentos\UCH\IX-CICLO-UCH\TRABAJO GRUPAL\CALIDAD DE SOFTWARE\apache-tomcat-8.5.88
01-Jul-2023 13:05:35.682 INFO [main] org.apache.catalina.startup.VersionLoggerListener.log CATALINA_HOME:                     D:\Documentos\UCH\IX-CICLO-UCH\TRABAJO GRUPAL\CALIDAD DE SOFTWARE\apache-tomcat-8.5.88
01-Jul-2023 13:05:35.683 INFO [main] org.apache.catalina.startup.VersionLoggerListener.log Command line argument:             --add-opens=java.base/java.lang=ALL-UNNAMED
01-Jul-2023 13:05:35.683 INFO [main] org.apache.catalina.startup.VersionLoggerListener.log Command line argument:             --add-opens=java.base/java.io=ALL-UNNAMED
01-Jul-2023 13:05:35.683 INFO [main] org.apache.catalina.startup.VersionLoggerListener.log Command line argument:             --add-opens=java.base/java.util=ALL-UNNAMED
01-Jul-2023 13:05:35.683 INFO [main] org.apache.catalina.startup.VersionLoggerListener.log Command line argument:             --add-opens=java.base/java.util.concurrent=ALL-UNNAMED
01-Jul-2023 13:05:35.683 INFO [main] org.apache.catalina.startup.VersionLoggerListener.log Command line argument:             --add-opens=java.rmi/sun.rmi.transport=ALL-UNNAMED
01-Jul-2023 13:05:35.683 INFO [main] org.apache.catalina.startup.VersionLoggerListener.log Command line argument:             -Djava.util.logging.config.file=D:\Documentos\UCH\IX-CICLO-UCH\TRABAJO GRUPAL\CALIDAD DE SOFTWARE\apache-tomcat-8.5.88\conf\logging.properties
01-Jul-2023 13:05:35.683 INFO [main] org.apache.catalina.startup.VersionLoggerListener.log Command line argument:             -Djava.util.logging.manager=org.apache.juli.ClassLoaderLogManager
01-Jul-2023 13:05:35.683 INFO [main] org.apache.catalina.startup.VersionLoggerListener.log Command line argument:             -Djdk.tls.ephemeralDHKeySize=2048
01-Jul-2023 13:05:35.683 INFO [main] org.apache.catalina.startup.VersionLoggerListener.log Command line argument:             -Djava.protocol.handler.pkgs=org.apache.catalina.webresources
01-Jul-2023 13:05:35.683 INFO [main] org.apache.catalina.startup.VersionLoggerListener.log Command line argument:             -agentlib:jdwp=transport=dt_shmem,address=tomcat_shared_memory_id,server=y,suspend=n
01-Jul-2023 13:05:35.683 INFO [main] org.apache.catalina.startup.VersionLoggerListener.log Command line argument:             -Dignore.endorsed.dirs=
01-Jul-2023 13:05:35.683 INFO [main] org.apache.catalina.startup.VersionLoggerListener.log Command line argument:             -Dcatalina.base=D:\Documentos\UCH\IX-CICLO-UCH\TRABAJO GRUPAL\CALIDAD DE SOFTWARE\apache-tomcat-8.5.88
01-Jul-2023 13:05:35.683 INFO [main] org.apache.catalina.startup.VersionLoggerListener.log Command line argument:             -Dcatalina.home=D:\Documentos\UCH\IX-CICLO-UCH\TRABAJO GRUPAL\CALIDAD DE SOFTWARE\apache-tomcat-8.5.88
01-Jul-2023 13:05:35.769 INFO [main] org.apache.catalina.startup.VersionLoggerListener.log Command line argument:             -Djava.io.tmpdir=D:\Documentos\UCH\IX-CICLO-UCH\TRABAJO GRUPAL\CALIDAD DE SOFTWARE\apache-tomcat-8.5.88\temp
01-Jul-2023 13:05:35.769 INFO [main] org.apache.catalina.core.AprLifecycleListener.lifecycleEvent Cargada la biblioteca nativa APR de Apache Tomcat [1.2.36] con la versión APR [1.7.2].
01-Jul-2023 13:05:35.769 INFO [main] org.apache.catalina.core.AprLifecycleListener.lifecycleEvent Capacidades APR: IPv6 [true], enviar fichero [true], aceptar filtros [false], aleatorio [true], UDS [{4}].
01-Jul-2023 13:05:35.769 INFO [main] org.apache.catalina.core.AprLifecycleListener.lifecycleEvent APR/OpenSSL configuration: useAprConnector [false], useOpenSSL [true]
01-Jul-2023 13:05:35.774 INFO [main] org.apache.catalina.core.AprLifecycleListener.initializeSSL OpenSSL inicializado correctamente [OpenSSL 1.1.1t  7 Feb 2023]
01-Jul-2023 13:05:35.807 INFO [main] org.apache.coyote.AbstractProtocol.init Inicializando el manejador de protocolo ["http-nio-8080"]

01-Jul-2023 13:05:35.824 INFO [main] org.apache.catalina.startup.Catalina.load Initialization processed in 470 ms
01-Jul-2023 13:05:35.862 INFO [main] org.apache.catalina.core.StandardService.startInternal Arrancando servicio [Catalina]
01-Jul-2023 13:05:35.862 INFO [main] org.apache.catalina.core.StandardEngine.startInternal Starting Servlet engine: [Apache Tomcat/8.5.88]
01-Jul-2023 13:05:35.868 INFO [localhost-startStop-1] org.apache.catalina.startup.HostConfig.deployDescriptor Desplieque del descriptor de configuración [D:\Documentos\UCH\IX-CICLO-UCH\TRABAJO GRUPAL\CALIDAD DE SOFTWARE\apache-tomcat-8.5.88\conf\Catalina\localhost\CISE.xml]
01-Jul-2023 13:05:35.891 WARNING [localhost-startStop-1] org.apache.catalina.startup.SetContextPropertiesRule.begin [SetContextPropertiesRule]{Context} Setting property 'antiJARLocking' to 'true' did not find a matching property.
01-Jul-2023 13:05:36.410 INFO [localhost-startStop-1] org.apache.jasper.servlet.TldScanner.scanJars Al menos un JAR, que se ha explorado buscando TLDs, aún no contenía TLDs. Activar historial de depuración para este historiador para una completa lista de los JARs que fueron explorados y de los que nos se halló TLDs. Saltarse JARs no necesarios durante la exploración puede dar lugar a una mejora de tiempo significativa en el arranque y compilación de JSP .
01-Jul-2023 13:05:36.478 INFO [localhost-startStop-1] org.apache.catalina.startup.HostConfig.deployDescriptor Deployment of deployment descriptor [D:\Documentos\UCH\IX-CICLO-UCH\TRABAJO GRUPAL\CALIDAD DE SOFTWARE\apache-tomcat-8.5.88\conf\Catalina\localhost\CISE.xml] has finished in [608] ms
01-Jul-2023 13:05:36.478 INFO [localhost-startStop-1] org.apache.catalina.startup.HostConfig.deployDirectory Desplegando el directorio [D:\Documentos\UCH\IX-CICLO-UCH\TRABAJO GRUPAL\CALIDAD DE SOFTWARE\apache-tomcat-8.5.88\webapps\docs] de la aplicación web
01-Jul-2023 13:05:36.501 INFO [localhost-startStop-1] org.apache.catalina.startup.HostConfig.deployDirectory Deployment of web application directory [D:\Documentos\UCH\IX-CICLO-UCH\TRABAJO GRUPAL\CALIDAD DE SOFTWARE\apache-tomcat-8.5.88\webapps\docs] has finished in [22] ms
01-Jul-2023 13:05:36.501 INFO [localhost-startStop-1] org.apache.catalina.startup.HostConfig.deployDirectory Desplegando el directorio [D:\Documentos\UCH\IX-CICLO-UCH\TRABAJO GRUPAL\CALIDAD DE SOFTWARE\apache-tomcat-8.5.88\webapps\examples] de la aplicación web
01-Jul-2023 13:05:36.720 INFO [localhost-startStop-1] org.apache.catalina.startup.HostConfig.deployDirectory Deployment of web application directory [D:\Documentos\UCH\IX-CICLO-UCH\TRABAJO GRUPAL\CALIDAD DE SOFTWARE\apache-tomcat-8.5.88\webapps\examples] has finished in [219] ms
01-Jul-2023 13:05:36.720 INFO [localhost-startStop-1] org.apache.catalina.startup.HostConfig.deployDirectory Desplegando el directorio [D:\Documentos\UCH\IX-CICLO-UCH\TRABAJO GRUPAL\CALIDAD DE SOFTWARE\apache-tomcat-8.5.88\webapps\host-manager] de la aplicación web
01-Jul-2023 13:05:36.749 INFO [localhost-startStop-1] org.apache.catalina.startup.HostConfig.deployDirectory Deployment of web application directory [D:\Documentos\UCH\IX-CICLO-UCH\TRABAJO GRUPAL\CALIDAD DE SOFTWARE\apache-tomcat-8.5.88\webapps\host-manager] has finished in [29] ms
01-Jul-2023 13:05:36.749 INFO [localhost-startStop-1] org.apache.catalina.startup.HostConfig.deployDirectory Desplegando el directorio [D:\Documentos\UCH\IX-CICLO-UCH\TRABAJO GRUPAL\CALIDAD DE SOFTWARE\apache-tomcat-8.5.88\webapps\manager] de la aplicación web
01-Jul-2023 13:05:36.771 INFO [localhost-startStop-1] org.apache.catalina.startup.HostConfig.deployDirectory Deployment of web application directory [D:\Documentos\UCH\IX-CICLO-UCH\TRABAJO GRUPAL\CALIDAD DE SOFTWARE\apache-tomcat-8.5.88\webapps\manager] has finished in [22] ms
01-Jul-2023 13:05:36.773 INFO [localhost-startStop-1] org.apache.catalina.startup.HostConfig.deployDirectory Desplegando el directorio [D:\Documentos\UCH\IX-CICLO-UCH\TRABAJO GRUPAL\CALIDAD DE SOFTWARE\apache-tomcat-8.5.88\webapps\ROOT] de la aplicación web
01-Jul-2023 13:05:36.790 INFO [localhost-startStop-1] org.apache.catalina.startup.HostConfig.deployDirectory Deployment of web application directory [D:\Documentos\UCH\IX-CICLO-UCH\TRABAJO GRUPAL\CALIDAD DE SOFTWARE\apache-tomcat-8.5.88\webapps\ROOT] has finished in [19] ms
01-Jul-2023 13:05:36.792 INFO [main] org.apache.coyote.AbstractProtocol.start Starting ProtocolHandler ["http-nio-8080"]
01-Jul-2023 13:05:36.822 INFO [main] org.apache.catalina.startup.Catalina.start Server startup in 997 ms
01-Jul-2023 13:05:37.808 INFO [http-nio-8080-exec-9] org.apache.catalina.startup.HostConfig.undeploy Repliegue (undeploy) de la aplicación web que tiene como trayectoria de contexto [/CISE]
01-Jul-2023 13:05:37.829 INFO [http-nio-8080-exec-6] org.apache.catalina.startup.HostConfig.deployDescriptor Desplieque del descriptor de configuración [D:\Documentos\UCH\IX-CICLO-UCH\TRABAJO GRUPAL\CALIDAD DE SOFTWARE\apache-tomcat-8.5.88\conf\Catalina\localhost\CISE.xml]
01-Jul-2023 13:05:37.832 WARNING [http-nio-8080-exec-6] org.apache.catalina.startup.SetContextPropertiesRule.begin [SetContextPropertiesRule]{Context} Setting property 'antiJARLocking' to 'true' did not find a matching property.
01-Jul-2023 13:05:38.106 INFO [http-nio-8080-exec-6] org.apache.jasper.servlet.TldScanner.scanJars Al menos un JAR, que se ha explorado buscando TLDs, aún no contenía TLDs. Activar historial de depuración para este historiador para una completa lista de los JARs que fueron explorados y de los que nos se halló TLDs. Saltarse JARs no necesarios durante la exploración puede dar lugar a una mejora de tiempo significativa en el arranque y compilación de JSP .
01-Jul-2023 13:05:38.117 INFO [http-nio-8080-exec-6] org.apache.catalina.startup.HostConfig.deployDescriptor Deployment of deployment descriptor [D:\Documentos\UCH\IX-CICLO-UCH\TRABAJO GRUPAL\CALIDAD DE SOFTWARE\apache-tomcat-8.5.88\conf\Catalina\localhost\CISE.xml] has finished in [287] ms
01-Jul-2023 13:05:38.120 INFO [http-nio-8080-exec-5] org.apache.catalina.util.LifecycleBase.start The start() method was called on component [StandardEngine[Catalina].StandardHost[localhost].StandardContext[/CISE]] after start() had already been called. The second call will be ignored.
01-Jul-2023 13:06:10.297 INFO [main] org.apache.catalina.core.StandardServer.await Se ha recibido un comando de apagado a través del puerto de apagado. Parando la instancia del Servidor.
01-Jul-2023 13:06:10.297 INFO [main] org.apache.coyote.AbstractProtocol.pause Pausing ProtocolHandler ["http-nio-8080"]
01-Jul-2023 13:06:10.302 INFO [main] org.apache.catalina.core.StandardService.stopInternal Parando servicio [Catalina]
01-Jul-2023 13:06:10.310 WARNING [localhost-startStop-2] org.apache.catalina.loader.WebappClassLoaderBase.clearReferencesJdbc La aplicación web [CISE] registró el conductor JDBC [com.microsoft.sqlserver.jdbc.SQLServerDriver] pero falló al anular el registro mientras la aplicación web estaba parada. Para prevenir un fallo de memoria, se ha anulado el registro del conductor JDBC por la fuerza.
01-Jul-2023 13:06:10.321 INFO [main] org.apache.coyote.AbstractProtocol.stop Stopping ProtocolHandler ["http-nio-8080"]
01-Jul-2023 13:06:10.331 INFO [main] org.apache.coyote.AbstractProtocol.destroy Destroying ProtocolHandler ["http-nio-8080"]
