08-Jun-2023 21:31:50.813 INFO [main] org.apache.catalina.startup.VersionLoggerListener.log Nombre de la versión del servidor: Apache Tomcat/8.5.88
08-Jun-2023 21:31:50.816 INFO [main] org.apache.catalina.startup.VersionLoggerListener.log Server built:                      Apr 14 2023 20:16:27 UTC
08-Jun-2023 21:31:50.816 INFO [main] org.apache.catalina.startup.VersionLoggerListener.log Número de versión de servidor:     8.5.88.0
08-Jun-2023 21:31:50.816 INFO [main] org.apache.catalina.startup.VersionLoggerListener.log OS Name:                           Windows 11
08-Jun-2023 21:31:50.816 INFO [main] org.apache.catalina.startup.VersionLoggerListener.log Versión de Systema Operativo:      10.0
08-Jun-2023 21:31:50.816 INFO [main] org.apache.catalina.startup.VersionLoggerListener.log Arquitectura:                      amd64
08-Jun-2023 21:31:50.816 INFO [main] org.apache.catalina.startup.VersionLoggerListener.log Java Home:                         C:\Program Files\Java\jdk-18
08-Jun-2023 21:31:50.816 INFO [main] org.apache.catalina.startup.VersionLoggerListener.log JVM Version:                       18+36-2087
08-Jun-2023 21:31:50.816 INFO [main] org.apache.catalina.startup.VersionLoggerListener.log Vededor JVM:                       Oracle Corporation
08-Jun-2023 21:31:50.816 INFO [main] org.apache.catalina.startup.VersionLoggerListener.log CATALINA_BASE:                     D:\Documentos\UCH\IX-CICLO-UCH\TRABAJO GRUPAL\CALIDAD DE SOFTWARE\apache-tomcat-8.5.88
08-Jun-2023 21:31:50.816 INFO [main] org.apache.catalina.startup.VersionLoggerListener.log CATALINA_HOME:                     D:\Documentos\UCH\IX-CICLO-UCH\TRABAJO GRUPAL\CALIDAD DE SOFTWARE\apache-tomcat-8.5.88
08-Jun-2023 21:31:50.817 INFO [main] org.apache.catalina.startup.VersionLoggerListener.log Command line argument:             --add-opens=java.base/java.lang=ALL-UNNAMED
08-Jun-2023 21:31:50.817 INFO [main] org.apache.catalina.startup.VersionLoggerListener.log Command line argument:             --add-opens=java.base/java.io=ALL-UNNAMED
08-Jun-2023 21:31:50.817 INFO [main] org.apache.catalina.startup.VersionLoggerListener.log Command line argument:             --add-opens=java.base/java.util=ALL-UNNAMED
08-Jun-2023 21:31:50.817 INFO [main] org.apache.catalina.startup.VersionLoggerListener.log Command line argument:             --add-opens=java.base/java.util.concurrent=ALL-UNNAMED
08-Jun-2023 21:31:50.817 INFO [main] org.apache.catalina.startup.VersionLoggerListener.log Command line argument:             --add-opens=java.rmi/sun.rmi.transport=ALL-UNNAMED
08-Jun-2023 21:31:50.817 INFO [main] org.apache.catalina.startup.VersionLoggerListener.log Command line argument:             -Djava.util.logging.config.file=D:\Documentos\UCH\IX-CICLO-UCH\TRABAJO GRUPAL\CALIDAD DE SOFTWARE\apache-tomcat-8.5.88\conf\logging.properties
08-Jun-2023 21:31:50.817 INFO [main] org.apache.catalina.startup.VersionLoggerListener.log Command line argument:             -Djava.util.logging.manager=org.apache.juli.ClassLoaderLogManager
08-Jun-2023 21:31:50.817 INFO [main] org.apache.catalina.startup.VersionLoggerListener.log Command line argument:             -Djdk.tls.ephemeralDHKeySize=2048
08-Jun-2023 21:31:50.817 INFO [main] org.apache.catalina.startup.VersionLoggerListener.log Command line argument:             -Djava.protocol.handler.pkgs=org.apache.catalina.webresources
08-Jun-2023 21:31:50.817 INFO [main] org.apache.catalina.startup.VersionLoggerListener.log Command line argument:             -Dignore.endorsed.dirs=
08-Jun-2023 21:31:50.817 INFO [main] org.apache.catalina.startup.VersionLoggerListener.log Command line argument:             -Dcatalina.base=D:\Documentos\UCH\IX-CICLO-UCH\TRABAJO GRUPAL\CALIDAD DE SOFTWARE\apache-tomcat-8.5.88
08-Jun-2023 21:31:50.817 INFO [main] org.apache.catalina.startup.VersionLoggerListener.log Command line argument:             -Dcatalina.home=D:\Documentos\UCH\IX-CICLO-UCH\TRABAJO GRUPAL\CALIDAD DE SOFTWARE\apache-tomcat-8.5.88
08-Jun-2023 21:31:50.817 INFO [main] org.apache.catalina.startup.VersionLoggerListener.log Command line argument:             -Djava.io.tmpdir=D:\Documentos\UCH\IX-CICLO-UCH\TRABAJO GRUPAL\CALIDAD DE SOFTWARE\apache-tomcat-8.5.88\temp
08-Jun-2023 21:31:50.818 INFO [main] org.apache.catalina.core.AprLifecycleListener.lifecycleEvent Cargada la biblioteca nativa APR de Apache Tomcat [1.2.36] con la versión APR [1.7.2].
08-Jun-2023 21:31:50.818 INFO [main] org.apache.catalina.core.AprLifecycleListener.lifecycleEvent Capacidades APR: IPv6 [true], enviar fichero [true], aceptar filtros [false], aleatorio [true], UDS [{4}].
08-Jun-2023 21:31:50.818 INFO [main] org.apache.catalina.core.AprLifecycleListener.lifecycleEvent APR/OpenSSL configuration: useAprConnector [false], useOpenSSL [true]
08-Jun-2023 21:31:50.939 INFO [main] org.apache.catalina.core.AprLifecycleListener.initializeSSL OpenSSL inicializado correctamente [OpenSSL 1.1.1t  7 Feb 2023]
08-Jun-2023 21:31:51.005 INFO [main] org.apache.coyote.AbstractProtocol.init Inicializando el manejador de protocolo ["http-nio-8080"]

08-Jun-2023 21:31:51.021 INFO [main] org.apache.catalina.startup.Catalina.load Initialization processed in 782 ms
08-Jun-2023 21:31:51.074 INFO [main] org.apache.catalina.core.StandardService.startInternal Arrancando servicio [Catalina]
08-Jun-2023 21:31:51.074 INFO [main] org.apache.catalina.core.StandardEngine.startInternal Starting Servlet engine: [Apache Tomcat/8.5.88]
08-Jun-2023 21:31:51.082 INFO [localhost-startStop-1] org.apache.catalina.startup.HostConfig.deployDescriptor Desplieque del descriptor de configuración [D:\Documentos\UCH\IX-CICLO-UCH\TRABAJO GRUPAL\CALIDAD DE SOFTWARE\apache-tomcat-8.5.88\conf\Catalina\localhost\CISE.xml]
08-Jun-2023 21:31:51.139 WARNING [localhost-startStop-1] org.apache.catalina.startup.SetContextPropertiesRule.begin [SetContextPropertiesRule]{Context} Setting property 'antiJARLocking' to 'true' did not find a matching property.
08-Jun-2023 21:31:51.843 INFO [localhost-startStop-1] org.apache.jasper.servlet.TldScanner.scanJars Al menos un JAR, que se ha explorado buscando TLDs, aún no contenía TLDs. Activar historial de depuración para este historiador para una completa lista de los JARs que fueron explorados y de los que nos se halló TLDs. Saltarse JARs no necesarios durante la exploración puede dar lugar a una mejora de tiempo significativa en el arranque y compilación de JSP .
08-Jun-2023 21:31:51.944 INFO [localhost-startStop-1] org.apache.catalina.startup.HostConfig.deployDescriptor Deployment of deployment descriptor [D:\Documentos\UCH\IX-CICLO-UCH\TRABAJO GRUPAL\CALIDAD DE SOFTWARE\apache-tomcat-8.5.88\conf\Catalina\localhost\CISE.xml] has finished in [860] ms
08-Jun-2023 21:31:51.944 INFO [localhost-startStop-1] org.apache.catalina.startup.HostConfig.deployDirectory Desplegando el directorio [D:\Documentos\UCH\IX-CICLO-UCH\TRABAJO GRUPAL\CALIDAD DE SOFTWARE\apache-tomcat-8.5.88\webapps\docs] de la aplicación web
08-Jun-2023 21:31:52.034 INFO [localhost-startStop-1] org.apache.catalina.startup.HostConfig.deployDirectory Deployment of web application directory [D:\Documentos\UCH\IX-CICLO-UCH\TRABAJO GRUPAL\CALIDAD DE SOFTWARE\apache-tomcat-8.5.88\webapps\docs] has finished in [90] ms
08-Jun-2023 21:31:52.034 INFO [localhost-startStop-1] org.apache.catalina.startup.HostConfig.deployDirectory Desplegando el directorio [D:\Documentos\UCH\IX-CICLO-UCH\TRABAJO GRUPAL\CALIDAD DE SOFTWARE\apache-tomcat-8.5.88\webapps\examples] de la aplicación web
08-Jun-2023 21:31:53.428 INFO [localhost-startStop-1] org.apache.catalina.startup.HostConfig.deployDirectory Deployment of web application directory [D:\Documentos\UCH\IX-CICLO-UCH\TRABAJO GRUPAL\CALIDAD DE SOFTWARE\apache-tomcat-8.5.88\webapps\examples] has finished in [1.394] ms
08-Jun-2023 21:31:53.429 INFO [localhost-startStop-1] org.apache.catalina.startup.HostConfig.deployDirectory Desplegando el directorio [D:\Documentos\UCH\IX-CICLO-UCH\TRABAJO GRUPAL\CALIDAD DE SOFTWARE\apache-tomcat-8.5.88\webapps\host-manager] de la aplicación web
08-Jun-2023 21:31:53.513 INFO [localhost-startStop-1] org.apache.catalina.startup.HostConfig.deployDirectory Deployment of web application directory [D:\Documentos\UCH\IX-CICLO-UCH\TRABAJO GRUPAL\CALIDAD DE SOFTWARE\apache-tomcat-8.5.88\webapps\host-manager] has finished in [84] ms
08-Jun-2023 21:31:53.513 INFO [localhost-startStop-1] org.apache.catalina.startup.HostConfig.deployDirectory Desplegando el directorio [D:\Documentos\UCH\IX-CICLO-UCH\TRABAJO GRUPAL\CALIDAD DE SOFTWARE\apache-tomcat-8.5.88\webapps\manager] de la aplicación web
08-Jun-2023 21:31:53.564 INFO [localhost-startStop-1] org.apache.catalina.startup.HostConfig.deployDirectory Deployment of web application directory [D:\Documentos\UCH\IX-CICLO-UCH\TRABAJO GRUPAL\CALIDAD DE SOFTWARE\apache-tomcat-8.5.88\webapps\manager] has finished in [51] ms
08-Jun-2023 21:31:53.566 INFO [localhost-startStop-1] org.apache.catalina.startup.HostConfig.deployDirectory Desplegando el directorio [D:\Documentos\UCH\IX-CICLO-UCH\TRABAJO GRUPAL\CALIDAD DE SOFTWARE\apache-tomcat-8.5.88\webapps\ROOT] de la aplicación web
08-Jun-2023 21:31:53.602 INFO [localhost-startStop-1] org.apache.catalina.startup.HostConfig.deployDirectory Deployment of web application directory [D:\Documentos\UCH\IX-CICLO-UCH\TRABAJO GRUPAL\CALIDAD DE SOFTWARE\apache-tomcat-8.5.88\webapps\ROOT] has finished in [38] ms
08-Jun-2023 21:31:53.604 INFO [main] org.apache.coyote.AbstractProtocol.start Starting ProtocolHandler ["http-nio-8080"]
08-Jun-2023 21:31:53.635 INFO [main] org.apache.catalina.startup.Catalina.start Server startup in 2612 ms
08-Jun-2023 21:31:56.835 INFO [http-nio-8080-exec-10] org.apache.catalina.core.StandardContext.reload Ha comenzado la recarga de Contexto [/CISE]
08-Jun-2023 21:31:57.345 INFO [http-nio-8080-exec-10] org.apache.jasper.servlet.TldScanner.scanJars Al menos un JAR, que se ha explorado buscando TLDs, aún no contenía TLDs. Activar historial de depuración para este historiador para una completa lista de los JARs que fueron explorados y de los que nos se halló TLDs. Saltarse JARs no necesarios durante la exploración puede dar lugar a una mejora de tiempo significativa en el arranque y compilación de JSP .
08-Jun-2023 21:31:57.357 INFO [http-nio-8080-exec-10] org.apache.catalina.core.StandardContext.reload Se ha completado la recarga de este Contexto
08-Jun-2023 21:44:02.611 INFO [main] org.apache.catalina.core.StandardServer.await Se ha recibido un comando de apagado a través del puerto de apagado. Parando la instancia del Servidor.
08-Jun-2023 21:44:02.612 INFO [main] org.apache.coyote.AbstractProtocol.pause Pausing ProtocolHandler ["http-nio-8080"]
08-Jun-2023 21:44:02.617 INFO [main] org.apache.catalina.core.StandardService.stopInternal Parando servicio [Catalina]
08-Jun-2023 21:44:02.673 WARNING [localhost-startStop-2] org.apache.catalina.loader.WebappClassLoaderBase.clearReferencesJdbc La aplicación web [CISE] registró el conductor JDBC [com.microsoft.sqlserver.jdbc.SQLServerDriver] pero falló al anular el registro mientras la aplicación web estaba parada. Para prevenir un fallo de memoria, se ha anulado el registro del conductor JDBC por la fuerza.
08-Jun-2023 21:44:02.681 INFO [main] org.apache.coyote.AbstractProtocol.stop Stopping ProtocolHandler ["http-nio-8080"]
08-Jun-2023 21:44:02.689 INFO [main] org.apache.coyote.AbstractProtocol.destroy Destroying ProtocolHandler ["http-nio-8080"]
