11-Jul-2023 23:40:42.759 INFO [main] org.apache.catalina.startup.VersionLoggerListener.log Nombre de la versión del servidor: Apache Tomcat/8.5.88
11-Jul-2023 23:40:42.761 INFO [main] org.apache.catalina.startup.VersionLoggerListener.log Server built:                      Apr 14 2023 20:16:27 UTC
11-Jul-2023 23:40:42.762 INFO [main] org.apache.catalina.startup.VersionLoggerListener.log Número de versión de servidor:     8.5.88.0
11-Jul-2023 23:40:42.763 INFO [main] org.apache.catalina.startup.VersionLoggerListener.log OS Name:                           Windows 11
11-Jul-2023 23:40:42.763 INFO [main] org.apache.catalina.startup.VersionLoggerListener.log Versión de Systema Operativo:      10.0
11-Jul-2023 23:40:42.763 INFO [main] org.apache.catalina.startup.VersionLoggerListener.log Arquitectura:                      amd64
11-Jul-2023 23:40:42.763 INFO [main] org.apache.catalina.startup.VersionLoggerListener.log Java Home:                         C:\Program Files\Java\jdk-18
11-Jul-2023 23:40:42.763 INFO [main] org.apache.catalina.startup.VersionLoggerListener.log JVM Version:                       18+36-2087
11-Jul-2023 23:40:42.763 INFO [main] org.apache.catalina.startup.VersionLoggerListener.log Vededor JVM:                       Oracle Corporation
11-Jul-2023 23:40:42.763 INFO [main] org.apache.catalina.startup.VersionLoggerListener.log CATALINA_BASE:                     D:\Documentos\UCH\IX-CICLO-UCH\TRABAJO GRUPAL\CALIDAD DE SOFTWARE\apache-tomcat-8.5.88
11-Jul-2023 23:40:42.763 INFO [main] org.apache.catalina.startup.VersionLoggerListener.log CATALINA_HOME:                     D:\Documentos\UCH\IX-CICLO-UCH\TRABAJO GRUPAL\CALIDAD DE SOFTWARE\apache-tomcat-8.5.88
11-Jul-2023 23:40:42.763 INFO [main] org.apache.catalina.startup.VersionLoggerListener.log Command line argument:             --add-opens=java.base/java.lang=ALL-UNNAMED
11-Jul-2023 23:40:42.763 INFO [main] org.apache.catalina.startup.VersionLoggerListener.log Command line argument:             --add-opens=java.base/java.io=ALL-UNNAMED
11-Jul-2023 23:40:42.763 INFO [main] org.apache.catalina.startup.VersionLoggerListener.log Command line argument:             --add-opens=java.base/java.util=ALL-UNNAMED
11-Jul-2023 23:40:42.764 INFO [main] org.apache.catalina.startup.VersionLoggerListener.log Command line argument:             --add-opens=java.base/java.util.concurrent=ALL-UNNAMED
11-Jul-2023 23:40:42.764 INFO [main] org.apache.catalina.startup.VersionLoggerListener.log Command line argument:             --add-opens=java.rmi/sun.rmi.transport=ALL-UNNAMED
11-Jul-2023 23:40:42.764 INFO [main] org.apache.catalina.startup.VersionLoggerListener.log Command line argument:             -Djava.util.logging.config.file=D:\Documentos\UCH\IX-CICLO-UCH\TRABAJO GRUPAL\CALIDAD DE SOFTWARE\apache-tomcat-8.5.88\conf\logging.properties
11-Jul-2023 23:40:42.764 INFO [main] org.apache.catalina.startup.VersionLoggerListener.log Command line argument:             -Djava.util.logging.manager=org.apache.juli.ClassLoaderLogManager
11-Jul-2023 23:40:42.764 INFO [main] org.apache.catalina.startup.VersionLoggerListener.log Command line argument:             -Djdk.tls.ephemeralDHKeySize=2048
11-Jul-2023 23:40:42.764 INFO [main] org.apache.catalina.startup.VersionLoggerListener.log Command line argument:             -Djava.protocol.handler.pkgs=org.apache.catalina.webresources
11-Jul-2023 23:40:42.764 INFO [main] org.apache.catalina.startup.VersionLoggerListener.log Command line argument:             -Dignore.endorsed.dirs=
11-Jul-2023 23:40:42.764 INFO [main] org.apache.catalina.startup.VersionLoggerListener.log Command line argument:             -Dcatalina.base=D:\Documentos\UCH\IX-CICLO-UCH\TRABAJO GRUPAL\CALIDAD DE SOFTWARE\apache-tomcat-8.5.88
11-Jul-2023 23:40:42.764 INFO [main] org.apache.catalina.startup.VersionLoggerListener.log Command line argument:             -Dcatalina.home=D:\Documentos\UCH\IX-CICLO-UCH\TRABAJO GRUPAL\CALIDAD DE SOFTWARE\apache-tomcat-8.5.88
11-Jul-2023 23:40:42.764 INFO [main] org.apache.catalina.startup.VersionLoggerListener.log Command line argument:             -Djava.io.tmpdir=D:\Documentos\UCH\IX-CICLO-UCH\TRABAJO GRUPAL\CALIDAD DE SOFTWARE\apache-tomcat-8.5.88\temp
11-Jul-2023 23:40:42.835 INFO [main] org.apache.catalina.core.AprLifecycleListener.lifecycleEvent Cargada la biblioteca nativa APR de Apache Tomcat [1.2.36] con la versión APR [1.7.2].
11-Jul-2023 23:40:42.835 INFO [main] org.apache.catalina.core.AprLifecycleListener.lifecycleEvent Capacidades APR: IPv6 [true], enviar fichero [true], aceptar filtros [false], aleatorio [true], UDS [{4}].
11-Jul-2023 23:40:42.835 INFO [main] org.apache.catalina.core.AprLifecycleListener.lifecycleEvent APR/OpenSSL configuration: useAprConnector [false], useOpenSSL [true]
11-Jul-2023 23:40:42.896 INFO [main] org.apache.catalina.core.AprLifecycleListener.initializeSSL OpenSSL inicializado correctamente [OpenSSL 1.1.1t  7 Feb 2023]
11-Jul-2023 23:40:42.954 INFO [main] org.apache.coyote.AbstractProtocol.init Inicializando el manejador de protocolo ["http-nio-8080"]

11-Jul-2023 23:40:42.974 INFO [main] org.apache.catalina.startup.Catalina.load Initialization processed in 754 ms
11-Jul-2023 23:40:43.033 INFO [main] org.apache.catalina.core.StandardService.startInternal Arrancando servicio [Catalina]
11-Jul-2023 23:40:43.033 INFO [main] org.apache.catalina.core.StandardEngine.startInternal Starting Servlet engine: [Apache Tomcat/8.5.88]
11-Jul-2023 23:40:43.072 INFO [localhost-startStop-1] org.apache.catalina.startup.HostConfig.deployDescriptor Desplieque del descriptor de configuración [D:\Documentos\UCH\IX-CICLO-UCH\TRABAJO GRUPAL\CALIDAD DE SOFTWARE\apache-tomcat-8.5.88\conf\Catalina\localhost\CISE.xml]
11-Jul-2023 23:40:43.151 WARNING [localhost-startStop-1] org.apache.catalina.startup.SetContextPropertiesRule.begin [SetContextPropertiesRule]{Context} Setting property 'antiJARLocking' to 'true' did not find a matching property.
11-Jul-2023 23:40:43.943 INFO [localhost-startStop-1] org.apache.jasper.servlet.TldScanner.scanJars Al menos un JAR, que se ha explorado buscando TLDs, aún no contenía TLDs. Activar historial de depuración para este historiador para una completa lista de los JARs que fueron explorados y de los que nos se halló TLDs. Saltarse JARs no necesarios durante la exploración puede dar lugar a una mejora de tiempo significativa en el arranque y compilación de JSP .
11-Jul-2023 23:40:44.058 INFO [localhost-startStop-1] org.apache.catalina.startup.HostConfig.deployDescriptor Deployment of deployment descriptor [D:\Documentos\UCH\IX-CICLO-UCH\TRABAJO GRUPAL\CALIDAD DE SOFTWARE\apache-tomcat-8.5.88\conf\Catalina\localhost\CISE.xml] has finished in [985] ms
11-Jul-2023 23:40:44.059 INFO [localhost-startStop-1] org.apache.catalina.startup.HostConfig.deployDirectory Desplegando el directorio [D:\Documentos\UCH\IX-CICLO-UCH\TRABAJO GRUPAL\CALIDAD DE SOFTWARE\apache-tomcat-8.5.88\webapps\docs] de la aplicación web
11-Jul-2023 23:40:44.178 INFO [localhost-startStop-1] org.apache.catalina.startup.HostConfig.deployDirectory Deployment of web application directory [D:\Documentos\UCH\IX-CICLO-UCH\TRABAJO GRUPAL\CALIDAD DE SOFTWARE\apache-tomcat-8.5.88\webapps\docs] has finished in [119] ms
11-Jul-2023 23:40:44.178 INFO [localhost-startStop-1] org.apache.catalina.startup.HostConfig.deployDirectory Desplegando el directorio [D:\Documentos\UCH\IX-CICLO-UCH\TRABAJO GRUPAL\CALIDAD DE SOFTWARE\apache-tomcat-8.5.88\webapps\examples] de la aplicación web
11-Jul-2023 23:40:45.952 INFO [localhost-startStop-1] org.apache.catalina.startup.HostConfig.deployDirectory Deployment of web application directory [D:\Documentos\UCH\IX-CICLO-UCH\TRABAJO GRUPAL\CALIDAD DE SOFTWARE\apache-tomcat-8.5.88\webapps\examples] has finished in [1.773] ms
11-Jul-2023 23:40:45.952 INFO [localhost-startStop-1] org.apache.catalina.startup.HostConfig.deployDirectory Desplegando el directorio [D:\Documentos\UCH\IX-CICLO-UCH\TRABAJO GRUPAL\CALIDAD DE SOFTWARE\apache-tomcat-8.5.88\webapps\host-manager] de la aplicación web
11-Jul-2023 23:40:46.010 INFO [localhost-startStop-1] org.apache.catalina.startup.HostConfig.deployDirectory Deployment of web application directory [D:\Documentos\UCH\IX-CICLO-UCH\TRABAJO GRUPAL\CALIDAD DE SOFTWARE\apache-tomcat-8.5.88\webapps\host-manager] has finished in [58] ms
11-Jul-2023 23:40:46.010 INFO [localhost-startStop-1] org.apache.catalina.startup.HostConfig.deployDirectory Desplegando el directorio [D:\Documentos\UCH\IX-CICLO-UCH\TRABAJO GRUPAL\CALIDAD DE SOFTWARE\apache-tomcat-8.5.88\webapps\manager] de la aplicación web
11-Jul-2023 23:40:46.084 INFO [localhost-startStop-1] org.apache.catalina.startup.HostConfig.deployDirectory Deployment of web application directory [D:\Documentos\UCH\IX-CICLO-UCH\TRABAJO GRUPAL\CALIDAD DE SOFTWARE\apache-tomcat-8.5.88\webapps\manager] has finished in [74] ms
11-Jul-2023 23:40:46.086 INFO [localhost-startStop-1] org.apache.catalina.startup.HostConfig.deployDirectory Desplegando el directorio [D:\Documentos\UCH\IX-CICLO-UCH\TRABAJO GRUPAL\CALIDAD DE SOFTWARE\apache-tomcat-8.5.88\webapps\ROOT] de la aplicación web
11-Jul-2023 23:40:46.117 INFO [localhost-startStop-1] org.apache.catalina.startup.HostConfig.deployDirectory Deployment of web application directory [D:\Documentos\UCH\IX-CICLO-UCH\TRABAJO GRUPAL\CALIDAD DE SOFTWARE\apache-tomcat-8.5.88\webapps\ROOT] has finished in [31] ms
11-Jul-2023 23:40:46.118 INFO [main] org.apache.coyote.AbstractProtocol.start Starting ProtocolHandler ["http-nio-8080"]
11-Jul-2023 23:40:46.157 INFO [main] org.apache.catalina.startup.Catalina.start Server startup in 3182 ms
