01-Jun-2023 21:25:36.087 INFO [localhost-startStop-1] org.apache.catalina.core.ApplicationContext.log ContextListener: contextInitialized()
01-Jun-2023 21:25:36.087 INFO [localhost-startStop-1] org.apache.catalina.core.ApplicationContext.log SessionListener: contextInitialized()
01-Jun-2023 21:25:36.087 INFO [localhost-startStop-1] org.apache.catalina.core.ApplicationContext.log ContextListener: attributeAdded('StockTicker', 'async.Stockticker@5f7a2a05')
01-Jun-2023 21:56:33.481 WARNING [localhost-startStop-2] org.apache.catalina.session.StandardSession.doWriteObject No puedo serializar atributo de sesión [productoPendiente] para sesión [7631C2CB46601BDE138DEAE77E87F4AE]
	java.io.NotSerializableException: soft.cise.modeloDTO.compraDTO
		at java.base/java.io.ObjectOutputStream.writeObject0(ObjectOutputStream.java:1202)
		at java.base/java.io.ObjectOutputStream.writeObject(ObjectOutputStream.java:362)
		at java.base/java.util.ArrayList.writeObject(ArrayList.java:866)
		at java.base/jdk.internal.reflect.DirectMethodHandleAccessor.invoke(DirectMethodHandleAccessor.java:104)
		at java.base/java.lang.reflect.Method.invoke(Method.java:577)
		at java.base/java.io.ObjectStreamClass.invokeWriteObject(ObjectStreamClass.java:1201)
		at java.base/java.io.ObjectOutputStream.writeSerialData(ObjectOutputStream.java:1531)
		at java.base/java.io.ObjectOutputStream.writeOrdinaryObject(ObjectOutputStream.java:1453)
		at java.base/java.io.ObjectOutputStream.writeObject0(ObjectOutputStream.java:1196)
		at java.base/java.io.ObjectOutputStream.writeObject(ObjectOutputStream.java:362)
		at org.apache.catalina.session.StandardSession.doWriteObject(StandardSession.java:1756)
		at org.apache.catalina.session.StandardSession.writeObjectData(StandardSession.java:1067)
		at org.apache.catalina.session.StandardManager.doUnload(StandardManager.java:317)
		at org.apache.catalina.session.StandardManager.unload(StandardManager.java:268)
		at org.apache.catalina.session.StandardManager.stopInternal(StandardManager.java:384)
		at org.apache.catalina.util.LifecycleBase.stop(LifecycleBase.java:257)
		at org.apache.catalina.core.StandardContext.stopInternal(StandardContext.java:5174)
		at org.apache.catalina.util.LifecycleBase.stop(LifecycleBase.java:257)
		at org.apache.catalina.core.ContainerBase$StopChild.call(ContainerBase.java:1378)
		at org.apache.catalina.core.ContainerBase$StopChild.call(ContainerBase.java:1367)
		at java.base/java.util.concurrent.FutureTask.run(FutureTask.java:264)
		at java.base/java.util.concurrent.ThreadPoolExecutor.runWorker(ThreadPoolExecutor.java:1136)
		at java.base/java.util.concurrent.ThreadPoolExecutor$Worker.run(ThreadPoolExecutor.java:635)
		at java.base/java.lang.Thread.run(Thread.java:833)
01-Jun-2023 21:56:33.482 WARNING [localhost-startStop-2] org.apache.catalina.session.StandardSession.doWriteObject No puedo serializar atributo de sesión [productoEntregado] para sesión [7631C2CB46601BDE138DEAE77E87F4AE]
	java.io.NotSerializableException: soft.cise.modeloDTO.compraDTO
		at java.base/java.io.ObjectOutputStream.writeObject0(ObjectOutputStream.java:1202)
		at java.base/java.io.ObjectOutputStream.writeObject(ObjectOutputStream.java:362)
		at java.base/java.util.ArrayList.writeObject(ArrayList.java:866)
		at java.base/jdk.internal.reflect.DirectMethodHandleAccessor.invoke(DirectMethodHandleAccessor.java:104)
		at java.base/java.lang.reflect.Method.invoke(Method.java:577)
		at java.base/java.io.ObjectStreamClass.invokeWriteObject(ObjectStreamClass.java:1201)
		at java.base/java.io.ObjectOutputStream.writeSerialData(ObjectOutputStream.java:1531)
		at java.base/java.io.ObjectOutputStream.writeOrdinaryObject(ObjectOutputStream.java:1453)
		at java.base/java.io.ObjectOutputStream.writeObject0(ObjectOutputStream.java:1196)
		at java.base/java.io.ObjectOutputStream.writeObject(ObjectOutputStream.java:362)
		at org.apache.catalina.session.StandardSession.doWriteObject(StandardSession.java:1756)
		at org.apache.catalina.session.StandardSession.writeObjectData(StandardSession.java:1067)
		at org.apache.catalina.session.StandardManager.doUnload(StandardManager.java:317)
		at org.apache.catalina.session.StandardManager.unload(StandardManager.java:268)
		at org.apache.catalina.session.StandardManager.stopInternal(StandardManager.java:384)
		at org.apache.catalina.util.LifecycleBase.stop(LifecycleBase.java:257)
		at org.apache.catalina.core.StandardContext.stopInternal(StandardContext.java:5174)
		at org.apache.catalina.util.LifecycleBase.stop(LifecycleBase.java:257)
		at org.apache.catalina.core.ContainerBase$StopChild.call(ContainerBase.java:1378)
		at org.apache.catalina.core.ContainerBase$StopChild.call(ContainerBase.java:1367)
		at java.base/java.util.concurrent.FutureTask.run(FutureTask.java:264)
		at java.base/java.util.concurrent.ThreadPoolExecutor.runWorker(ThreadPoolExecutor.java:1136)
		at java.base/java.util.concurrent.ThreadPoolExecutor$Worker.run(ThreadPoolExecutor.java:635)
		at java.base/java.lang.Thread.run(Thread.java:833)
01-Jun-2023 21:56:33.482 WARNING [localhost-startStop-2] org.apache.catalina.session.StandardSession.doWriteObject No puedo serializar atributo de sesión [reporteProducto] para sesión [7631C2CB46601BDE138DEAE77E87F4AE]
	java.io.NotSerializableException: soft.cise.modeloDTO.reporteDTO
		at java.base/java.io.ObjectOutputStream.writeObject0(ObjectOutputStream.java:1202)
		at java.base/java.io.ObjectOutputStream.writeObject(ObjectOutputStream.java:362)
		at java.base/java.util.ArrayList.writeObject(ArrayList.java:866)
		at java.base/jdk.internal.reflect.DirectMethodHandleAccessor.invoke(DirectMethodHandleAccessor.java:104)
		at java.base/java.lang.reflect.Method.invoke(Method.java:577)
		at java.base/java.io.ObjectStreamClass.invokeWriteObject(ObjectStreamClass.java:1201)
		at java.base/java.io.ObjectOutputStream.writeSerialData(ObjectOutputStream.java:1531)
		at java.base/java.io.ObjectOutputStream.writeOrdinaryObject(ObjectOutputStream.java:1453)
		at java.base/java.io.ObjectOutputStream.writeObject0(ObjectOutputStream.java:1196)
		at java.base/java.io.ObjectOutputStream.writeObject(ObjectOutputStream.java:362)
		at org.apache.catalina.session.StandardSession.doWriteObject(StandardSession.java:1756)
		at org.apache.catalina.session.StandardSession.writeObjectData(StandardSession.java:1067)
		at org.apache.catalina.session.StandardManager.doUnload(StandardManager.java:317)
		at org.apache.catalina.session.StandardManager.unload(StandardManager.java:268)
		at org.apache.catalina.session.StandardManager.stopInternal(StandardManager.java:384)
		at org.apache.catalina.util.LifecycleBase.stop(LifecycleBase.java:257)
		at org.apache.catalina.core.StandardContext.stopInternal(StandardContext.java:5174)
		at org.apache.catalina.util.LifecycleBase.stop(LifecycleBase.java:257)
		at org.apache.catalina.core.ContainerBase$StopChild.call(ContainerBase.java:1378)
		at org.apache.catalina.core.ContainerBase$StopChild.call(ContainerBase.java:1367)
		at java.base/java.util.concurrent.FutureTask.run(FutureTask.java:264)
		at java.base/java.util.concurrent.ThreadPoolExecutor.runWorker(ThreadPoolExecutor.java:1136)
		at java.base/java.util.concurrent.ThreadPoolExecutor$Worker.run(ThreadPoolExecutor.java:635)
		at java.base/java.lang.Thread.run(Thread.java:833)
01-Jun-2023 21:56:33.487 INFO [localhost-startStop-2] org.apache.catalina.core.ApplicationContext.log SessionListener: contextDestroyed()
01-Jun-2023 21:56:33.487 INFO [localhost-startStop-2] org.apache.catalina.core.ApplicationContext.log ContextListener: contextDestroyed()
01-Jun-2023 21:57:21.193 WARNING [localhost-startStop-1] org.apache.catalina.session.StandardSession.doReadObject Cannot deserialize session attribute [productoPendiente] for session [7631C2CB46601BDE138DEAE77E87F4AE]
01-Jun-2023 21:57:21.194 WARNING [localhost-startStop-1] org.apache.catalina.session.StandardSession.doReadObject Cannot deserialize session attribute [productoEntregado] for session [7631C2CB46601BDE138DEAE77E87F4AE]
01-Jun-2023 21:57:21.195 WARNING [localhost-startStop-1] org.apache.catalina.session.StandardSession.doReadObject Cannot deserialize session attribute [reporteProducto] for session [7631C2CB46601BDE138DEAE77E87F4AE]
01-Jun-2023 21:57:21.482 INFO [localhost-startStop-1] org.apache.catalina.core.ApplicationContext.log ContextListener: contextInitialized()
01-Jun-2023 21:57:21.482 INFO [localhost-startStop-1] org.apache.catalina.core.ApplicationContext.log SessionListener: contextInitialized()
01-Jun-2023 21:57:21.484 INFO [localhost-startStop-1] org.apache.catalina.core.ApplicationContext.log ContextListener: attributeAdded('StockTicker', 'async.Stockticker@6d11117f')
01-Jun-2023 23:36:31.387 WARNING [localhost-startStop-2] org.apache.catalina.session.StandardSession.doWriteObject No puedo serializar atributo de sesión [productoEntregado] para sesión [323F5141A409FB8D9F739E54ACD5A8D8]
	java.io.NotSerializableException: soft.cise.modeloDTO.compraDTO
		at java.base/java.io.ObjectOutputStream.writeObject0(ObjectOutputStream.java:1202)
		at java.base/java.io.ObjectOutputStream.writeObject(ObjectOutputStream.java:362)
		at java.base/java.util.ArrayList.writeObject(ArrayList.java:866)
		at java.base/jdk.internal.reflect.DirectMethodHandleAccessor.invoke(DirectMethodHandleAccessor.java:104)
		at java.base/java.lang.reflect.Method.invoke(Method.java:577)
		at java.base/java.io.ObjectStreamClass.invokeWriteObject(ObjectStreamClass.java:1201)
		at java.base/java.io.ObjectOutputStream.writeSerialData(ObjectOutputStream.java:1531)
		at java.base/java.io.ObjectOutputStream.writeOrdinaryObject(ObjectOutputStream.java:1453)
		at java.base/java.io.ObjectOutputStream.writeObject0(ObjectOutputStream.java:1196)
		at java.base/java.io.ObjectOutputStream.writeObject(ObjectOutputStream.java:362)
		at org.apache.catalina.session.StandardSession.doWriteObject(StandardSession.java:1756)
		at org.apache.catalina.session.StandardSession.writeObjectData(StandardSession.java:1067)
		at org.apache.catalina.session.StandardManager.doUnload(StandardManager.java:317)
		at org.apache.catalina.session.StandardManager.unload(StandardManager.java:268)
		at org.apache.catalina.session.StandardManager.stopInternal(StandardManager.java:384)
		at org.apache.catalina.util.LifecycleBase.stop(LifecycleBase.java:257)
		at org.apache.catalina.core.StandardContext.stopInternal(StandardContext.java:5174)
		at org.apache.catalina.util.LifecycleBase.stop(LifecycleBase.java:257)
		at org.apache.catalina.core.ContainerBase$StopChild.call(ContainerBase.java:1378)
		at org.apache.catalina.core.ContainerBase$StopChild.call(ContainerBase.java:1367)
		at java.base/java.util.concurrent.FutureTask.run(FutureTask.java:264)
		at java.base/java.util.concurrent.ThreadPoolExecutor.runWorker(ThreadPoolExecutor.java:1136)
		at java.base/java.util.concurrent.ThreadPoolExecutor$Worker.run(ThreadPoolExecutor.java:635)
		at java.base/java.lang.Thread.run(Thread.java:833)
01-Jun-2023 23:36:31.388 WARNING [localhost-startStop-2] org.apache.catalina.session.StandardSession.doWriteObject No puedo serializar atributo de sesión [productoPendiente] para sesión [323F5141A409FB8D9F739E54ACD5A8D8]
	java.io.NotSerializableException: soft.cise.modeloDTO.compraDTO
		at java.base/java.io.ObjectOutputStream.writeObject0(ObjectOutputStream.java:1202)
		at java.base/java.io.ObjectOutputStream.writeObject(ObjectOutputStream.java:362)
		at java.base/java.util.ArrayList.writeObject(ArrayList.java:866)
		at java.base/jdk.internal.reflect.DirectMethodHandleAccessor.invoke(DirectMethodHandleAccessor.java:104)
		at java.base/java.lang.reflect.Method.invoke(Method.java:577)
		at java.base/java.io.ObjectStreamClass.invokeWriteObject(ObjectStreamClass.java:1201)
		at java.base/java.io.ObjectOutputStream.writeSerialData(ObjectOutputStream.java:1531)
		at java.base/java.io.ObjectOutputStream.writeOrdinaryObject(ObjectOutputStream.java:1453)
		at java.base/java.io.ObjectOutputStream.writeObject0(ObjectOutputStream.java:1196)
		at java.base/java.io.ObjectOutputStream.writeObject(ObjectOutputStream.java:362)
		at org.apache.catalina.session.StandardSession.doWriteObject(StandardSession.java:1756)
		at org.apache.catalina.session.StandardSession.writeObjectData(StandardSession.java:1067)
		at org.apache.catalina.session.StandardManager.doUnload(StandardManager.java:317)
		at org.apache.catalina.session.StandardManager.unload(StandardManager.java:268)
		at org.apache.catalina.session.StandardManager.stopInternal(StandardManager.java:384)
		at org.apache.catalina.util.LifecycleBase.stop(LifecycleBase.java:257)
		at org.apache.catalina.core.StandardContext.stopInternal(StandardContext.java:5174)
		at org.apache.catalina.util.LifecycleBase.stop(LifecycleBase.java:257)
		at org.apache.catalina.core.ContainerBase$StopChild.call(ContainerBase.java:1378)
		at org.apache.catalina.core.ContainerBase$StopChild.call(ContainerBase.java:1367)
		at java.base/java.util.concurrent.FutureTask.run(FutureTask.java:264)
		at java.base/java.util.concurrent.ThreadPoolExecutor.runWorker(ThreadPoolExecutor.java:1136)
		at java.base/java.util.concurrent.ThreadPoolExecutor$Worker.run(ThreadPoolExecutor.java:635)
		at java.base/java.lang.Thread.run(Thread.java:833)
01-Jun-2023 23:36:31.389 WARNING [localhost-startStop-2] org.apache.catalina.session.StandardSession.doWriteObject No puedo serializar atributo de sesión [listaProducto] para sesión [323F5141A409FB8D9F739E54ACD5A8D8]
	java.io.NotSerializableException: soft.cise.modeloDTO.productoDTO
		at java.base/java.io.ObjectOutputStream.writeObject0(ObjectOutputStream.java:1202)
		at java.base/java.io.ObjectOutputStream.writeObject(ObjectOutputStream.java:362)
		at java.base/java.util.ArrayList.writeObject(ArrayList.java:866)
		at java.base/jdk.internal.reflect.DirectMethodHandleAccessor.invoke(DirectMethodHandleAccessor.java:104)
		at java.base/java.lang.reflect.Method.invoke(Method.java:577)
		at java.base/java.io.ObjectStreamClass.invokeWriteObject(ObjectStreamClass.java:1201)
		at java.base/java.io.ObjectOutputStream.writeSerialData(ObjectOutputStream.java:1531)
		at java.base/java.io.ObjectOutputStream.writeOrdinaryObject(ObjectOutputStream.java:1453)
		at java.base/java.io.ObjectOutputStream.writeObject0(ObjectOutputStream.java:1196)
		at java.base/java.io.ObjectOutputStream.writeObject(ObjectOutputStream.java:362)
		at org.apache.catalina.session.StandardSession.doWriteObject(StandardSession.java:1756)
		at org.apache.catalina.session.StandardSession.writeObjectData(StandardSession.java:1067)
		at org.apache.catalina.session.StandardManager.doUnload(StandardManager.java:317)
		at org.apache.catalina.session.StandardManager.unload(StandardManager.java:268)
		at org.apache.catalina.session.StandardManager.stopInternal(StandardManager.java:384)
		at org.apache.catalina.util.LifecycleBase.stop(LifecycleBase.java:257)
		at org.apache.catalina.core.StandardContext.stopInternal(StandardContext.java:5174)
		at org.apache.catalina.util.LifecycleBase.stop(LifecycleBase.java:257)
		at org.apache.catalina.core.ContainerBase$StopChild.call(ContainerBase.java:1378)
		at org.apache.catalina.core.ContainerBase$StopChild.call(ContainerBase.java:1367)
		at java.base/java.util.concurrent.FutureTask.run(FutureTask.java:264)
		at java.base/java.util.concurrent.ThreadPoolExecutor.runWorker(ThreadPoolExecutor.java:1136)
		at java.base/java.util.concurrent.ThreadPoolExecutor$Worker.run(ThreadPoolExecutor.java:635)
		at java.base/java.lang.Thread.run(Thread.java:833)
01-Jun-2023 23:36:31.389 WARNING [localhost-startStop-2] org.apache.catalina.session.StandardSession.doWriteObject No puedo serializar atributo de sesión [carrito] para sesión [323F5141A409FB8D9F739E54ACD5A8D8]
	java.io.NotSerializableException: soft.cise.modeloDTO.articuloDTO
		at java.base/java.io.ObjectOutputStream.writeObject0(ObjectOutputStream.java:1202)
		at java.base/java.io.ObjectOutputStream.writeObject(ObjectOutputStream.java:362)
		at java.base/java.util.ArrayList.writeObject(ArrayList.java:866)
		at java.base/jdk.internal.reflect.DirectMethodHandleAccessor.invoke(DirectMethodHandleAccessor.java:104)
		at java.base/java.lang.reflect.Method.invoke(Method.java:577)
		at java.base/java.io.ObjectStreamClass.invokeWriteObject(ObjectStreamClass.java:1201)
		at java.base/java.io.ObjectOutputStream.writeSerialData(ObjectOutputStream.java:1531)
		at java.base/java.io.ObjectOutputStream.writeOrdinaryObject(ObjectOutputStream.java:1453)
		at java.base/java.io.ObjectOutputStream.writeObject0(ObjectOutputStream.java:1196)
		at java.base/java.io.ObjectOutputStream.writeObject(ObjectOutputStream.java:362)
		at org.apache.catalina.session.StandardSession.doWriteObject(StandardSession.java:1756)
		at org.apache.catalina.session.StandardSession.writeObjectData(StandardSession.java:1067)
		at org.apache.catalina.session.StandardManager.doUnload(StandardManager.java:317)
		at org.apache.catalina.session.StandardManager.unload(StandardManager.java:268)
		at org.apache.catalina.session.StandardManager.stopInternal(StandardManager.java:384)
		at org.apache.catalina.util.LifecycleBase.stop(LifecycleBase.java:257)
		at org.apache.catalina.core.StandardContext.stopInternal(StandardContext.java:5174)
		at org.apache.catalina.util.LifecycleBase.stop(LifecycleBase.java:257)
		at org.apache.catalina.core.ContainerBase$StopChild.call(ContainerBase.java:1378)
		at org.apache.catalina.core.ContainerBase$StopChild.call(ContainerBase.java:1367)
		at java.base/java.util.concurrent.FutureTask.run(FutureTask.java:264)
		at java.base/java.util.concurrent.ThreadPoolExecutor.runWorker(ThreadPoolExecutor.java:1136)
		at java.base/java.util.concurrent.ThreadPoolExecutor$Worker.run(ThreadPoolExecutor.java:635)
		at java.base/java.lang.Thread.run(Thread.java:833)
01-Jun-2023 23:36:31.394 INFO [localhost-startStop-2] org.apache.catalina.core.ApplicationContext.log SessionListener: contextDestroyed()
01-Jun-2023 23:36:31.394 INFO [localhost-startStop-2] org.apache.catalina.core.ApplicationContext.log ContextListener: contextDestroyed()
