08-Jun-2023 21:31:53.417 INFO [localhost-startStop-1] org.apache.catalina.core.ApplicationContext.log ContextListener: contextInitialized()
08-Jun-2023 21:31:53.417 INFO [localhost-startStop-1] org.apache.catalina.core.ApplicationContext.log SessionListener: contextInitialized()
08-Jun-2023 21:31:53.419 INFO [localhost-startStop-1] org.apache.catalina.core.ApplicationContext.log ContextListener: attributeAdded('StockTicker', 'async.Stockticker@51aca805')
08-Jun-2023 21:32:37.551 SEVERE [http-nio-8080-exec-14] org.apache.catalina.core.ApplicationDispatcher.invoke El Servlet.service() para servlet [jsp] lanzó una excepción
	org.apache.jasper.JasperException: No se puede compilar la clase para JSP: 

Ha tenido lugar un error en la línea: [65] en el archivo jsp: [/msistema/users/updateUsuario.jsp]
productodto cannot be resolved
62:                                                     <%  usuarioDAO usuDao = new soft.cise.modeloDao.usuarioDAO();
63:                                                     
64:                                                     %>
65:                                                     <option value="<%=productodto.getMoneda()%>"><%=moneda%></option>
66:                                                     <option value="<%=idMoneda%>"><%=moneda2%></option>   
67:                                                 </select>
68: 


Ha tenido lugar un error en la línea: [65] en el archivo jsp: [/msistema/users/updateUsuario.jsp]
moneda cannot be resolved to a variable
62:                                                     <%  usuarioDAO usuDao = new soft.cise.modeloDao.usuarioDAO();
63:                                                     
64:                                                     %>
65:                                                     <option value="<%=productodto.getMoneda()%>"><%=moneda%></option>
66:                                                     <option value="<%=idMoneda%>"><%=moneda2%></option>   
67:                                                 </select>
68: 


Ha tenido lugar un error en la línea: [66] en el archivo jsp: [/msistema/users/updateUsuario.jsp]
idMoneda cannot be resolved to a variable
63:                                                     
64:                                                     %>
65:                                                     <option value="<%=productodto.getMoneda()%>"><%=moneda%></option>
66:                                                     <option value="<%=idMoneda%>"><%=moneda2%></option>   
67:                                                 </select>
68: 
69:                                             </div>


Ha tenido lugar un error en la línea: [66] en el archivo jsp: [/msistema/users/updateUsuario.jsp]
moneda2 cannot be resolved to a variable
63:                                                     
64:                                                     %>
65:                                                     <option value="<%=productodto.getMoneda()%>"><%=moneda%></option>
66:                                                     <option value="<%=idMoneda%>"><%=moneda2%></option>   
67:                                                 </select>
68: 
69:                                             </div>


Ha tenido lugar un error en la línea: [72] en el archivo jsp: [/msistema/users/updateUsuario.jsp]
productodto cannot be resolved
69:                                             </div>
70:                                             <div class="form-group">
71:                                                 <label>Precio Compra</label>
72:                                                 <input class="form-control" type="text" name="txtPrecioCompra" value="<%=productodto.getPrecioCompra() %>">
73:                                             </div>
74:                                             <div class="form-group">
75:                                                 <label>Tipo de Cambio</label>


Ha tenido lugar un error en la línea: [76] en el archivo jsp: [/msistema/users/updateUsuario.jsp]
productodto cannot be resolved
73:                                             </div>
74:                                             <div class="form-group">
75:                                                 <label>Tipo de Cambio</label>
76:                                                 <input class="form-control" type="text" name="txtTipoCambio" value="<%=productodto.getTipoCambio() %>">
77:                                             </div>
78:                                             <div class="form-group">
79:                                                 <label>Precio Venta del Prroducto</label>


Ha tenido lugar un error en la línea: [80] en el archivo jsp: [/msistema/users/updateUsuario.jsp]
productodto cannot be resolved
77:                                             </div>
78:                                             <div class="form-group">
79:                                                 <label>Precio Venta del Prroducto</label>
80:                                                 <input class="form-control" type="text" name="txtPrecioVenta" value="<%=productodto.getPrecioVenta() %>">
81:                                             </div>
82:                                         </div>
83:                                         <div class="col-md-4">


Ha tenido lugar un error en la línea: [86] en el archivo jsp: [/msistema/users/updateUsuario.jsp]
productodto cannot be resolved
83:                                         <div class="col-md-4">
84:                                             <div class="form-group">
85:                                                 <label>IGV</label>
86:                                                 <input class="form-control" type="text" name="txtIGV" value="<%=productodto.getIGV() %>">                                         
87:                                             </div>
88:                                             <div class="form-group">
89:                                                 <label>Nombre Proveedor</label>


Ha tenido lugar un error en la línea: [90] en el archivo jsp: [/msistema/users/updateUsuario.jsp]
productodto cannot be resolved
87:                                             </div>
88:                                             <div class="form-group">
89:                                                 <label>Nombre Proveedor</label>
90:                                                 <input class="form-control" type="text" name="txtProveedor" value="<%=productodto.getProveedor() %>">                                         
91:                                             </div>
92:                                             <div class="form-group">
93:                                                 <label>Talla 1</label>


Ha tenido lugar un error en la línea: [94] en el archivo jsp: [/msistema/users/updateUsuario.jsp]
productodto cannot be resolved
91:                                             </div>
92:                                             <div class="form-group">
93:                                                 <label>Talla 1</label>
94:                                                 <input class="form-control" type="text" name="txtTalla1" value="<%=productodto.getTalla1() %>">
95:                                             </div>
96:                                             <div class="form-group">
97:                                                 <label>Talla 2</label>


Ha tenido lugar un error en la línea: [98] en el archivo jsp: [/msistema/users/updateUsuario.jsp]
productodto cannot be resolved
95:                                             </div>
96:                                             <div class="form-group">
97:                                                 <label>Talla 2</label>
98:                                                 <input class="form-control" type="text" name="txtTalla2" value="<%=productodto.getTalla2() %>">
99:                                             </div>
100:                                             <div class="form-group">
101:                                                 <label>Talla 3</label>


Ha tenido lugar un error en la línea: [102] en el archivo jsp: [/msistema/users/updateUsuario.jsp]
productodto cannot be resolved
99:                                             </div>
100:                                             <div class="form-group">
101:                                                 <label>Talla 3</label>
102:                                                 <input class="form-control" type="text" name="txtTalla3" value="<%=productodto.getTalla3() %>">
103:                                             </div>
104:                                             <div class="form-group">
105:                                                 <label>Talla 4</label>


Ha tenido lugar un error en la línea: [106] en el archivo jsp: [/msistema/users/updateUsuario.jsp]
productodto cannot be resolved
103:                                             </div>
104:                                             <div class="form-group">
105:                                                 <label>Talla 4</label>
106:                                                 <input class="form-control" type="text" name="txtTalla4" value="<%=productodto.getTalla4() %>">
107:                                             </div>
108:                                         </div>
109:                                         <div class="col-md-4">


Ha tenido lugar un error en la línea: [111] en el archivo jsp: [/msistema/users/updateUsuario.jsp]
productodto cannot be resolved
108:                                         </div>
109:                                         <div class="col-md-4">
110:                                             <div class="form-group">
111:                                                 <label>Categoria :><%=productodto.getCategoria() %></label>
112:                                                 <select class="form-control" name="txtCategoria">
113:                                                     <%
114:                                                         metProduc metPro = new soft.cise.modeloDao.metProduc();


Ha tenido lugar un error en la línea: [130] en el archivo jsp: [/msistema/users/updateUsuario.jsp]
productodto cannot be resolved
127:                                             </div>
128:                                             <div class="form-group">
129:                                                 <label>Modelo</label>
130:                                                 <input class="form-control" type="text" name="txtModelo" value="<%=productodto.getMarca() %>">
131:                                             </div>
132:                                             <div class="form-group">
133:                                                 <label for="exampleFormControlTextarea1" >Descripcion</label>


Ha tenido lugar un error en la línea: [134] en el archivo jsp: [/msistema/users/updateUsuario.jsp]
productodto cannot be resolved
131:                                             </div>
132:                                             <div class="form-group">
133:                                                 <label for="exampleFormControlTextarea1" >Descripcion</label>
134:                                                 <textarea class="form-control" name="txtDescripcion" ><%=productodto.getDescripcion() %></textarea>
135:                                             </div>
136:                                             <div class="form-group">
137:                                                 <label>Imagen de la bd</label><br>


Ha tenido lugar un error en la línea: [187] en el archivo jsp: [/msistema/users/updateUsuario.jsp]
productodto cannot be resolved
184:                                 <tbody>
185:                                     <tr>
186:                                         <th align="center" scope="row">1</th>
187:                                         <td><%=productodto.getNombProducto()%></td>
188:                                         <td><%=productodto.getCantidad()%></td>
189:                                         <td><%=moneda%></td>
190:                                         <td><%=productodto.getPrecioCompra()%></td>


Ha tenido lugar un error en la línea: [188] en el archivo jsp: [/msistema/users/updateUsuario.jsp]
productodto cannot be resolved
185:                                     <tr>
186:                                         <th align="center" scope="row">1</th>
187:                                         <td><%=productodto.getNombProducto()%></td>
188:                                         <td><%=productodto.getCantidad()%></td>
189:                                         <td><%=moneda%></td>
190:                                         <td><%=productodto.getPrecioCompra()%></td>
191:                                         <td><%=productodto.getPrecioVenta()%></td>


Ha tenido lugar un error en la línea: [189] en el archivo jsp: [/msistema/users/updateUsuario.jsp]
moneda cannot be resolved to a variable
186:                                         <th align="center" scope="row">1</th>
187:                                         <td><%=productodto.getNombProducto()%></td>
188:                                         <td><%=productodto.getCantidad()%></td>
189:                                         <td><%=moneda%></td>
190:                                         <td><%=productodto.getPrecioCompra()%></td>
191:                                         <td><%=productodto.getPrecioVenta()%></td>
192:                                         <td><%=productodto.getProveedor()%></td>


Ha tenido lugar un error en la línea: [190] en el archivo jsp: [/msistema/users/updateUsuario.jsp]
productodto cannot be resolved
187:                                         <td><%=productodto.getNombProducto()%></td>
188:                                         <td><%=productodto.getCantidad()%></td>
189:                                         <td><%=moneda%></td>
190:                                         <td><%=productodto.getPrecioCompra()%></td>
191:                                         <td><%=productodto.getPrecioVenta()%></td>
192:                                         <td><%=productodto.getProveedor()%></td>
193:                                         <td><%=productodto.getCategoria()%></td>


Ha tenido lugar un error en la línea: [191] en el archivo jsp: [/msistema/users/updateUsuario.jsp]
productodto cannot be resolved
188:                                         <td><%=productodto.getCantidad()%></td>
189:                                         <td><%=moneda%></td>
190:                                         <td><%=productodto.getPrecioCompra()%></td>
191:                                         <td><%=productodto.getPrecioVenta()%></td>
192:                                         <td><%=productodto.getProveedor()%></td>
193:                                         <td><%=productodto.getCategoria()%></td>
194:                                         <td><%=productodto.getMarca()%></td>


Ha tenido lugar un error en la línea: [192] en el archivo jsp: [/msistema/users/updateUsuario.jsp]
productodto cannot be resolved
189:                                         <td><%=moneda%></td>
190:                                         <td><%=productodto.getPrecioCompra()%></td>
191:                                         <td><%=productodto.getPrecioVenta()%></td>
192:                                         <td><%=productodto.getProveedor()%></td>
193:                                         <td><%=productodto.getCategoria()%></td>
194:                                         <td><%=productodto.getMarca()%></td>
195:                                         <td><%=productodto.getTalla1()%></td>


Ha tenido lugar un error en la línea: [193] en el archivo jsp: [/msistema/users/updateUsuario.jsp]
productodto cannot be resolved
190:                                         <td><%=productodto.getPrecioCompra()%></td>
191:                                         <td><%=productodto.getPrecioVenta()%></td>
192:                                         <td><%=productodto.getProveedor()%></td>
193:                                         <td><%=productodto.getCategoria()%></td>
194:                                         <td><%=productodto.getMarca()%></td>
195:                                         <td><%=productodto.getTalla1()%></td>
196:                                         <td><%=productodto.getDescripcion()%></td>


Ha tenido lugar un error en la línea: [194] en el archivo jsp: [/msistema/users/updateUsuario.jsp]
productodto cannot be resolved
191:                                         <td><%=productodto.getPrecioVenta()%></td>
192:                                         <td><%=productodto.getProveedor()%></td>
193:                                         <td><%=productodto.getCategoria()%></td>
194:                                         <td><%=productodto.getMarca()%></td>
195:                                         <td><%=productodto.getTalla1()%></td>
196:                                         <td><%=productodto.getDescripcion()%></td>
197:                                         <td align="center">


Ha tenido lugar un error en la línea: [195] en el archivo jsp: [/msistema/users/updateUsuario.jsp]
productodto cannot be resolved
192:                                         <td><%=productodto.getProveedor()%></td>
193:                                         <td><%=productodto.getCategoria()%></td>
194:                                         <td><%=productodto.getMarca()%></td>
195:                                         <td><%=productodto.getTalla1()%></td>
196:                                         <td><%=productodto.getDescripcion()%></td>
197:                                         <td align="center">
198:                                             <a class="btn btn-warning btn-sm" href="comproducto.do?txtAccion=updateProducto&id=<%=id%>"><i class="far fa-edit"></i></a>


Ha tenido lugar un error en la línea: [196] en el archivo jsp: [/msistema/users/updateUsuario.jsp]
productodto cannot be resolved
193:                                         <td><%=productodto.getCategoria()%></td>
194:                                         <td><%=productodto.getMarca()%></td>
195:                                         <td><%=productodto.getTalla1()%></td>
196:                                         <td><%=productodto.getDescripcion()%></td>
197:                                         <td align="center">
198:                                             <a class="btn btn-warning btn-sm" href="comproducto.do?txtAccion=updateProducto&id=<%=id%>"><i class="far fa-edit"></i></a>
199:                                         </td>


Stacktrace:
		at org.apache.jasper.compiler.DefaultErrorHandler.javacError(DefaultErrorHandler.java:102)
		at org.apache.jasper.compiler.ErrorDispatcher.javacError(ErrorDispatcher.java:213)
		at org.apache.jasper.compiler.JDTCompiler.generateClass(JDTCompiler.java:600)
		at org.apache.jasper.compiler.Compiler.compile(Compiler.java:381)
		at org.apache.jasper.compiler.Compiler.compile(Compiler.java:351)
		at org.apache.jasper.compiler.Compiler.compile(Compiler.java:335)
		at org.apache.jasper.JspCompilationContext.compile(JspCompilationContext.java:597)
		at org.apache.jasper.servlet.JspServletWrapper.service(JspServletWrapper.java:398)
		at org.apache.jasper.servlet.JspServlet.serviceJspFile(JspServlet.java:383)
		at org.apache.jasper.servlet.JspServlet.service(JspServlet.java:331)
		at javax.servlet.http.HttpServlet.service(HttpServlet.java:583)
		at org.apache.catalina.core.ApplicationFilterChain.internalDoFilter(ApplicationFilterChain.java:212)
		at org.apache.catalina.core.ApplicationFilterChain.doFilter(ApplicationFilterChain.java:156)
		at org.apache.tomcat.websocket.server.WsFilter.doFilter(WsFilter.java:51)
		at org.apache.catalina.core.ApplicationFilterChain.internalDoFilter(ApplicationFilterChain.java:181)
		at org.apache.catalina.core.ApplicationFilterChain.doFilter(ApplicationFilterChain.java:156)
		at org.apache.catalina.core.ApplicationDispatcher.invoke(ApplicationDispatcher.java:662)
		at org.apache.catalina.core.ApplicationDispatcher.processRequest(ApplicationDispatcher.java:428)
		at org.apache.catalina.core.ApplicationDispatcher.doForward(ApplicationDispatcher.java:360)
		at org.apache.catalina.core.ApplicationDispatcher.forward(ApplicationDispatcher.java:297)
		at soft.cise.controlador.conUsuario.processRequest(conUsuario.java:121)
		at soft.cise.controlador.conUsuario.doGet(conUsuario.java:178)
		at javax.servlet.http.HttpServlet.service(HttpServlet.java:489)
		at javax.servlet.http.HttpServlet.service(HttpServlet.java:583)
		at org.apache.catalina.core.ApplicationFilterChain.internalDoFilter(ApplicationFilterChain.java:212)
		at org.apache.catalina.core.ApplicationFilterChain.doFilter(ApplicationFilterChain.java:156)
		at org.apache.tomcat.websocket.server.WsFilter.doFilter(WsFilter.java:51)
		at org.apache.catalina.core.ApplicationFilterChain.internalDoFilter(ApplicationFilterChain.java:181)
		at org.apache.catalina.core.ApplicationFilterChain.doFilter(ApplicationFilterChain.java:156)
		at org.apache.catalina.core.StandardWrapperValve.invoke(StandardWrapperValve.java:167)
		at org.apache.catalina.core.StandardContextValve.invoke(StandardContextValve.java:90)
		at org.apache.catalina.authenticator.AuthenticatorBase.invoke(AuthenticatorBase.java:483)
		at org.apache.catalina.core.StandardHostValve.invoke(StandardHostValve.java:130)
		at org.apache.catalina.valves.ErrorReportValve.invoke(ErrorReportValve.java:93)
		at org.apache.catalina.valves.AbstractAccessLogValve.invoke(AbstractAccessLogValve.java:682)
		at org.apache.catalina.core.StandardEngineValve.invoke(StandardEngineValve.java:74)
		at org.apache.catalina.connector.CoyoteAdapter.service(CoyoteAdapter.java:343)
		at org.apache.coyote.http11.Http11Processor.service(Http11Processor.java:617)
		at org.apache.coyote.AbstractProcessorLight.process(AbstractProcessorLight.java:63)
		at org.apache.coyote.AbstractProtocol$ConnectionHandler.process(AbstractProtocol.java:932)
		at org.apache.tomcat.util.net.NioEndpoint$SocketProcessor.doRun(NioEndpoint.java:1695)
		at org.apache.tomcat.util.net.SocketProcessorBase.run(SocketProcessorBase.java:52)
		at org.apache.tomcat.util.threads.ThreadPoolExecutor.runWorker(ThreadPoolExecutor.java:1191)
		at org.apache.tomcat.util.threads.ThreadPoolExecutor$Worker.run(ThreadPoolExecutor.java:659)
		at org.apache.tomcat.util.threads.TaskThread$WrappingRunnable.run(TaskThread.java:61)
		at java.base/java.lang.Thread.run(Thread.java:833)
08-Jun-2023 21:44:02.674 INFO [localhost-startStop-2] org.apache.catalina.core.ApplicationContext.log SessionListener: contextDestroyed()
08-Jun-2023 21:44:02.674 INFO [localhost-startStop-2] org.apache.catalina.core.ApplicationContext.log ContextListener: contextDestroyed()
