10-Jun-2023 03:03:41.556 SEVERE [http-nio-8080-exec-1] org.apache.catalina.core.ApplicationDispatcher.invoke El Servlet.service() para servlet [jsp] lanzó una excepción
	org.apache.jasper.JasperException: No se puede compilar la clase para JSP: 

Ha tenido lugar un error en la línea: [65] en el archivo jsp: [/msistema/users/updateUsuario.jsp]
productodto cannot be resolved
62:                                                     <%  usuarioDAO usuDao = new soft.cise.modeloDao.usuarioDAO();
63:                                                     
64:                                                     %>
65:                                                     <option value="<%=productodto.getMoneda()%>"><%=moneda%></option>
66:                                                     <option value="<%=idMoneda%>"><%=moneda2%></option>   
67:                                                 </select>
68: 


Ha tenido lugar un error en la línea: [65] en el archivo jsp: [/msistema/users/updateUsuario.jsp]
moneda cannot be resolved to a variable
62:                                                     <%  usuarioDAO usuDao = new soft.cise.modeloDao.usuarioDAO();
63:                                                     
64:                                                     %>
65:                                                     <option value="<%=productodto.getMoneda()%>"><%=moneda%></option>
66:                                                     <option value="<%=idMoneda%>"><%=moneda2%></option>   
67:                                                 </select>
68: 


Ha tenido lugar un error en la línea: [66] en el archivo jsp: [/msistema/users/updateUsuario.jsp]
idMoneda cannot be resolved to a variable
63:                                                     
64:                                                     %>
65:                                                     <option value="<%=productodto.getMoneda()%>"><%=moneda%></option>
66:                                                     <option value="<%=idMoneda%>"><%=moneda2%></option>   
67:                                                 </select>
68: 
69:                                             </div>


Ha tenido lugar un error en la línea: [66] en el archivo jsp: [/msistema/users/updateUsuario.jsp]
moneda2 cannot be resolved to a variable
63:                                                     
64:                                                     %>
65:                                                     <option value="<%=productodto.getMoneda()%>"><%=moneda%></option>
66:                                                     <option value="<%=idMoneda%>"><%=moneda2%></option>   
67:                                                 </select>
68: 
69:                                             </div>


Ha tenido lugar un error en la línea: [72] en el archivo jsp: [/msistema/users/updateUsuario.jsp]
productodto cannot be resolved
69:                                             </div>
70:                                             <div class="form-group">
71:                                                 <label>Precio Compra</label>
72:                                                 <input class="form-control" type="text" name="txtPrecioCompra" value="<%=productodto.getPrecioCompra() %>">
73:                                             </div>
74:                                             <div class="form-group">
75:                                                 <label>Tipo de Cambio</label>


Ha tenido lugar un error en la línea: [76] en el archivo jsp: [/msistema/users/updateUsuario.jsp]
productodto cannot be resolved
73:                                             </div>
74:                                             <div class="form-group">
75:                                                 <label>Tipo de Cambio</label>
76:                                                 <input class="form-control" type="text" name="txtTipoCambio" value="<%=productodto.getTipoCambio() %>">
77:                                             </div>
78:                                             <div class="form-group">
79:                                                 <label>Precio Venta del Prroducto</label>


Ha tenido lugar un error en la línea: [80] en el archivo jsp: [/msistema/users/updateUsuario.jsp]
productodto cannot be resolved
77:                                             </div>
78:                                             <div class="form-group">
79:                                                 <label>Precio Venta del Prroducto</label>
80:                                                 <input class="form-control" type="text" name="txtPrecioVenta" value="<%=productodto.getPrecioVenta() %>">
81:                                             </div>
82:                                         </div>
83:                                         <div class="col-md-4">


Ha tenido lugar un error en la línea: [86] en el archivo jsp: [/msistema/users/updateUsuario.jsp]
productodto cannot be resolved
83:                                         <div class="col-md-4">
84:                                             <div class="form-group">
85:                                                 <label>IGV</label>
86:                                                 <input class="form-control" type="text" name="txtIGV" value="<%=productodto.getIGV() %>">                                         
87:                                             </div>
88:                                             <div class="form-group">
89:                                                 <label>Nombre Proveedor</label>


Ha tenido lugar un error en la línea: [90] en el archivo jsp: [/msistema/users/updateUsuario.jsp]
productodto cannot be resolved
87:                                             </div>
88:                                             <div class="form-group">
89:                                                 <label>Nombre Proveedor</label>
90:                                                 <input class="form-control" type="text" name="txtProveedor" value="<%=productodto.getProveedor() %>">                                         
91:                                             </div>
92:                                             <div class="form-group">
93:                                                 <label>Talla 1</label>


Ha tenido lugar un error en la línea: [94] en el archivo jsp: [/msistema/users/updateUsuario.jsp]
productodto cannot be resolved
91:                                             </div>
92:                                             <div class="form-group">
93:                                                 <label>Talla 1</label>
94:                                                 <input class="form-control" type="text" name="txtTalla1" value="<%=productodto.getTalla1() %>">
95:                                             </div>
96:                                             <div class="form-group">
97:                                                 <label>Talla 2</label>


Ha tenido lugar un error en la línea: [98] en el archivo jsp: [/msistema/users/updateUsuario.jsp]
productodto cannot be resolved
95:                                             </div>
96:                                             <div class="form-group">
97:                                                 <label>Talla 2</label>
98:                                                 <input class="form-control" type="text" name="txtTalla2" value="<%=productodto.getTalla2() %>">
99:                                             </div>
100:                                             <div class="form-group">
101:                                                 <label>Talla 3</label>


Ha tenido lugar un error en la línea: [102] en el archivo jsp: [/msistema/users/updateUsuario.jsp]
productodto cannot be resolved
99:                                             </div>
100:                                             <div class="form-group">
101:                                                 <label>Talla 3</label>
102:                                                 <input class="form-control" type="text" name="txtTalla3" value="<%=productodto.getTalla3() %>">
103:                                             </div>
104:                                             <div class="form-group">
105:                                                 <label>Talla 4</label>


Ha tenido lugar un error en la línea: [106] en el archivo jsp: [/msistema/users/updateUsuario.jsp]
productodto cannot be resolved
103:                                             </div>
104:                                             <div class="form-group">
105:                                                 <label>Talla 4</label>
106:                                                 <input class="form-control" type="text" name="txtTalla4" value="<%=productodto.getTalla4() %>">
107:                                             </div>
108:                                         </div>
109:                                         <div class="col-md-4">


Ha tenido lugar un error en la línea: [111] en el archivo jsp: [/msistema/users/updateUsuario.jsp]
productodto cannot be resolved
108:                                         </div>
109:                                         <div class="col-md-4">
110:                                             <div class="form-group">
111:                                                 <label>Categoria :><%=productodto.getCategoria() %></label>
112:                                                 <select class="form-control" name="txtCategoria">
113:                                                     <%
114:                                                         metProduc metPro = new soft.cise.modeloDao.metProduc();


Ha tenido lugar un error en la línea: [130] en el archivo jsp: [/msistema/users/updateUsuario.jsp]
productodto cannot be resolved
127:                                             </div>
128:                                             <div class="form-group">
129:                                                 <label>Modelo</label>
130:                                                 <input class="form-control" type="text" name="txtModelo" value="<%=productodto.getMarca() %>">
131:                                             </div>
132:                                             <div class="form-group">
133:                                                 <label for="exampleFormControlTextarea1" >Descripcion</label>


Ha tenido lugar un error en la línea: [134] en el archivo jsp: [/msistema/users/updateUsuario.jsp]
productodto cannot be resolved
131:                                             </div>
132:                                             <div class="form-group">
133:                                                 <label for="exampleFormControlTextarea1" >Descripcion</label>
134:                                                 <textarea class="form-control" name="txtDescripcion" ><%=productodto.getDescripcion() %></textarea>
135:                                             </div>
136:                                             <div class="form-group">
137:                                                 <label>Imagen de la bd</label><br>


Ha tenido lugar un error en la línea: [187] en el archivo jsp: [/msistema/users/updateUsuario.jsp]
productodto cannot be resolved
184:                                 <tbody>
185:                                     <tr>
186:                                         <th align="center" scope="row">1</th>
187:                                         <td><%=productodto.getNombProducto()%></td>
188:                                         <td><%=productodto.getCantidad()%></td>
189:                                         <td><%=moneda%></td>
190:                                         <td><%=productodto.getPrecioCompra()%></td>


Ha tenido lugar un error en la línea: [188] en el archivo jsp: [/msistema/users/updateUsuario.jsp]
productodto cannot be resolved
185:                                     <tr>
186:                                         <th align="center" scope="row">1</th>
187:                                         <td><%=productodto.getNombProducto()%></td>
188:                                         <td><%=productodto.getCantidad()%></td>
189:                                         <td><%=moneda%></td>
190:                                         <td><%=productodto.getPrecioCompra()%></td>
191:                                         <td><%=productodto.getPrecioVenta()%></td>


Ha tenido lugar un error en la línea: [189] en el archivo jsp: [/msistema/users/updateUsuario.jsp]
moneda cannot be resolved to a variable
186:                                         <th align="center" scope="row">1</th>
187:                                         <td><%=productodto.getNombProducto()%></td>
188:                                         <td><%=productodto.getCantidad()%></td>
189:                                         <td><%=moneda%></td>
190:                                         <td><%=productodto.getPrecioCompra()%></td>
191:                                         <td><%=productodto.getPrecioVenta()%></td>
192:                                         <td><%=productodto.getProveedor()%></td>


Ha tenido lugar un error en la línea: [190] en el archivo jsp: [/msistema/users/updateUsuario.jsp]
productodto cannot be resolved
187:                                         <td><%=productodto.getNombProducto()%></td>
188:                                         <td><%=productodto.getCantidad()%></td>
189:                                         <td><%=moneda%></td>
190:                                         <td><%=productodto.getPrecioCompra()%></td>
191:                                         <td><%=productodto.getPrecioVenta()%></td>
192:                                         <td><%=productodto.getProveedor()%></td>
193:                                         <td><%=productodto.getCategoria()%></td>


Ha tenido lugar un error en la línea: [191] en el archivo jsp: [/msistema/users/updateUsuario.jsp]
productodto cannot be resolved
188:                                         <td><%=productodto.getCantidad()%></td>
189:                                         <td><%=moneda%></td>
190:                                         <td><%=productodto.getPrecioCompra()%></td>
191:                                         <td><%=productodto.getPrecioVenta()%></td>
192:                                         <td><%=productodto.getProveedor()%></td>
193:                                         <td><%=productodto.getCategoria()%></td>
194:                                         <td><%=productodto.getMarca()%></td>


Ha tenido lugar un error en la línea: [192] en el archivo jsp: [/msistema/users/updateUsuario.jsp]
productodto cannot be resolved
189:                                         <td><%=moneda%></td>
190:                                         <td><%=productodto.getPrecioCompra()%></td>
191:                                         <td><%=productodto.getPrecioVenta()%></td>
192:                                         <td><%=productodto.getProveedor()%></td>
193:                                         <td><%=productodto.getCategoria()%></td>
194:                                         <td><%=productodto.getMarca()%></td>
195:                                         <td><%=productodto.getTalla1()%></td>


Ha tenido lugar un error en la línea: [193] en el archivo jsp: [/msistema/users/updateUsuario.jsp]
productodto cannot be resolved
190:                                         <td><%=productodto.getPrecioCompra()%></td>
191:                                         <td><%=productodto.getPrecioVenta()%></td>
192:                                         <td><%=productodto.getProveedor()%></td>
193:                                         <td><%=productodto.getCategoria()%></td>
194:                                         <td><%=productodto.getMarca()%></td>
195:                                         <td><%=productodto.getTalla1()%></td>
196:                                         <td><%=productodto.getDescripcion()%></td>


Ha tenido lugar un error en la línea: [194] en el archivo jsp: [/msistema/users/updateUsuario.jsp]
productodto cannot be resolved
191:                                         <td><%=productodto.getPrecioVenta()%></td>
192:                                         <td><%=productodto.getProveedor()%></td>
193:                                         <td><%=productodto.getCategoria()%></td>
194:                                         <td><%=productodto.getMarca()%></td>
195:                                         <td><%=productodto.getTalla1()%></td>
196:                                         <td><%=productodto.getDescripcion()%></td>
197:                                         <td align="center">


Ha tenido lugar un error en la línea: [195] en el archivo jsp: [/msistema/users/updateUsuario.jsp]
productodto cannot be resolved
192:                                         <td><%=productodto.getProveedor()%></td>
193:                                         <td><%=productodto.getCategoria()%></td>
194:                                         <td><%=productodto.getMarca()%></td>
195:                                         <td><%=productodto.getTalla1()%></td>
196:                                         <td><%=productodto.getDescripcion()%></td>
197:                                         <td align="center">
198:                                             <a class="btn btn-warning btn-sm" href="comproducto.do?txtAccion=updateProducto&id=<%=id%>"><i class="far fa-edit"></i></a>


Ha tenido lugar un error en la línea: [196] en el archivo jsp: [/msistema/users/updateUsuario.jsp]
productodto cannot be resolved
193:                                         <td><%=productodto.getCategoria()%></td>
194:                                         <td><%=productodto.getMarca()%></td>
195:                                         <td><%=productodto.getTalla1()%></td>
196:                                         <td><%=productodto.getDescripcion()%></td>
197:                                         <td align="center">
198:                                             <a class="btn btn-warning btn-sm" href="comproducto.do?txtAccion=updateProducto&id=<%=id%>"><i class="far fa-edit"></i></a>
199:                                         </td>


Stacktrace:
		at org.apache.jasper.compiler.DefaultErrorHandler.javacError(DefaultErrorHandler.java:102)
		at org.apache.jasper.compiler.ErrorDispatcher.javacError(ErrorDispatcher.java:213)
		at org.apache.jasper.compiler.JDTCompiler.generateClass(JDTCompiler.java:600)
		at org.apache.jasper.compiler.Compiler.compile(Compiler.java:381)
		at org.apache.jasper.compiler.Compiler.compile(Compiler.java:351)
		at org.apache.jasper.compiler.Compiler.compile(Compiler.java:335)
		at org.apache.jasper.JspCompilationContext.compile(JspCompilationContext.java:597)
		at org.apache.jasper.servlet.JspServletWrapper.service(JspServletWrapper.java:398)
		at org.apache.jasper.servlet.JspServlet.serviceJspFile(JspServlet.java:383)
		at org.apache.jasper.servlet.JspServlet.service(JspServlet.java:331)
		at javax.servlet.http.HttpServlet.service(HttpServlet.java:583)
		at org.apache.catalina.core.ApplicationFilterChain.internalDoFilter(ApplicationFilterChain.java:212)
		at org.apache.catalina.core.ApplicationFilterChain.doFilter(ApplicationFilterChain.java:156)
		at org.apache.tomcat.websocket.server.WsFilter.doFilter(WsFilter.java:51)
		at org.apache.catalina.core.ApplicationFilterChain.internalDoFilter(ApplicationFilterChain.java:181)
		at org.apache.catalina.core.ApplicationFilterChain.doFilter(ApplicationFilterChain.java:156)
		at org.apache.catalina.core.ApplicationDispatcher.invoke(ApplicationDispatcher.java:662)
		at org.apache.catalina.core.ApplicationDispatcher.processRequest(ApplicationDispatcher.java:428)
		at org.apache.catalina.core.ApplicationDispatcher.doForward(ApplicationDispatcher.java:360)
		at org.apache.catalina.core.ApplicationDispatcher.forward(ApplicationDispatcher.java:297)
		at soft.cise.controlador.conUsuario.processRequest(conUsuario.java:121)
		at soft.cise.controlador.conUsuario.doGet(conUsuario.java:178)
		at javax.servlet.http.HttpServlet.service(HttpServlet.java:489)
		at javax.servlet.http.HttpServlet.service(HttpServlet.java:583)
		at org.apache.catalina.core.ApplicationFilterChain.internalDoFilter(ApplicationFilterChain.java:212)
		at org.apache.catalina.core.ApplicationFilterChain.doFilter(ApplicationFilterChain.java:156)
		at org.apache.tomcat.websocket.server.WsFilter.doFilter(WsFilter.java:51)
		at org.apache.catalina.core.ApplicationFilterChain.internalDoFilter(ApplicationFilterChain.java:181)
		at org.apache.catalina.core.ApplicationFilterChain.doFilter(ApplicationFilterChain.java:156)
		at org.apache.catalina.core.StandardWrapperValve.invoke(StandardWrapperValve.java:167)
		at org.apache.catalina.core.StandardContextValve.invoke(StandardContextValve.java:90)
		at org.apache.catalina.authenticator.AuthenticatorBase.invoke(AuthenticatorBase.java:483)
		at org.apache.catalina.core.StandardHostValve.invoke(StandardHostValve.java:130)
		at org.apache.catalina.valves.ErrorReportValve.invoke(ErrorReportValve.java:93)
		at org.apache.catalina.valves.AbstractAccessLogValve.invoke(AbstractAccessLogValve.java:682)
		at org.apache.catalina.core.StandardEngineValve.invoke(StandardEngineValve.java:74)
		at org.apache.catalina.connector.CoyoteAdapter.service(CoyoteAdapter.java:343)
		at org.apache.coyote.http11.Http11Processor.service(Http11Processor.java:617)
		at org.apache.coyote.AbstractProcessorLight.process(AbstractProcessorLight.java:63)
		at org.apache.coyote.AbstractProtocol$ConnectionHandler.process(AbstractProtocol.java:932)
		at org.apache.tomcat.util.net.NioEndpoint$SocketProcessor.doRun(NioEndpoint.java:1695)
		at org.apache.tomcat.util.net.SocketProcessorBase.run(SocketProcessorBase.java:52)
		at org.apache.tomcat.util.threads.ThreadPoolExecutor.runWorker(ThreadPoolExecutor.java:1191)
		at org.apache.tomcat.util.threads.ThreadPoolExecutor$Worker.run(ThreadPoolExecutor.java:659)
		at org.apache.tomcat.util.threads.TaskThread$WrappingRunnable.run(TaskThread.java:61)
		at java.base/java.lang.Thread.run(Thread.java:833)
10-Jun-2023 03:03:47.941 SEVERE [http-nio-8080-exec-5] org.apache.catalina.core.ApplicationDispatcher.invoke El Servlet.service() para servlet [jsp] lanzó una excepción
	org.apache.jasper.JasperException: No se puede compilar la clase para JSP: 

Ha tenido lugar un error en la línea: [65] en el archivo jsp: [/msistema/users/updateUsuario.jsp]
productodto cannot be resolved
62:                                                     <%  usuarioDAO usuDao = new soft.cise.modeloDao.usuarioDAO();
63:                                                     
64:                                                     %>
65:                                                     <option value="<%=productodto.getMoneda()%>"><%=moneda%></option>
66:                                                     <option value="<%=idMoneda%>"><%=moneda2%></option>   
67:                                                 </select>
68: 


Ha tenido lugar un error en la línea: [65] en el archivo jsp: [/msistema/users/updateUsuario.jsp]
moneda cannot be resolved to a variable
62:                                                     <%  usuarioDAO usuDao = new soft.cise.modeloDao.usuarioDAO();
63:                                                     
64:                                                     %>
65:                                                     <option value="<%=productodto.getMoneda()%>"><%=moneda%></option>
66:                                                     <option value="<%=idMoneda%>"><%=moneda2%></option>   
67:                                                 </select>
68: 


Ha tenido lugar un error en la línea: [66] en el archivo jsp: [/msistema/users/updateUsuario.jsp]
idMoneda cannot be resolved to a variable
63:                                                     
64:                                                     %>
65:                                                     <option value="<%=productodto.getMoneda()%>"><%=moneda%></option>
66:                                                     <option value="<%=idMoneda%>"><%=moneda2%></option>   
67:                                                 </select>
68: 
69:                                             </div>


Ha tenido lugar un error en la línea: [66] en el archivo jsp: [/msistema/users/updateUsuario.jsp]
moneda2 cannot be resolved to a variable
63:                                                     
64:                                                     %>
65:                                                     <option value="<%=productodto.getMoneda()%>"><%=moneda%></option>
66:                                                     <option value="<%=idMoneda%>"><%=moneda2%></option>   
67:                                                 </select>
68: 
69:                                             </div>


Ha tenido lugar un error en la línea: [72] en el archivo jsp: [/msistema/users/updateUsuario.jsp]
productodto cannot be resolved
69:                                             </div>
70:                                             <div class="form-group">
71:                                                 <label>Precio Compra</label>
72:                                                 <input class="form-control" type="text" name="txtPrecioCompra" value="<%=productodto.getPrecioCompra() %>">
73:                                             </div>
74:                                             <div class="form-group">
75:                                                 <label>Tipo de Cambio</label>


Ha tenido lugar un error en la línea: [76] en el archivo jsp: [/msistema/users/updateUsuario.jsp]
productodto cannot be resolved
73:                                             </div>
74:                                             <div class="form-group">
75:                                                 <label>Tipo de Cambio</label>
76:                                                 <input class="form-control" type="text" name="txtTipoCambio" value="<%=productodto.getTipoCambio() %>">
77:                                             </div>
78:                                             <div class="form-group">
79:                                                 <label>Precio Venta del Prroducto</label>


Ha tenido lugar un error en la línea: [80] en el archivo jsp: [/msistema/users/updateUsuario.jsp]
productodto cannot be resolved
77:                                             </div>
78:                                             <div class="form-group">
79:                                                 <label>Precio Venta del Prroducto</label>
80:                                                 <input class="form-control" type="text" name="txtPrecioVenta" value="<%=productodto.getPrecioVenta() %>">
81:                                             </div>
82:                                         </div>
83:                                         <div class="col-md-4">


Ha tenido lugar un error en la línea: [86] en el archivo jsp: [/msistema/users/updateUsuario.jsp]
productodto cannot be resolved
83:                                         <div class="col-md-4">
84:                                             <div class="form-group">
85:                                                 <label>IGV</label>
86:                                                 <input class="form-control" type="text" name="txtIGV" value="<%=productodto.getIGV() %>">                                         
87:                                             </div>
88:                                             <div class="form-group">
89:                                                 <label>Nombre Proveedor</label>


Ha tenido lugar un error en la línea: [90] en el archivo jsp: [/msistema/users/updateUsuario.jsp]
productodto cannot be resolved
87:                                             </div>
88:                                             <div class="form-group">
89:                                                 <label>Nombre Proveedor</label>
90:                                                 <input class="form-control" type="text" name="txtProveedor" value="<%=productodto.getProveedor() %>">                                         
91:                                             </div>
92:                                             <div class="form-group">
93:                                                 <label>Talla 1</label>


Ha tenido lugar un error en la línea: [94] en el archivo jsp: [/msistema/users/updateUsuario.jsp]
productodto cannot be resolved
91:                                             </div>
92:                                             <div class="form-group">
93:                                                 <label>Talla 1</label>
94:                                                 <input class="form-control" type="text" name="txtTalla1" value="<%=productodto.getTalla1() %>">
95:                                             </div>
96:                                             <div class="form-group">
97:                                                 <label>Talla 2</label>


Ha tenido lugar un error en la línea: [98] en el archivo jsp: [/msistema/users/updateUsuario.jsp]
productodto cannot be resolved
95:                                             </div>
96:                                             <div class="form-group">
97:                                                 <label>Talla 2</label>
98:                                                 <input class="form-control" type="text" name="txtTalla2" value="<%=productodto.getTalla2() %>">
99:                                             </div>
100:                                             <div class="form-group">
101:                                                 <label>Talla 3</label>


Ha tenido lugar un error en la línea: [102] en el archivo jsp: [/msistema/users/updateUsuario.jsp]
productodto cannot be resolved
99:                                             </div>
100:                                             <div class="form-group">
101:                                                 <label>Talla 3</label>
102:                                                 <input class="form-control" type="text" name="txtTalla3" value="<%=productodto.getTalla3() %>">
103:                                             </div>
104:                                             <div class="form-group">
105:                                                 <label>Talla 4</label>


Ha tenido lugar un error en la línea: [106] en el archivo jsp: [/msistema/users/updateUsuario.jsp]
productodto cannot be resolved
103:                                             </div>
104:                                             <div class="form-group">
105:                                                 <label>Talla 4</label>
106:                                                 <input class="form-control" type="text" name="txtTalla4" value="<%=productodto.getTalla4() %>">
107:                                             </div>
108:                                         </div>
109:                                         <div class="col-md-4">


Ha tenido lugar un error en la línea: [111] en el archivo jsp: [/msistema/users/updateUsuario.jsp]
productodto cannot be resolved
108:                                         </div>
109:                                         <div class="col-md-4">
110:                                             <div class="form-group">
111:                                                 <label>Categoria :><%=productodto.getCategoria() %></label>
112:                                                 <select class="form-control" name="txtCategoria">
113:                                                     <%
114:                                                         metProduc metPro = new soft.cise.modeloDao.metProduc();


Ha tenido lugar un error en la línea: [130] en el archivo jsp: [/msistema/users/updateUsuario.jsp]
productodto cannot be resolved
127:                                             </div>
128:                                             <div class="form-group">
129:                                                 <label>Modelo</label>
130:                                                 <input class="form-control" type="text" name="txtModelo" value="<%=productodto.getMarca() %>">
131:                                             </div>
132:                                             <div class="form-group">
133:                                                 <label for="exampleFormControlTextarea1" >Descripcion</label>


Ha tenido lugar un error en la línea: [134] en el archivo jsp: [/msistema/users/updateUsuario.jsp]
productodto cannot be resolved
131:                                             </div>
132:                                             <div class="form-group">
133:                                                 <label for="exampleFormControlTextarea1" >Descripcion</label>
134:                                                 <textarea class="form-control" name="txtDescripcion" ><%=productodto.getDescripcion() %></textarea>
135:                                             </div>
136:                                             <div class="form-group">
137:                                                 <label>Imagen de la bd</label><br>


Ha tenido lugar un error en la línea: [187] en el archivo jsp: [/msistema/users/updateUsuario.jsp]
productodto cannot be resolved
184:                                 <tbody>
185:                                     <tr>
186:                                         <th align="center" scope="row">1</th>
187:                                         <td><%=productodto.getNombProducto()%></td>
188:                                         <td><%=productodto.getCantidad()%></td>
189:                                         <td><%=moneda%></td>
190:                                         <td><%=productodto.getPrecioCompra()%></td>


Ha tenido lugar un error en la línea: [188] en el archivo jsp: [/msistema/users/updateUsuario.jsp]
productodto cannot be resolved
185:                                     <tr>
186:                                         <th align="center" scope="row">1</th>
187:                                         <td><%=productodto.getNombProducto()%></td>
188:                                         <td><%=productodto.getCantidad()%></td>
189:                                         <td><%=moneda%></td>
190:                                         <td><%=productodto.getPrecioCompra()%></td>
191:                                         <td><%=productodto.getPrecioVenta()%></td>


Ha tenido lugar un error en la línea: [189] en el archivo jsp: [/msistema/users/updateUsuario.jsp]
moneda cannot be resolved to a variable
186:                                         <th align="center" scope="row">1</th>
187:                                         <td><%=productodto.getNombProducto()%></td>
188:                                         <td><%=productodto.getCantidad()%></td>
189:                                         <td><%=moneda%></td>
190:                                         <td><%=productodto.getPrecioCompra()%></td>
191:                                         <td><%=productodto.getPrecioVenta()%></td>
192:                                         <td><%=productodto.getProveedor()%></td>


Ha tenido lugar un error en la línea: [190] en el archivo jsp: [/msistema/users/updateUsuario.jsp]
productodto cannot be resolved
187:                                         <td><%=productodto.getNombProducto()%></td>
188:                                         <td><%=productodto.getCantidad()%></td>
189:                                         <td><%=moneda%></td>
190:                                         <td><%=productodto.getPrecioCompra()%></td>
191:                                         <td><%=productodto.getPrecioVenta()%></td>
192:                                         <td><%=productodto.getProveedor()%></td>
193:                                         <td><%=productodto.getCategoria()%></td>


Ha tenido lugar un error en la línea: [191] en el archivo jsp: [/msistema/users/updateUsuario.jsp]
productodto cannot be resolved
188:                                         <td><%=productodto.getCantidad()%></td>
189:                                         <td><%=moneda%></td>
190:                                         <td><%=productodto.getPrecioCompra()%></td>
191:                                         <td><%=productodto.getPrecioVenta()%></td>
192:                                         <td><%=productodto.getProveedor()%></td>
193:                                         <td><%=productodto.getCategoria()%></td>
194:                                         <td><%=productodto.getMarca()%></td>


Ha tenido lugar un error en la línea: [192] en el archivo jsp: [/msistema/users/updateUsuario.jsp]
productodto cannot be resolved
189:                                         <td><%=moneda%></td>
190:                                         <td><%=productodto.getPrecioCompra()%></td>
191:                                         <td><%=productodto.getPrecioVenta()%></td>
192:                                         <td><%=productodto.getProveedor()%></td>
193:                                         <td><%=productodto.getCategoria()%></td>
194:                                         <td><%=productodto.getMarca()%></td>
195:                                         <td><%=productodto.getTalla1()%></td>


Ha tenido lugar un error en la línea: [193] en el archivo jsp: [/msistema/users/updateUsuario.jsp]
productodto cannot be resolved
190:                                         <td><%=productodto.getPrecioCompra()%></td>
191:                                         <td><%=productodto.getPrecioVenta()%></td>
192:                                         <td><%=productodto.getProveedor()%></td>
193:                                         <td><%=productodto.getCategoria()%></td>
194:                                         <td><%=productodto.getMarca()%></td>
195:                                         <td><%=productodto.getTalla1()%></td>
196:                                         <td><%=productodto.getDescripcion()%></td>


Ha tenido lugar un error en la línea: [194] en el archivo jsp: [/msistema/users/updateUsuario.jsp]
productodto cannot be resolved
191:                                         <td><%=productodto.getPrecioVenta()%></td>
192:                                         <td><%=productodto.getProveedor()%></td>
193:                                         <td><%=productodto.getCategoria()%></td>
194:                                         <td><%=productodto.getMarca()%></td>
195:                                         <td><%=productodto.getTalla1()%></td>
196:                                         <td><%=productodto.getDescripcion()%></td>
197:                                         <td align="center">


Ha tenido lugar un error en la línea: [195] en el archivo jsp: [/msistema/users/updateUsuario.jsp]
productodto cannot be resolved
192:                                         <td><%=productodto.getProveedor()%></td>
193:                                         <td><%=productodto.getCategoria()%></td>
194:                                         <td><%=productodto.getMarca()%></td>
195:                                         <td><%=productodto.getTalla1()%></td>
196:                                         <td><%=productodto.getDescripcion()%></td>
197:                                         <td align="center">
198:                                             <a class="btn btn-warning btn-sm" href="comproducto.do?txtAccion=updateProducto&id=<%=id%>"><i class="far fa-edit"></i></a>


Ha tenido lugar un error en la línea: [196] en el archivo jsp: [/msistema/users/updateUsuario.jsp]
productodto cannot be resolved
193:                                         <td><%=productodto.getCategoria()%></td>
194:                                         <td><%=productodto.getMarca()%></td>
195:                                         <td><%=productodto.getTalla1()%></td>
196:                                         <td><%=productodto.getDescripcion()%></td>
197:                                         <td align="center">
198:                                             <a class="btn btn-warning btn-sm" href="comproducto.do?txtAccion=updateProducto&id=<%=id%>"><i class="far fa-edit"></i></a>
199:                                         </td>


Stacktrace:
		at org.apache.jasper.compiler.DefaultErrorHandler.javacError(DefaultErrorHandler.java:102)
		at org.apache.jasper.compiler.ErrorDispatcher.javacError(ErrorDispatcher.java:213)
		at org.apache.jasper.compiler.JDTCompiler.generateClass(JDTCompiler.java:600)
		at org.apache.jasper.compiler.Compiler.compile(Compiler.java:381)
		at org.apache.jasper.compiler.Compiler.compile(Compiler.java:351)
		at org.apache.jasper.compiler.Compiler.compile(Compiler.java:335)
		at org.apache.jasper.JspCompilationContext.compile(JspCompilationContext.java:597)
		at org.apache.jasper.servlet.JspServletWrapper.service(JspServletWrapper.java:398)
		at org.apache.jasper.servlet.JspServlet.serviceJspFile(JspServlet.java:383)
		at org.apache.jasper.servlet.JspServlet.service(JspServlet.java:331)
		at javax.servlet.http.HttpServlet.service(HttpServlet.java:583)
		at org.apache.catalina.core.ApplicationFilterChain.internalDoFilter(ApplicationFilterChain.java:212)
		at org.apache.catalina.core.ApplicationFilterChain.doFilter(ApplicationFilterChain.java:156)
		at org.apache.tomcat.websocket.server.WsFilter.doFilter(WsFilter.java:51)
		at org.apache.catalina.core.ApplicationFilterChain.internalDoFilter(ApplicationFilterChain.java:181)
		at org.apache.catalina.core.ApplicationFilterChain.doFilter(ApplicationFilterChain.java:156)
		at org.apache.catalina.core.ApplicationDispatcher.invoke(ApplicationDispatcher.java:662)
		at org.apache.catalina.core.ApplicationDispatcher.processRequest(ApplicationDispatcher.java:428)
		at org.apache.catalina.core.ApplicationDispatcher.doForward(ApplicationDispatcher.java:360)
		at org.apache.catalina.core.ApplicationDispatcher.forward(ApplicationDispatcher.java:297)
		at soft.cise.controlador.conUsuario.processRequest(conUsuario.java:121)
		at soft.cise.controlador.conUsuario.doGet(conUsuario.java:178)
		at javax.servlet.http.HttpServlet.service(HttpServlet.java:489)
		at javax.servlet.http.HttpServlet.service(HttpServlet.java:583)
		at org.apache.catalina.core.ApplicationFilterChain.internalDoFilter(ApplicationFilterChain.java:212)
		at org.apache.catalina.core.ApplicationFilterChain.doFilter(ApplicationFilterChain.java:156)
		at org.apache.tomcat.websocket.server.WsFilter.doFilter(WsFilter.java:51)
		at org.apache.catalina.core.ApplicationFilterChain.internalDoFilter(ApplicationFilterChain.java:181)
		at org.apache.catalina.core.ApplicationFilterChain.doFilter(ApplicationFilterChain.java:156)
		at org.apache.catalina.core.StandardWrapperValve.invoke(StandardWrapperValve.java:167)
		at org.apache.catalina.core.StandardContextValve.invoke(StandardContextValve.java:90)
		at org.apache.catalina.authenticator.AuthenticatorBase.invoke(AuthenticatorBase.java:483)
		at org.apache.catalina.core.StandardHostValve.invoke(StandardHostValve.java:130)
		at org.apache.catalina.valves.ErrorReportValve.invoke(ErrorReportValve.java:93)
		at org.apache.catalina.valves.AbstractAccessLogValve.invoke(AbstractAccessLogValve.java:682)
		at org.apache.catalina.core.StandardEngineValve.invoke(StandardEngineValve.java:74)
		at org.apache.catalina.connector.CoyoteAdapter.service(CoyoteAdapter.java:343)
		at org.apache.coyote.http11.Http11Processor.service(Http11Processor.java:617)
		at org.apache.coyote.AbstractProcessorLight.process(AbstractProcessorLight.java:63)
		at org.apache.coyote.AbstractProtocol$ConnectionHandler.process(AbstractProtocol.java:932)
		at org.apache.tomcat.util.net.NioEndpoint$SocketProcessor.doRun(NioEndpoint.java:1695)
		at org.apache.tomcat.util.net.SocketProcessorBase.run(SocketProcessorBase.java:52)
		at org.apache.tomcat.util.threads.ThreadPoolExecutor.runWorker(ThreadPoolExecutor.java:1191)
		at org.apache.tomcat.util.threads.ThreadPoolExecutor$Worker.run(ThreadPoolExecutor.java:659)
		at org.apache.tomcat.util.threads.TaskThread$WrappingRunnable.run(TaskThread.java:61)
		at java.base/java.lang.Thread.run(Thread.java:833)
10-Jun-2023 03:41:39.126 INFO [localhost-startStop-2] org.apache.catalina.core.ApplicationContext.log SessionListener: contextDestroyed()
10-Jun-2023 03:41:39.126 INFO [localhost-startStop-2] org.apache.catalina.core.ApplicationContext.log ContextListener: contextDestroyed()
10-Jun-2023 09:24:51.412 INFO [localhost-startStop-1] org.apache.catalina.core.ApplicationContext.log ContextListener: contextInitialized()
10-Jun-2023 09:24:51.412 INFO [localhost-startStop-1] org.apache.catalina.core.ApplicationContext.log SessionListener: contextInitialized()
10-Jun-2023 09:24:51.414 INFO [localhost-startStop-1] org.apache.catalina.core.ApplicationContext.log ContextListener: attributeAdded('StockTicker', 'async.Stockticker@24f4692d')
10-Jun-2023 09:25:26.788 SEVERE [http-nio-8080-exec-8] org.apache.catalina.core.ApplicationDispatcher.invoke El Servlet.service() para servlet [jsp] lanzó una excepción
	java.lang.NullPointerException: Cannot invoke "soft.cise.modeloDTO.usuarioDTO.getNombre()" because "usuariodto" is null
		at org.apache.jsp.msistema.users.updateUsuario_jsp._jspService(updateUsuario_jsp.java:268)
		at org.apache.jasper.runtime.HttpJspBase.service(HttpJspBase.java:70)
		at javax.servlet.http.HttpServlet.service(HttpServlet.java:583)
		at org.apache.jasper.servlet.JspServletWrapper.service(JspServletWrapper.java:465)
		at org.apache.jasper.servlet.JspServlet.serviceJspFile(JspServlet.java:383)
		at org.apache.jasper.servlet.JspServlet.service(JspServlet.java:331)
		at javax.servlet.http.HttpServlet.service(HttpServlet.java:583)
		at org.apache.catalina.core.ApplicationFilterChain.internalDoFilter(ApplicationFilterChain.java:212)
		at org.apache.catalina.core.ApplicationFilterChain.doFilter(ApplicationFilterChain.java:156)
		at org.apache.tomcat.websocket.server.WsFilter.doFilter(WsFilter.java:51)
		at org.apache.catalina.core.ApplicationFilterChain.internalDoFilter(ApplicationFilterChain.java:181)
		at org.apache.catalina.core.ApplicationFilterChain.doFilter(ApplicationFilterChain.java:156)
		at org.apache.catalina.core.ApplicationDispatcher.invoke(ApplicationDispatcher.java:662)
		at org.apache.catalina.core.ApplicationDispatcher.processRequest(ApplicationDispatcher.java:428)
		at org.apache.catalina.core.ApplicationDispatcher.doForward(ApplicationDispatcher.java:360)
		at org.apache.catalina.core.ApplicationDispatcher.forward(ApplicationDispatcher.java:297)
		at soft.cise.controlador.conUsuario.processRequest(conUsuario.java:121)
		at soft.cise.controlador.conUsuario.doGet(conUsuario.java:178)
		at javax.servlet.http.HttpServlet.service(HttpServlet.java:489)
		at javax.servlet.http.HttpServlet.service(HttpServlet.java:583)
		at org.apache.catalina.core.ApplicationFilterChain.internalDoFilter(ApplicationFilterChain.java:212)
		at org.apache.catalina.core.ApplicationFilterChain.doFilter(ApplicationFilterChain.java:156)
		at org.apache.tomcat.websocket.server.WsFilter.doFilter(WsFilter.java:51)
		at org.apache.catalina.core.ApplicationFilterChain.internalDoFilter(ApplicationFilterChain.java:181)
		at org.apache.catalina.core.ApplicationFilterChain.doFilter(ApplicationFilterChain.java:156)
		at org.apache.catalina.core.StandardWrapperValve.invoke(StandardWrapperValve.java:167)
		at org.apache.catalina.core.StandardContextValve.invoke(StandardContextValve.java:90)
		at org.apache.catalina.authenticator.AuthenticatorBase.invoke(AuthenticatorBase.java:483)
		at org.apache.catalina.core.StandardHostValve.invoke(StandardHostValve.java:130)
		at org.apache.catalina.valves.ErrorReportValve.invoke(ErrorReportValve.java:93)
		at org.apache.catalina.valves.AbstractAccessLogValve.invoke(AbstractAccessLogValve.java:682)
		at org.apache.catalina.core.StandardEngineValve.invoke(StandardEngineValve.java:74)
		at org.apache.catalina.connector.CoyoteAdapter.service(CoyoteAdapter.java:343)
		at org.apache.coyote.http11.Http11Processor.service(Http11Processor.java:617)
		at org.apache.coyote.AbstractProcessorLight.process(AbstractProcessorLight.java:63)
		at org.apache.coyote.AbstractProtocol$ConnectionHandler.process(AbstractProtocol.java:932)
		at org.apache.tomcat.util.net.NioEndpoint$SocketProcessor.doRun(NioEndpoint.java:1695)
		at org.apache.tomcat.util.net.SocketProcessorBase.run(SocketProcessorBase.java:52)
		at org.apache.tomcat.util.threads.ThreadPoolExecutor.runWorker(ThreadPoolExecutor.java:1191)
		at org.apache.tomcat.util.threads.ThreadPoolExecutor$Worker.run(ThreadPoolExecutor.java:659)
		at org.apache.tomcat.util.threads.TaskThread$WrappingRunnable.run(TaskThread.java:61)
		at java.base/java.lang.Thread.run(Thread.java:833)
10-Jun-2023 11:09:27.826 INFO [localhost-startStop-2] org.apache.catalina.core.ApplicationContext.log SessionListener: contextDestroyed()
10-Jun-2023 11:09:27.826 INFO [localhost-startStop-2] org.apache.catalina.core.ApplicationContext.log ContextListener: contextDestroyed()
10-Jun-2023 11:14:30.986 INFO [localhost-startStop-1] org.apache.catalina.core.ApplicationContext.log ContextListener: contextInitialized()
10-Jun-2023 11:14:30.986 INFO [localhost-startStop-1] org.apache.catalina.core.ApplicationContext.log SessionListener: contextInitialized()
10-Jun-2023 11:14:30.987 INFO [localhost-startStop-1] org.apache.catalina.core.ApplicationContext.log ContextListener: attributeAdded('StockTicker', 'async.Stockticker@1e93a290')
10-Jun-2023 11:17:41.867 INFO [localhost-startStop-2] org.apache.catalina.core.ApplicationContext.log SessionListener: contextDestroyed()
10-Jun-2023 11:17:41.867 INFO [localhost-startStop-2] org.apache.catalina.core.ApplicationContext.log ContextListener: contextDestroyed()
10-Jun-2023 11:18:06.955 INFO [localhost-startStop-1] org.apache.catalina.core.ApplicationContext.log ContextListener: contextInitialized()
10-Jun-2023 11:18:06.955 INFO [localhost-startStop-1] org.apache.catalina.core.ApplicationContext.log SessionListener: contextInitialized()
10-Jun-2023 11:18:06.958 INFO [localhost-startStop-1] org.apache.catalina.core.ApplicationContext.log ContextListener: attributeAdded('StockTicker', 'async.Stockticker@1dfc009e')
10-Jun-2023 12:40:48.103 WARNING [http-nio-8080-exec-58] org.apache.catalina.session.StandardSession.doWriteObject No puedo serializar atributo de sesión [reporteProducto] para sesión [02B3B8C55BBA2605C483612423B0FEFF]
	java.io.NotSerializableException: soft.cise.modeloDTO.reporteDTO
		at java.base/java.io.ObjectOutputStream.writeObject0(ObjectOutputStream.java:1202)
		at java.base/java.io.ObjectOutputStream.writeObject(ObjectOutputStream.java:362)
		at java.base/java.util.ArrayList.writeObject(ArrayList.java:866)
		at java.base/jdk.internal.reflect.DirectMethodHandleAccessor.invoke(DirectMethodHandleAccessor.java:104)
		at java.base/java.lang.reflect.Method.invoke(Method.java:577)
		at java.base/java.io.ObjectStreamClass.invokeWriteObject(ObjectStreamClass.java:1201)
		at java.base/java.io.ObjectOutputStream.writeSerialData(ObjectOutputStream.java:1531)
		at java.base/java.io.ObjectOutputStream.writeOrdinaryObject(ObjectOutputStream.java:1453)
		at java.base/java.io.ObjectOutputStream.writeObject0(ObjectOutputStream.java:1196)
		at java.base/java.io.ObjectOutputStream.writeObject(ObjectOutputStream.java:362)
		at org.apache.catalina.session.StandardSession.doWriteObject(StandardSession.java:1756)
		at org.apache.catalina.session.StandardSession.writeObjectData(StandardSession.java:1067)
		at org.apache.catalina.session.StandardManager.doUnload(StandardManager.java:317)
		at org.apache.catalina.session.StandardManager.unload(StandardManager.java:268)
		at org.apache.catalina.session.StandardManager.stopInternal(StandardManager.java:384)
		at org.apache.catalina.util.LifecycleBase.stop(LifecycleBase.java:257)
		at org.apache.catalina.core.StandardContext.stopInternal(StandardContext.java:5174)
		at org.apache.catalina.util.LifecycleBase.stop(LifecycleBase.java:257)
		at org.apache.catalina.core.StandardContext.reload(StandardContext.java:3568)
		at org.apache.catalina.manager.ManagerServlet.reload(ManagerServlet.java:1101)
		at org.apache.catalina.manager.ManagerServlet.doGet(ManagerServlet.java:362)
		at javax.servlet.http.HttpServlet.service(HttpServlet.java:489)
		at javax.servlet.http.HttpServlet.service(HttpServlet.java:583)
		at org.apache.catalina.core.ApplicationFilterChain.internalDoFilter(ApplicationFilterChain.java:212)
		at org.apache.catalina.core.ApplicationFilterChain.doFilter(ApplicationFilterChain.java:156)
		at org.apache.tomcat.websocket.server.WsFilter.doFilter(WsFilter.java:51)
		at org.apache.catalina.core.ApplicationFilterChain.internalDoFilter(ApplicationFilterChain.java:181)
		at org.apache.catalina.core.ApplicationFilterChain.doFilter(ApplicationFilterChain.java:156)
		at org.apache.catalina.filters.HttpHeaderSecurityFilter.doFilter(HttpHeaderSecurityFilter.java:126)
		at org.apache.catalina.core.ApplicationFilterChain.internalDoFilter(ApplicationFilterChain.java:181)
		at org.apache.catalina.core.ApplicationFilterChain.doFilter(ApplicationFilterChain.java:156)
		at org.apache.catalina.filters.SetCharacterEncodingFilter.doFilter(SetCharacterEncodingFilter.java:115)
		at org.apache.catalina.core.ApplicationFilterChain.internalDoFilter(ApplicationFilterChain.java:181)
		at org.apache.catalina.core.ApplicationFilterChain.doFilter(ApplicationFilterChain.java:156)
		at org.apache.catalina.core.StandardWrapperValve.invoke(StandardWrapperValve.java:167)
		at org.apache.catalina.core.StandardContextValve.invoke(StandardContextValve.java:90)
		at org.apache.catalina.authenticator.AuthenticatorBase.invoke(AuthenticatorBase.java:598)
		at org.apache.catalina.valves.RequestFilterValve.process(RequestFilterValve.java:355)
		at org.apache.catalina.valves.RemoteAddrValve.invoke(RemoteAddrValve.java:54)
		at org.apache.catalina.core.StandardHostValve.invoke(StandardHostValve.java:130)
		at org.apache.catalina.valves.ErrorReportValve.invoke(ErrorReportValve.java:93)
		at org.apache.catalina.valves.AbstractAccessLogValve.invoke(AbstractAccessLogValve.java:682)
		at org.apache.catalina.core.StandardEngineValve.invoke(StandardEngineValve.java:74)
		at org.apache.catalina.connector.CoyoteAdapter.service(CoyoteAdapter.java:343)
		at org.apache.coyote.http11.Http11Processor.service(Http11Processor.java:617)
		at org.apache.coyote.AbstractProcessorLight.process(AbstractProcessorLight.java:63)
		at org.apache.coyote.AbstractProtocol$ConnectionHandler.process(AbstractProtocol.java:932)
		at org.apache.tomcat.util.net.NioEndpoint$SocketProcessor.doRun(NioEndpoint.java:1695)
		at org.apache.tomcat.util.net.SocketProcessorBase.run(SocketProcessorBase.java:52)
		at org.apache.tomcat.util.threads.ThreadPoolExecutor.runWorker(ThreadPoolExecutor.java:1191)
		at org.apache.tomcat.util.threads.ThreadPoolExecutor$Worker.run(ThreadPoolExecutor.java:659)
		at org.apache.tomcat.util.threads.TaskThread$WrappingRunnable.run(TaskThread.java:61)
		at java.base/java.lang.Thread.run(Thread.java:833)
10-Jun-2023 12:40:48.104 WARNING [http-nio-8080-exec-58] org.apache.catalina.session.StandardSession.doWriteObject No puedo serializar atributo de sesión [reporteVentas] para sesión [02B3B8C55BBA2605C483612423B0FEFF]
	java.io.NotSerializableException: soft.cise.modeloDTO.reporteVentasDTO
		at java.base/java.io.ObjectOutputStream.writeObject0(ObjectOutputStream.java:1202)
		at java.base/java.io.ObjectOutputStream.writeObject(ObjectOutputStream.java:362)
		at java.base/java.util.ArrayList.writeObject(ArrayList.java:866)
		at java.base/jdk.internal.reflect.DirectMethodHandleAccessor.invoke(DirectMethodHandleAccessor.java:104)
		at java.base/java.lang.reflect.Method.invoke(Method.java:577)
		at java.base/java.io.ObjectStreamClass.invokeWriteObject(ObjectStreamClass.java:1201)
		at java.base/java.io.ObjectOutputStream.writeSerialData(ObjectOutputStream.java:1531)
		at java.base/java.io.ObjectOutputStream.writeOrdinaryObject(ObjectOutputStream.java:1453)
		at java.base/java.io.ObjectOutputStream.writeObject0(ObjectOutputStream.java:1196)
		at java.base/java.io.ObjectOutputStream.writeObject(ObjectOutputStream.java:362)
		at org.apache.catalina.session.StandardSession.doWriteObject(StandardSession.java:1756)
		at org.apache.catalina.session.StandardSession.writeObjectData(StandardSession.java:1067)
		at org.apache.catalina.session.StandardManager.doUnload(StandardManager.java:317)
		at org.apache.catalina.session.StandardManager.unload(StandardManager.java:268)
		at org.apache.catalina.session.StandardManager.stopInternal(StandardManager.java:384)
		at org.apache.catalina.util.LifecycleBase.stop(LifecycleBase.java:257)
		at org.apache.catalina.core.StandardContext.stopInternal(StandardContext.java:5174)
		at org.apache.catalina.util.LifecycleBase.stop(LifecycleBase.java:257)
		at org.apache.catalina.core.StandardContext.reload(StandardContext.java:3568)
		at org.apache.catalina.manager.ManagerServlet.reload(ManagerServlet.java:1101)
		at org.apache.catalina.manager.ManagerServlet.doGet(ManagerServlet.java:362)
		at javax.servlet.http.HttpServlet.service(HttpServlet.java:489)
		at javax.servlet.http.HttpServlet.service(HttpServlet.java:583)
		at org.apache.catalina.core.ApplicationFilterChain.internalDoFilter(ApplicationFilterChain.java:212)
		at org.apache.catalina.core.ApplicationFilterChain.doFilter(ApplicationFilterChain.java:156)
		at org.apache.tomcat.websocket.server.WsFilter.doFilter(WsFilter.java:51)
		at org.apache.catalina.core.ApplicationFilterChain.internalDoFilter(ApplicationFilterChain.java:181)
		at org.apache.catalina.core.ApplicationFilterChain.doFilter(ApplicationFilterChain.java:156)
		at org.apache.catalina.filters.HttpHeaderSecurityFilter.doFilter(HttpHeaderSecurityFilter.java:126)
		at org.apache.catalina.core.ApplicationFilterChain.internalDoFilter(ApplicationFilterChain.java:181)
		at org.apache.catalina.core.ApplicationFilterChain.doFilter(ApplicationFilterChain.java:156)
		at org.apache.catalina.filters.SetCharacterEncodingFilter.doFilter(SetCharacterEncodingFilter.java:115)
		at org.apache.catalina.core.ApplicationFilterChain.internalDoFilter(ApplicationFilterChain.java:181)
		at org.apache.catalina.core.ApplicationFilterChain.doFilter(ApplicationFilterChain.java:156)
		at org.apache.catalina.core.StandardWrapperValve.invoke(StandardWrapperValve.java:167)
		at org.apache.catalina.core.StandardContextValve.invoke(StandardContextValve.java:90)
		at org.apache.catalina.authenticator.AuthenticatorBase.invoke(AuthenticatorBase.java:598)
		at org.apache.catalina.valves.RequestFilterValve.process(RequestFilterValve.java:355)
		at org.apache.catalina.valves.RemoteAddrValve.invoke(RemoteAddrValve.java:54)
		at org.apache.catalina.core.StandardHostValve.invoke(StandardHostValve.java:130)
		at org.apache.catalina.valves.ErrorReportValve.invoke(ErrorReportValve.java:93)
		at org.apache.catalina.valves.AbstractAccessLogValve.invoke(AbstractAccessLogValve.java:682)
		at org.apache.catalina.core.StandardEngineValve.invoke(StandardEngineValve.java:74)
		at org.apache.catalina.connector.CoyoteAdapter.service(CoyoteAdapter.java:343)
		at org.apache.coyote.http11.Http11Processor.service(Http11Processor.java:617)
		at org.apache.coyote.AbstractProcessorLight.process(AbstractProcessorLight.java:63)
		at org.apache.coyote.AbstractProtocol$ConnectionHandler.process(AbstractProtocol.java:932)
		at org.apache.tomcat.util.net.NioEndpoint$SocketProcessor.doRun(NioEndpoint.java:1695)
		at org.apache.tomcat.util.net.SocketProcessorBase.run(SocketProcessorBase.java:52)
		at org.apache.tomcat.util.threads.ThreadPoolExecutor.runWorker(ThreadPoolExecutor.java:1191)
		at org.apache.tomcat.util.threads.ThreadPoolExecutor$Worker.run(ThreadPoolExecutor.java:659)
		at org.apache.tomcat.util.threads.TaskThread$WrappingRunnable.run(TaskThread.java:61)
		at java.base/java.lang.Thread.run(Thread.java:833)
10-Jun-2023 12:40:48.413 WARNING [http-nio-8080-exec-58] org.apache.catalina.session.StandardSession.doReadObject Cannot deserialize session attribute [reporteProducto] for session [02B3B8C55BBA2605C483612423B0FEFF]
10-Jun-2023 12:40:48.414 WARNING [http-nio-8080-exec-58] org.apache.catalina.session.StandardSession.doReadObject Cannot deserialize session attribute [reporteVentas] for session [02B3B8C55BBA2605C483612423B0FEFF]
10-Jun-2023 12:55:05.666 WARNING [localhost-startStop-2] org.apache.catalina.session.StandardSession.doWriteObject No puedo serializar atributo de sesión [reporteProducto] para sesión [02B3B8C55BBA2605C483612423B0FEFF]
	java.io.NotSerializableException: soft.cise.modeloDTO.reporteDTO
		at java.base/java.io.ObjectOutputStream.writeObject0(ObjectOutputStream.java:1202)
		at java.base/java.io.ObjectOutputStream.writeObject(ObjectOutputStream.java:362)
		at java.base/java.util.ArrayList.writeObject(ArrayList.java:866)
		at java.base/jdk.internal.reflect.DirectMethodHandleAccessor.invoke(DirectMethodHandleAccessor.java:104)
		at java.base/java.lang.reflect.Method.invoke(Method.java:577)
		at java.base/java.io.ObjectStreamClass.invokeWriteObject(ObjectStreamClass.java:1201)
		at java.base/java.io.ObjectOutputStream.writeSerialData(ObjectOutputStream.java:1531)
		at java.base/java.io.ObjectOutputStream.writeOrdinaryObject(ObjectOutputStream.java:1453)
		at java.base/java.io.ObjectOutputStream.writeObject0(ObjectOutputStream.java:1196)
		at java.base/java.io.ObjectOutputStream.writeObject(ObjectOutputStream.java:362)
		at org.apache.catalina.session.StandardSession.doWriteObject(StandardSession.java:1756)
		at org.apache.catalina.session.StandardSession.writeObjectData(StandardSession.java:1067)
		at org.apache.catalina.session.StandardManager.doUnload(StandardManager.java:317)
		at org.apache.catalina.session.StandardManager.unload(StandardManager.java:268)
		at org.apache.catalina.session.StandardManager.stopInternal(StandardManager.java:384)
		at org.apache.catalina.util.LifecycleBase.stop(LifecycleBase.java:257)
		at org.apache.catalina.core.StandardContext.stopInternal(StandardContext.java:5174)
		at org.apache.catalina.util.LifecycleBase.stop(LifecycleBase.java:257)
		at org.apache.catalina.core.ContainerBase$StopChild.call(ContainerBase.java:1378)
		at org.apache.catalina.core.ContainerBase$StopChild.call(ContainerBase.java:1367)
		at java.base/java.util.concurrent.FutureTask.run(FutureTask.java:264)
		at java.base/java.util.concurrent.ThreadPoolExecutor.runWorker(ThreadPoolExecutor.java:1136)
		at java.base/java.util.concurrent.ThreadPoolExecutor$Worker.run(ThreadPoolExecutor.java:635)
		at java.base/java.lang.Thread.run(Thread.java:833)
10-Jun-2023 12:55:05.666 WARNING [localhost-startStop-2] org.apache.catalina.session.StandardSession.doWriteObject No puedo serializar atributo de sesión [reporteVentas] para sesión [02B3B8C55BBA2605C483612423B0FEFF]
	java.io.NotSerializableException: soft.cise.modeloDTO.reporteVentasDTO
		at java.base/java.io.ObjectOutputStream.writeObject0(ObjectOutputStream.java:1202)
		at java.base/java.io.ObjectOutputStream.writeObject(ObjectOutputStream.java:362)
		at java.base/java.util.ArrayList.writeObject(ArrayList.java:866)
		at java.base/jdk.internal.reflect.DirectMethodHandleAccessor.invoke(DirectMethodHandleAccessor.java:104)
		at java.base/java.lang.reflect.Method.invoke(Method.java:577)
		at java.base/java.io.ObjectStreamClass.invokeWriteObject(ObjectStreamClass.java:1201)
		at java.base/java.io.ObjectOutputStream.writeSerialData(ObjectOutputStream.java:1531)
		at java.base/java.io.ObjectOutputStream.writeOrdinaryObject(ObjectOutputStream.java:1453)
		at java.base/java.io.ObjectOutputStream.writeObject0(ObjectOutputStream.java:1196)
		at java.base/java.io.ObjectOutputStream.writeObject(ObjectOutputStream.java:362)
		at org.apache.catalina.session.StandardSession.doWriteObject(StandardSession.java:1756)
		at org.apache.catalina.session.StandardSession.writeObjectData(StandardSession.java:1067)
		at org.apache.catalina.session.StandardManager.doUnload(StandardManager.java:317)
		at org.apache.catalina.session.StandardManager.unload(StandardManager.java:268)
		at org.apache.catalina.session.StandardManager.stopInternal(StandardManager.java:384)
		at org.apache.catalina.util.LifecycleBase.stop(LifecycleBase.java:257)
		at org.apache.catalina.core.StandardContext.stopInternal(StandardContext.java:5174)
		at org.apache.catalina.util.LifecycleBase.stop(LifecycleBase.java:257)
		at org.apache.catalina.core.ContainerBase$StopChild.call(ContainerBase.java:1378)
		at org.apache.catalina.core.ContainerBase$StopChild.call(ContainerBase.java:1367)
		at java.base/java.util.concurrent.FutureTask.run(FutureTask.java:264)
		at java.base/java.util.concurrent.ThreadPoolExecutor.runWorker(ThreadPoolExecutor.java:1136)
		at java.base/java.util.concurrent.ThreadPoolExecutor$Worker.run(ThreadPoolExecutor.java:635)
		at java.base/java.lang.Thread.run(Thread.java:833)
10-Jun-2023 12:55:05.668 INFO [localhost-startStop-2] org.apache.catalina.core.ApplicationContext.log SessionListener: contextDestroyed()
10-Jun-2023 12:55:05.668 INFO [localhost-startStop-2] org.apache.catalina.core.ApplicationContext.log ContextListener: contextDestroyed()
